#
# A fatal error has been detected by the Java Runtime Environment:
#
#  SIGSEGV (0xb) at pc=0xb6642e48, pid=1534, tid=1592
#
# JRE version: OpenJDK Runtime Environment (9.0) (build 9-internal+0-2016-04-14-195526.buildd.src)
# Java VM: OpenJDK Server VM (9-internal+0-2016-04-14-195526.buildd.src, mixed mode, tiered, g1 gc, linux-x86)
# Problematic frame:
# C  [libjava.so+0x18e48]  JNU_GetEnv+0x18
#
# Core dump will be written. Default location: Core dumps may be processed with "/usr/share/apport/apport %p %s %c %P" (or dumping to /home/joseph/MEGA/Prouveurs/dist/core.1534)
#
# If you would like to submit a bug report, please visit:
#   http://bugreport.java.com/bugreport/crash.jsp
# The crash happened outside the Java Virtual Machine in native code.
# See problematic frame for where to report the bug.
#

---------------  S U M M A R Y ------------

Command Line: panda.jar

Host: Pentium(R) Dual-Core  CPU      E5200  @ 2.50GHz, 2 cores, 3G, Ubuntu 16.04 LTS
Time: Tue Nov  1 19:22:00 2016 CET elapsed time: 47 seconds (0d 0h 0m 47s)

---------------  T H R E A D  ---------------

Current thread (0x642fbc00):  JavaThread "AWT-EventQueue-0" [_thread_in_native, id=1592, stack(0x639e9000,0x63a3a000)]

Stack: [0x639e9000,0x63a3a000],  sp=0x63a3758c,  free space=313k
Native frames: (J=compiled Java code, j=interpreted, Vv=VM code, C=native code)
C  [libjava.so+0x18e48]  JNU_GetEnv+0x18
C  [libfontmanager.so+0x2faf5]
C  [libfreetype.so.6+0xf4dc]  FT_Stream_Seek+0x1c

Java frames: (J=compiled Java code, j=interpreted, Vv=VM code)
j  sun.font.FreetypeFontScaler.initNativeScaler(Lsun/font/Font2D;IIZI)J+0 java.desktop@9-internal
j  sun.font.FreetypeFontScaler.<init>(Lsun/font/Font2D;IZI)V+26 java.desktop@9-internal
v  ~StubRoutines::call_stub
j  sun.reflect.NativeConstructorAccessorImpl.newInstance0(Ljava/lang/reflect/Constructor;[Ljava/lang/Object;)Ljava/lang/Object;+0 java.base@9-internal
j  sun.reflect.NativeConstructorAccessorImpl.newInstance([Ljava/lang/Object;)Ljava/lang/Object;+85 java.base@9-internal
J 1301 C1  java.base@9-internal9-internal (9 bytes) @ 0xa7ab92f8 [0xa7ab92a0+0x00000058]
J 1278 C1  java.base@9-internal9-internal (73 bytes) @ 0xa7ab1930 [0xa7ab1860+0x000000d0]
j  sun.font.FontScaler.getScaler(Lsun/font/Font2D;IZI)Lsun/font/FontScaler;+39 java.desktop@9-internal
j  sun.font.TrueTypeFont.getScaler()Lsun/font/FontScaler;+21 java.desktop@9-internal
j  sun.font.FileFontStrike.<init>(Lsun/font/FileFont;Lsun/font/FontStrikeDesc;)V+204 java.desktop@9-internal
j  sun.font.FileFont.createStrike(Lsun/font/FontStrikeDesc;)Lsun/font/FontStrike;+18 java.desktop@9-internal
j  sun.font.Font2D.getStrike(Lsun/font/FontStrikeDesc;Z)Lsun/font/FontStrike;+92 java.desktop@9-internal
j  sun.font.Font2D.getStrike(Lsun/font/FontStrikeDesc;)Lsun/font/FontStrike;+3 java.desktop@9-internal
j  sun.font.CompositeStrike.getStrikeForSlot(I)Lsun/font/PhysicalStrike;+23 java.desktop@9-internal
j  sun.font.CompositeStrike.getFontMetrics()Lsun/font/StrikeMetrics;+31 java.desktop@9-internal
j  sun.font.FontDesignMetrics.initMatrixAndMetrics()V+28 java.desktop@9-internal
j  sun.font.FontDesignMetrics.<init>(Ljava/awt/Font;Ljava/awt/font/FontRenderContext;)V+62 java.desktop@9-internal
j  sun.font.FontDesignMetrics.getMetrics(Ljava/awt/Font;Ljava/awt/font/FontRenderContext;)Lsun/font/FontDesignMetrics;+128 java.desktop@9-internal
j  sun.swing.SwingUtilities2.getFontMetrics(Ljavax/swing/JComponent;Ljava/awt/Font;)Ljava/awt/FontMetrics;+15 java.desktop@9-internal
j  javax.swing.JComponent.getFontMetrics(Ljava/awt/Font;)Ljava/awt/FontMetrics;+2 java.desktop@9-internal
j  javax.swing.plaf.basic.BasicGraphicsUtils.getPreferredButtonSize(Ljavax/swing/AbstractButton;I)Ljava/awt/Dimension;+28 java.desktop@9-internal
j  javax.swing.plaf.basic.BasicButtonUI.getPreferredSize(Ljavax/swing/JComponent;)Ljava/awt/Dimension;+10 java.desktop@9-internal
j  javax.swing.plaf.basic.BasicButtonUI.getMinimumSize(Ljavax/swing/JComponent;)Ljava/awt/Dimension;+2 java.desktop@9-internal
j  javax.swing.JComponent.getMinimumSize()Ljava/awt/Dimension;+26 java.desktop@9-internal
j  javax.swing.BoxLayout.checkRequests()V+105 java.desktop@9-internal
j  javax.swing.BoxLayout.minimumLayoutSize(Ljava/awt/Container;)Ljava/awt/Dimension;+10 java.desktop@9-internal
j  java.awt.Container.minimumSize()Ljava/awt/Dimension;+43 java.desktop@9-internal
j  java.awt.Container.getMinimumSize()Ljava/awt/Dimension;+1 java.desktop@9-internal
j  javax.swing.JComponent.getMinimumSize()Ljava/awt/Dimension;+39 java.desktop@9-internal
j  javax.swing.BoxLayout.checkRequests()V+105 java.desktop@9-internal
j  javax.swing.BoxLayout.preferredLayoutSize(Ljava/awt/Container;)Ljava/awt/Dimension;+10 java.desktop@9-internal
j  java.awt.Container.preferredSize()Ljava/awt/Dimension;+43 java.desktop@9-internal
j  java.awt.Container.getPreferredSize()Ljava/awt/Dimension;+1 java.desktop@9-internal
j  javax.swing.JComponent.getPreferredSize()Ljava/awt/Dimension;+39 java.desktop@9-internal
j  java.awt.BorderLayout.preferredLayoutSize(Ljava/awt/Container;)Ljava/awt/Dimension;+157 java.desktop@9-internal
j  java.awt.Container.preferredSize()Ljava/awt/Dimension;+43 java.desktop@9-internal
j  java.awt.Container.getPreferredSize()Ljava/awt/Dimension;+1 java.desktop@9-internal
j  javax.swing.JComponent.getPreferredSize()Ljava/awt/Dimension;+39 java.desktop@9-internal
j  javax.swing.JRootPane$RootLayout.preferredLayoutSize(Ljava/awt/Container;)Ljava/awt/Dimension;+26 java.desktop@9-internal
j  java.awt.Container.preferredSize()Ljava/awt/Dimension;+43 java.desktop@9-internal
j  java.awt.Container.getPreferredSize()Ljava/awt/Dimension;+1 java.desktop@9-internal
j  javax.swing.JComponent.getPreferredSize()Ljava/awt/Dimension;+39 java.desktop@9-internal
j  java.awt.BorderLayout.preferredLayoutSize(Ljava/awt/Container;)Ljava/awt/Dimension;+157 java.desktop@9-internal
j  java.awt.Container.preferredSize()Ljava/awt/Dimension;+43 java.desktop@9-internal
j  java.awt.Container.getPreferredSize()Ljava/awt/Dimension;+1 java.desktop@9-internal
j  java.awt.Window.pack()V+32 java.desktop@9-internal
j  org.jdesktop.application.SingleFrameApplication.initRootPaneContainer(Ljavax/swing/RootPaneContainer;)V+176
j  org.jdesktop.application.SingleFrameApplication.show(Lorg/jdesktop/application/View;)V+35
j  panda.MrnatureApp.startup()V+9
j  org.jdesktop.application.Application$1.run()V+24
j  java.awt.event.InvocationEvent.dispatch()V+47 java.desktop@9-internal
j  java.awt.EventQueue.dispatchEventImpl(Ljava/awt/AWTEvent;Ljava/lang/Object;)V+21 java.desktop@9-internal
j  java.awt.EventQueue.access$500(Ljava/awt/EventQueue;Ljava/awt/AWTEvent;Ljava/lang/Object;)V+3 java.desktop@9-internal
j  java.awt.EventQueue$3.run()Ljava/lang/Void;+32 java.desktop@9-internal
j  java.awt.EventQueue$3.run()Ljava/lang/Object;+1 java.desktop@9-internal
v  ~StubRoutines::call_stub
j  java.security.AccessController.doPrivileged(Ljava/security/PrivilegedAction;Ljava/security/AccessControlContext;)Ljava/lang/Object;+0 java.base@9-internal
j  java.security.ProtectionDomain$JavaSecurityAccessImpl.doIntersectionPrivilege(Ljava/security/PrivilegedAction;Ljava/security/AccessControlContext;Ljava/security/AccessControlContext;)Ljava/lang/Object;+18 java.base@9-internal
j  java.awt.EventQueue.dispatchEvent(Ljava/awt/AWTEvent;)V+46 java.desktop@9-internal
j  java.awt.EventDispatchThread.pumpOneEventForFilters(I)V+183 java.desktop@9-internal
j  java.awt.EventDispatchThread.pumpEventsForFilter(ILjava/awt/Conditional;Ljava/awt/EventFilter;)V+35 java.desktop@9-internal
j  java.awt.EventDispatchThread.pumpEventsForHierarchy(ILjava/awt/Conditional;Ljava/awt/Component;)V+11 java.desktop@9-internal
j  java.awt.EventDispatchThread.pumpEvents(ILjava/awt/Conditional;)V+4 java.desktop@9-internal
j  java.awt.EventDispatchThread.pumpEvents(Ljava/awt/Conditional;)V+3 java.desktop@9-internal
j  java.awt.EventDispatchThread.run()V+9 java.desktop@9-internal
v  ~StubRoutines::call_stub

siginfo: si_signo: 11 (SIGSEGV), si_code: 1 (SEGV_MAPERR), si_addr: 0x00000000

Register to memory mapping:

EAX=0x00000000 is an unknown value
EBX=0x63ccc000: <offset 0x000c4000> in /usr/lib/jvm/java-9-openjdk-i386/lib/i386/libfontmanager.so at 0x63c08000
ECX=0x00010002 is an unknown value
EDX=0x00000000 is an unknown value
ESP=0x63a3758c is pointing into the stack for thread: 0x642fbc00
EBP=0x63a375a8 is pointing into the stack for thread: 0x642fbc00
ESI=0x00000000 is an unknown value
EDI=0x00000000 is an unknown value


Registers:
EAX=0x00000000, EBX=0x63ccc000, ECX=0x00010002, EDX=0x00000000
ESP=0x63a3758c, EBP=0x63a375a8, ESI=0x00000000, EDI=0x00000000
EIP=0xb6642e48, EFLAGS=0x00010246, CR2=0x0000000000000000

Top of Stack: (sp=0x63a3758c)
0x63a3758c:   00000000 63a375d8 b778df10 63bcec9b
0x63a3759c:   47cc3a00 00000000 64250268 63a375d8
0x63a375ac:   63c37af5 00000000 00010002 b774c7ac
0x63a375bc:   0966bc54 b779d000 64250518 63b660b9
0x63a375cc:   0a4536d0 00000000 00000000 097e6538
0x63a375dc:   63b674dc 0a4536d0 00000000 00000000
0x63a375ec:   00000000 b774c000 63c07000 0a4536d0
0x63a375fc:   63b7b2b8 0a4536d0 00000000 00000001 

Instructions: (pc=0xb6642e48)
0xb6642e28:   ff eb f3 90 8d 74 26 00 55 89 e5 83 ec 1c 8b 45
0xb6642e38:   08 65 8b 15 14 00 00 00 89 55 f4 31 d2 8b 4d 0c
0xb6642e48:   8b 10 51 8d 4d f0 51 50 ff 52 18 8b 45 f0 8b 4d
0xb6642e58:   f4 65 33 0d 14 00 00 00 75 02 c9 c3 e8 c7 5b 00 


---------------  P R O C E S S  ---------------

Java Threads: ( => current thread )
  0x0991c800 JavaThread "TimerQueue" daemon [_thread_blocked, id=1667, stack(0x6290d000,0x6295e000)]
  0x09801400 JavaThread "SwingWorker-pool-2-thread-1" daemon [_thread_blocked, id=1666, stack(0x6295e000,0x629af000)]
  0x0985d000 JavaThread "Image Fetcher 1" daemon [_thread_blocked, id=1665, stack(0x63847000,0x63898000)]
  0x0985cc00 JavaThread "Image Fetcher 3" daemon [_thread_blocked, id=1664, stack(0x629af000,0x62a00000)]
  0x09ac0c00 JavaThread "SeedGenerator Thread" daemon [_thread_blocked, id=1601, stack(0x63898000,0x638e9000)]
  0xb650b400 JavaThread "DestroyJavaVM" [_thread_blocked, id=1536, stack(0xb665b000,0xb66ac000)]
=>0x642fbc00 JavaThread "AWT-EventQueue-0" [_thread_in_native, id=1592, stack(0x639e9000,0x63a3a000)]
  0x642fac00 JavaThread "AWT-Shutdown" [_thread_blocked, id=1591, stack(0x63a3a000,0x63a8b000)]
  0x642f9400 JavaThread "AWT-XAWT" daemon [_thread_in_native, id=1590, stack(0x63a8b000,0x63adc000)]
  0x642e4800 JavaThread "Java2D Disposer" daemon [_thread_blocked, id=1588, stack(0x63adc000,0x63b2d000)]
  0x64215000 JavaThread "Service Thread" daemon [_thread_blocked, id=1565, stack(0x64621000,0x64672000)]
  0x6450f400 JavaThread "Common-Cleaner" daemon [_thread_blocked, id=1563, stack(0x64672000,0x646c3000)]
  0xb65fac00 JavaThread "Sweeper thread" daemon [_thread_blocked, id=1558, stack(0x646c3000,0x64714000)]
  0xb65f9800 JavaThread "C1 CompilerThread2" daemon [_thread_blocked, id=1557, stack(0x64714000,0x64795000)]
  0xb65f8000 JavaThread "C2 CompilerThread1" daemon [_thread_blocked, id=1556, stack(0x64795000,0x64816000)]
  0xb65f6800 JavaThread "C2 CompilerThread0" daemon [_thread_blocked, id=1555, stack(0x64816000,0x64897000)]
  0xb65f5400 JavaThread "Signal Dispatcher" daemon [_thread_blocked, id=1554, stack(0x64897000,0x648e8000)]
  0xb65f3800 JavaThread "Surrogate Locker Thread (Concurrent GC)" daemon [_thread_blocked, id=1553, stack(0x648e8000,0x64939000)]
  0xb65e1000 JavaThread "Finalizer" daemon [_thread_blocked, id=1548, stack(0x64b39000,0x64b8a000)]
  0xb65df800 JavaThread "Reference Handler" daemon [_thread_blocked, id=1547, stack(0x64b8a000,0x64bdb000)]

Other Threads:
  0xb65da800 VMThread [stack: 0x64bdb000,0x64c5c000] [id=1545]
  0x6422d000 WatcherThread [stack: 0x6417f000,0x64200000] [id=1566]

Threads with active compile tasks:

VM state:not at safepoint (normal execution)

VM Mutex/Monitor currently owned by a thread: None

Heap:
 garbage-first heap   total 65536K, used 10687K [0x67800000, 0x67900100, 0xa6a00000)
  region size 1024K, 3 young (3072K), 1 survivors (1024K)
 Metaspace       used 14509K, capacity 15059K, committed 15128K, reserved 15664K

Heap Regions: E=young(eden), S=young(survivor), O=old, HS=humongous(starts), HC=humongous(continues), CS=collection set, F=free, A=archive, TS=gc time stamp, AC=allocation context, TAMS=top-at-mark-start (previous, next)
|   0|0x67800000, 0x67900000, 0x67900000|100%| O|  |TS  3|AC  0|TAMS 0x67800000, 0x67800000|
|   1|0x67900000, 0x67a00000, 0x67a00000|100%| O|  |TS  3|AC  0|TAMS 0x67900000, 0x67900000|
|   2|0x67a00000, 0x67b00000, 0x67b00000|100%| O|  |TS  3|AC  0|TAMS 0x67a00000, 0x67a00000|
|   3|0x67b00000, 0x67c00000, 0x67c00000|100%| O|  |TS  5|AC  0|TAMS 0x67b00000, 0x67b00000|
|   4|0x67c00000, 0x67d00000, 0x67d00000|100%| O|  |TS  5|AC  0|TAMS 0x67c00000, 0x67c00000|
|   5|0x67d00000, 0x67e00000, 0x67e00000|100%| O|  |TS  5|AC  0|TAMS 0x67d00000, 0x67d00000|
|   6|0x67e00000, 0x67f00000, 0x67f00000|100%| O|  |TS  5|AC  0|TAMS 0x67e00000, 0x67e00000|
|   7|0x67f00000, 0x68000000, 0x68000000|100%| O|  |TS  5|AC  0|TAMS 0x67f00000, 0x67f00000|
|   8|0x68000000, 0x680afe00, 0x68100000| 68%| O|  |TS  5|AC  0|TAMS 0x68000000, 0x68000000|
|   9|0x68100000, 0x68100000, 0x68200000|  0%| F|  |TS  0|AC  0|TAMS 0x68100000, 0x68100000|
|  10|0x68200000, 0x68200000, 0x68300000|  0%| F|  |TS  0|AC  0|TAMS 0x68200000, 0x68200000|
|  11|0x68300000, 0x68300000, 0x68400000|  0%| F|  |TS  0|AC  0|TAMS 0x68300000, 0x68300000|
|  12|0x68400000, 0x68400000, 0x68500000|  0%| F|  |TS  0|AC  0|TAMS 0x68400000, 0x68400000|
|  13|0x68500000, 0x68500000, 0x68600000|  0%| F|  |TS  0|AC  0|TAMS 0x68500000, 0x68500000|
|  14|0x68600000, 0x68600000, 0x68700000|  0%| F|  |TS  0|AC  0|TAMS 0x68600000, 0x68600000|
|  15|0x68700000, 0x68700000, 0x68800000|  0%| F|  |TS  0|AC  0|TAMS 0x68700000, 0x68700000|
|  16|0x68800000, 0x68800000, 0x68900000|  0%| F|  |TS  0|AC  0|TAMS 0x68800000, 0x68800000|
|  17|0x68900000, 0x68900000, 0x68a00000|  0%| F|  |TS  0|AC  0|TAMS 0x68900000, 0x68900000|
|  18|0x68a00000, 0x68a00000, 0x68b00000|  0%| F|  |TS  0|AC  0|TAMS 0x68a00000, 0x68a00000|
|  19|0x68b00000, 0x68b00000, 0x68c00000|  0%| F|  |TS  0|AC  0|TAMS 0x68b00000, 0x68b00000|
|  20|0x68c00000, 0x68c00000, 0x68d00000|  0%| F|  |TS  0|AC  0|TAMS 0x68c00000, 0x68c00000|
|  21|0x68d00000, 0x68d00000, 0x68e00000|  0%| F|  |TS  3|AC  0|TAMS 0x68d00000, 0x68d00000|
|  22|0x68e00000, 0x68e00000, 0x68f00000|  0%| F|  |TS  3|AC  0|TAMS 0x68e00000, 0x68e00000|
|  23|0x68f00000, 0x68f00000, 0x69000000|  0%| F|  |TS  3|AC  0|TAMS 0x68f00000, 0x68f00000|
|  24|0x69000000, 0x69000000, 0x69100000|  0%| F|  |TS  3|AC  0|TAMS 0x69000000, 0x69000000|
|  25|0x69100000, 0x69100000, 0x69200000|  0%| F|  |TS  3|AC  0|TAMS 0x69100000, 0x69100000|
|  26|0x69200000, 0x69200000, 0x69300000|  0%| F|  |TS  0|AC  0|TAMS 0x69200000, 0x69200000|
|  27|0x69300000, 0x69300000, 0x69400000|  0%| F|  |TS  0|AC  0|TAMS 0x69300000, 0x69300000|
|  28|0x69400000, 0x69400000, 0x69500000|  0%| F|  |TS  0|AC  0|TAMS 0x69400000, 0x69400000|
|  29|0x69500000, 0x69500000, 0x69600000|  0%| F|  |TS  0|AC  0|TAMS 0x69500000, 0x69500000|
|  30|0x69600000, 0x69600000, 0x69700000|  0%| F|  |TS  0|AC  0|TAMS 0x69600000, 0x69600000|
|  31|0x69700000, 0x69700000, 0x69800000|  0%| F|  |TS  0|AC  0|TAMS 0x69700000, 0x69700000|
|  32|0x69800000, 0x69800000, 0x69900000|  0%| F|  |TS  0|AC  0|TAMS 0x69800000, 0x69800000|
|  33|0x69900000, 0x69900000, 0x69a00000|  0%| F|  |TS  0|AC  0|TAMS 0x69900000, 0x69900000|
|  34|0x69a00000, 0x69a00000, 0x69b00000|  0%| F|  |TS  0|AC  0|TAMS 0x69a00000, 0x69a00000|
|  35|0x69b00000, 0x69b00000, 0x69c00000|  0%| F|  |TS  0|AC  0|TAMS 0x69b00000, 0x69b00000|
|  36|0x69c00000, 0x69c00000, 0x69d00000|  0%| F|  |TS  0|AC  0|TAMS 0x69c00000, 0x69c00000|
|  37|0x69d00000, 0x69d00000, 0x69e00000|  0%| F|  |TS  0|AC  0|TAMS 0x69d00000, 0x69d00000|
|  38|0x69e00000, 0x69e00000, 0x69f00000|  0%| F|  |TS  0|AC  0|TAMS 0x69e00000, 0x69e00000|
|  39|0x69f00000, 0x69f00000, 0x6a000000|  0%| F|  |TS  0|AC  0|TAMS 0x69f00000, 0x69f00000|
|  40|0x6a000000, 0x6a000000, 0x6a100000|  0%| F|  |TS  0|AC  0|TAMS 0x6a000000, 0x6a000000|
|  41|0x6a100000, 0x6a100000, 0x6a200000|  0%| F|  |TS  0|AC  0|TAMS 0x6a100000, 0x6a100000|
|  42|0x6a200000, 0x6a200000, 0x6a300000|  0%| F|  |TS  0|AC  0|TAMS 0x6a200000, 0x6a200000|
|  43|0x6a300000, 0x6a300000, 0x6a400000|  0%| F|  |TS  0|AC  0|TAMS 0x6a300000, 0x6a300000|
|  44|0x6a400000, 0x6a400000, 0x6a500000|  0%| F|  |TS  0|AC  0|TAMS 0x6a400000, 0x6a400000|
|  45|0x6a500000, 0x6a500000, 0x6a600000|  0%| F|  |TS  0|AC  0|TAMS 0x6a500000, 0x6a500000|
|  46|0x6a600000, 0x6a600000, 0x6a700000|  0%| F|  |TS  0|AC  0|TAMS 0x6a600000, 0x6a600000|
|  47|0x6a700000, 0x6a700000, 0x6a800000|  0%| F|  |TS  0|AC  0|TAMS 0x6a700000, 0x6a700000|
|  48|0x6a800000, 0x6a800000, 0x6a900000|  0%| F|  |TS  0|AC  0|TAMS 0x6a800000, 0x6a800000|
|  49|0x6a900000, 0x6a900000, 0x6aa00000|  0%| F|  |TS  0|AC  0|TAMS 0x6a900000, 0x6a900000|
|  50|0x6aa00000, 0x6aa00000, 0x6ab00000|  0%| F|  |TS  0|AC  0|TAMS 0x6aa00000, 0x6aa00000|
|  51|0x6ab00000, 0x6ab00000, 0x6ac00000|  0%| F|  |TS  0|AC  0|TAMS 0x6ab00000, 0x6ab00000|
|  52|0x6ac00000, 0x6ac00000, 0x6ad00000|  0%| F|  |TS  0|AC  0|TAMS 0x6ac00000, 0x6ac00000|
|  53|0x6ad00000, 0x6ad00000, 0x6ae00000|  0%| F|  |TS  0|AC  0|TAMS 0x6ad00000, 0x6ad00000|
|  54|0x6ae00000, 0x6ae00000, 0x6af00000|  0%| F|  |TS  0|AC  0|TAMS 0x6ae00000, 0x6ae00000|
|  55|0x6af00000, 0x6af00000, 0x6b000000|  0%| F|  |TS  0|AC  0|TAMS 0x6af00000, 0x6af00000|
|  56|0x6b000000, 0x6b000000, 0x6b100000|  0%| F|  |TS  0|AC  0|TAMS 0x6b000000, 0x6b000000|
|  57|0x6b100000, 0x6b100000, 0x6b200000|  0%| F|  |TS  0|AC  0|TAMS 0x6b100000, 0x6b100000|
|  58|0x6b200000, 0x6b200000, 0x6b300000|  0%| F|  |TS  0|AC  0|TAMS 0x6b200000, 0x6b200000|
|  59|0x6b300000, 0x6b300000, 0x6b400000|  0%| F|  |TS  0|AC  0|TAMS 0x6b300000, 0x6b300000|
|  60|0x6b400000, 0x6b4c0000, 0x6b500000| 75%| S|CS|TS  5|AC  0|TAMS 0x6b400000, 0x6b400000|
|  61|0x6b500000, 0x6b500000, 0x6b600000|  0%| F|  |TS  0|AC  0|TAMS 0x6b500000, 0x6b500000|
|  62|0x6b600000, 0x6b6fe010, 0x6b700000| 99%| E|  |TS  0|AC  0|TAMS 0x6b600000, 0x6b600000|
|  63|0x6b700000, 0x6b800000, 0x6b800000|100%| E|CS|TS  0|AC  0|TAMS 0x6b700000, 0x6b700000|

Card table byte_map: [0x6740e000,0x67607000] byte_map_base: 0x670d2000

Marking Bits (Prev, Next): (CMBitMap*) 0xb654b9e4, (CMBitMap*) 0xb654ba10
 Prev Bits: [0x6624d000, 0x67215000)
 Next Bits: [0x65285000, 0x6624d000)

Polling page: 0xb7755000

CodeHeap 'non-nmethods': size=5412Kb used=771Kb max_used=787Kb free=4640Kb
 bounds [0xa730a000, 0xa754a000, 0xa7853000]
CodeHeap 'profiled nmethods': size=120172Kb used=4577Kb max_used=4665Kb free=115594Kb
 bounds [0xa7853000, 0xa7ceb000, 0xaedae000]
CodeHeap 'non-profiled nmethods': size=120176Kb used=765Kb max_used=805Kb free=119410Kb
 bounds [0xaedae000, 0xaefee000, 0xb630a000]
 total_blobs=3275 nmethods=2132 adapters=221
 compilation: enabled

Compilation events (10 events):
Event: 47,228 Thread 0xb65f9800 2444       1       java.awt.Container::getLayout (5 bytes)
Event: 47,228 Thread 0xb65f9800 nmethod 2444 0xaedeaf08 code [0xaedeb000, 0xaedeb0a0]
Event: 47,228 Thread 0xb65f9800 2445       3       java.awt.Toolkit::enabledOnToolkit (16 bytes)
Event: 47,228 Thread 0xb65f9800 nmethod 2445 0xa78d4988 code [0xa78d4aa0, 0xa78d4bc0]
Event: 47,228 Thread 0xb65f9800 2446       1       java.awt.Component::isMinimumSizeSet (5 bytes)
Event: 47,228 Thread 0xb65f9800 nmethod 2446 0xaedead08 code [0xaedeae00, 0xaedeaea0]
Event: 47,228 Thread 0xb65f9800 2447       1       java.awt.Component::isPreferredSizeSet (5 bytes)
Event: 47,229 Thread 0xb65f9800 nmethod 2447 0xaedeab08 code [0xaedeac00, 0xaedeaca0]
Event: 47,229 Thread 0xb65f9800 2448       1       java.awt.Component::isMaximumSizeSet (5 bytes)
Event: 47,229 Thread 0xb65f9800 nmethod 2448 0xaedea908 code [0xaedeaa00, 0xaedeaaa0]

GC Heap History (6 events):
Event: 15,394 GC heap before
{Heap before GC invocations=0 (full 0):
 garbage-first heap   total 65536K, used 3072K [0x67800000, 0x67900100, 0xa6a00000)
  region size 1024K, 3 young (3072K), 0 survivors (0K)
 Metaspace       used 3855K, capacity 3922K, committed 3992K, reserved 4400K
}
Event: 15,401 GC heap after
{Heap after GC invocations=1 (full 0):
 garbage-first heap   total 65536K, used 1459K [0x67800000, 0x67900100, 0xa6a00000)
  region size 1024K, 1 young (1024K), 1 survivors (1024K)
 Metaspace       used 3855K, capacity 3922K, committed 3992K, reserved 4400K
}
Event: 45,932 GC heap before
{Heap before GC invocations=1 (full 0):
 garbage-first heap   total 65536K, used 39347K [0x67800000, 0x67900100, 0xa6a00000)
  region size 1024K, 38 young (38912K), 1 survivors (1024K)
 Metaspace       used 12992K, capacity 13512K, committed 13592K, reserved 13616K
}
Event: 45,983 GC heap after
{Heap after GC invocations=2 (full 0):
 garbage-first heap   total 65536K, used 8895K [0x67800000, 0x67900100, 0xa6a00000)
  region size 1024K, 5 young (5120K), 5 survivors (5120K)
 Metaspace       used 12992K, capacity 13512K, committed 13592K, reserved 13616K
}
Event: 46,201 GC heap before
{Heap before GC invocations=2 (full 0):
 garbage-first heap   total 65536K, used 11967K [0x67800000, 0x67900100, 0xa6a00000)
  region size 1024K, 8 young (8192K), 5 survivors (5120K)
 Metaspace       used 13018K, capacity 13520K, committed 13592K, reserved 13616K
}
Event: 46,241 GC heap after
{Heap after GC invocations=3 (full 0):
 garbage-first heap   total 65536K, used 9663K [0x67800000, 0x67900100, 0xa6a00000)
  region size 1024K, 1 young (1024K), 1 survivors (1024K)
 Metaspace       used 13018K, capacity 13520K, committed 13592K, reserved 13616K
}

Deoptimization events (10 events):
Event: 46,533 Thread 0x642fbc00 Uncommon trap: reason=class_check action=maybe_recompile pc=0xaee4fc88 method=java.lang.String.equals(Ljava/lang/Object;)Z @ 8
Event: 46,533 Thread 0x642fbc00 Uncommon trap: reason=class_check action=maybe_recompile pc=0xaee4fc88 method=java.lang.String.equals(Ljava/lang/Object;)Z @ 8
Event: 46,533 Thread 0x642fbc00 Uncommon trap: reason=class_check action=maybe_recompile pc=0xaee4fc88 method=java.lang.String.equals(Ljava/lang/Object;)Z @ 8
Event: 46,565 Thread 0x642fbc00 Uncommon trap: reason=unstable_if action=reinterpret pc=0xaee71054 method=java.util.Properties.loadConvert([CII[C)Ljava/lang/String; @ 57
Event: 46,566 Thread 0x642fbc00 Uncommon trap: reason=unstable_if action=reinterpret pc=0xaee3ca6c method=java.util.Properties.loadConvert([CII[C)Ljava/lang/String; @ 57
Event: 46,648 Thread 0x642fbc00 Uncommon trap: reason=unstable_if action=reinterpret pc=0xaee60374 method=java.lang.StringLatin1.canEncode(I)Z @ 4
Event: 46,648 Thread 0x642fbc00 Uncommon trap: reason=unstable_if action=reinterpret pc=0xaee5f954 method=java.lang.AbstractStringBuilder.isLatin1()Z @ 10
Event: 46,648 Thread 0x642fbc00 Uncommon trap: reason=unstable_if action=reinterpret pc=0xaedb50bc method=java.lang.AbstractStringBuilder.isLatin1()Z @ 10
Event: 46,833 Thread 0x642fbc00 Uncommon trap: reason=unstable_if action=reinterpret pc=0xaee4c7a4 method=java.lang.StringCoding.encodeUTF8(B[B)[B @ 31
Event: 47,339 Thread 0x642fbc00 Uncommon trap: reason=unstable_if action=reinterpret pc=0xaedea230 method=java.lang.ref.SoftReference.get()Ljava/lang/Object; @ 6

Classes redefined (0 events):
No events

Internal exceptions (10 events):
Event: 29,961 Thread 0x642fbc00 Implicit null exception at 0xaedb058b to 0xaedb05d0
Event: 44,620 Thread 0x0985cc00 Exception <a 'java/lang/InterruptedException': sleep interrupted> (0x699e4ac0) thrown at [/build/openjdk-9-GMfJKp/openjdk-9-9~b114/src/hotspot/src/share/vm/prims/jvm.cpp, line 3065]
Event: 44,779 Thread 0x642fbc00 Exception <a 'java/lang/NoSuchMethodError': java.lang.Object.of([Ljava/lang/Object;)Ljava/util/stream/Stream;> (0x69708340) thrown at [/build/openjdk-9-GMfJKp/openjdk-9-9~b114/src/hotspot/src/share/vm/interpreter/linkResolver.cpp, line 728]
Event: 45,149 Thread 0x642fbc00 Implicit null exception at 0xaedeaa5b to 0xaedeae91
Event: 45,155 Thread 0x642fbc00 Implicit null exception at 0xaedde2d9 to 0xaedde711
Event: 45,255 Thread 0x642fbc00 Exception <a 'java/lang/ClassNotFoundException': panda/resources/InsertionRuleButtonProvider> (0x696fb648) thrown at [/build/openjdk-9-GMfJKp/openjdk-9-9~b114/src/hotspot/src/share/vm/prims/jni.cpp, line 626]
Event: 45,267 Thread 0x642fbc00 Exception <a 'java/lang/ClassNotFoundException': panda/resources/InsertionRuleButtonProvider> (0x695262d0) thrown at [/build/openjdk-9-GMfJKp/openjdk-9-9~b114/src/hotspot/src/share/vm/prims/jni.cpp, line 626]
Event: 45,926 Thread 0x642fbc00 Implicit null exception at 0xaedb7157 to 0xaedb7261
Event: 46,257 Thread 0x642fbc00 Exception <a 'java/lang/ClassNotFoundException': panda/resources/MrnatureViewProvider> (0x6b72b070) thrown at [/build/openjdk-9-GMfJKp/openjdk-9-9~b114/src/hotspot/src/share/vm/prims/jni.cpp, line 626]
Event: 46,693 Thread 0x642fbc00 Exception <a 'java/lang/ClassNotFoundException': panda/resources/MrnatureViewProvider> (0x6b673938) thrown at [/build/openjdk-9-GMfJKp/openjdk-9-9~b114/src/hotspot/src/share/vm/prims/jni.cpp, line 626]

Events (10 events):
Event: 47,340 loading class sun/font/StrikeCache$SoftDisposerRef
Event: 47,340 loading class sun/font/StrikeCache$DisposableStrike
Event: 47,340 loading class sun/font/StrikeCache$DisposableStrike done
Event: 47,340 loading class sun/font/StrikeCache$SoftDisposerRef done
Event: 47,340 loading class sun/font/FileFontStrike
Event: 47,340 loading class sun/font/FileFontStrike done
Event: 47,341 loading class sun/font/FontScaler
Event: 47,341 loading class sun/font/FontScaler done
Event: 47,341 loading class sun/font/FreetypeFontScaler
Event: 47,341 loading class sun/font/FreetypeFontScaler done


Dynamic libraries:
08048000-08049000 r-xp 00000000 08:01 11011      /usr/lib/jvm/java-9-openjdk-i386/bin/java
08049000-0804a000 r--p 00000000 08:01 11011      /usr/lib/jvm/java-9-openjdk-i386/bin/java
0804a000-0804b000 rw-p 00001000 08:01 11011      /usr/lib/jvm/java-9-openjdk-i386/bin/java
0964e000-0a4f4000 rw-p 00000000 00:00 0          [heap]
6251c000-6259c000 rw-p 00000000 00:00 0 
6259c000-6261c000 ---p 00000000 00:00 0 
6261c000-6271c000 rw-p 00000000 00:00 0 
6271c000-6281c000 rw-p 00000000 00:00 0 
6290d000-62911000 ---p 00000000 00:00 0 
62911000-6295e000 rw-p 00000000 00:00 0 
6295e000-62962000 ---p 00000000 00:00 0 
62962000-629af000 rw-p 00000000 00:00 0 
629af000-629b3000 ---p 00000000 00:00 0 
629b3000-62a00000 rw-p 00000000 00:00 0 
62a00000-62ae8000 rw-p 00000000 00:00 0 
62ae8000-62b00000 ---p 00000000 00:00 0 
62b00000-62c00000 rw-p 00000000 00:00 0 
62c00000-62cfb000 rw-p 00000000 00:00 0 
62cfb000-62d00000 ---p 00000000 00:00 0 
62d3d000-62d45000 r--s 00000000 08:01 401484     /var/cache/fontconfig/945677eb7aeaf62f1d50efc3fb3ec7d8-le32d4.cache-6
62d45000-62d49000 r--s 00000000 08:01 408690     /var/cache/fontconfig/2cd17615ca594fa2959ae173292e504c-le32d4.cache-6
62d49000-62d4a000 r--s 00000000 08:01 408689     /var/cache/fontconfig/0d8c3b2ac0904cb8a57a757ad11a4a08-le32d4.cache-6
62d4a000-62d59000 r--s 00000000 08:01 408641     /var/cache/fontconfig/04aabc0a78ac019cf9454389977116d2-le32d4.cache-6
62d59000-62d5a000 r--s 00000000 08:01 408640     /var/cache/fontconfig/1ac9eb803944fde146138c791f5cc56a-le32d4.cache-6
62d5a000-62d5d000 r--s 00000000 08:01 408520     /var/cache/fontconfig/385c0604a188198f04d133e54aba7fe7-le32d4.cache-6
62d5d000-62d5e000 r--s 00000000 08:01 408519     /var/cache/fontconfig/dc05db6664285cc2f12bf69c139ae4c3-le32d4.cache-6
62d5e000-62d60000 r--s 00000000 08:01 397605     /var/cache/fontconfig/767a8244fc0220cfb567a839d0392e0b-le32d4.cache-6
62d60000-62d7c000 r--s 00000000 08:01 408406     /var/cache/fontconfig/0bd3dc0958fa2205aaaa8ebb13e2872b-le32d4.cache-6
62d7c000-62db7000 r--s 00000000 08:05 9046552    /home/joseph/.cache/fontconfig/9d0ebcfb160a7fb4973555c77c4a9ede-le32d4.cache-6
62e00000-62efc000 rw-p 00000000 00:00 0 
62efc000-62f00000 ---p 00000000 00:00 0 
62f00000-63000000 rw-p 00000000 00:00 0 
63000000-63100000 rw-p 00000000 00:00 0 
63100000-631eb000 rw-p 00000000 00:00 0 
631eb000-63200000 ---p 00000000 00:00 0 
63200000-632fe000 rw-p 00000000 00:00 0 
632fe000-63300000 ---p 00000000 00:00 0 
63300000-63400000 rw-p 00000000 00:00 0 
63400000-634f9000 rw-p 00000000 00:00 0 
634f9000-63500000 ---p 00000000 00:00 0 
63500000-635e8000 rw-p 00000000 00:00 0 
635e8000-63600000 ---p 00000000 00:00 0 
63600000-63700000 rw-p 00000000 00:00 0 
63700000-637fd000 rw-p 00000000 00:00 0 
637fd000-63800000 ---p 00000000 00:00 0 
63800000-63804000 r--s 00000000 08:01 401489     /var/cache/fontconfig/8801497958630a81b71ace7c5f9b32a8-le32d4.cache-6
63804000-63814000 r--s 00000000 08:01 401479     /var/cache/fontconfig/d52a8644073d54c13679302ca1180695-le32d4.cache-6
63814000-6381d000 r--s 00000000 08:01 411168     /var/cache/fontconfig/d589a48862398ed80a3d6066f4f56f4c-le32d4.cache-6
63847000-6384b000 ---p 00000000 00:00 0 
6384b000-63898000 rw-p 00000000 00:00 0 
63898000-6389c000 ---p 00000000 00:00 0 
6389c000-639e9000 rw-p 00000000 00:00 0 
639e9000-639ed000 ---p 00000000 00:00 0 
639ed000-63a3a000 rw-p 00000000 00:00 0 
63a3a000-63a3e000 ---p 00000000 00:00 0 
63a3e000-63a8b000 rw-p 00000000 00:00 0 
63a8b000-63a8f000 ---p 00000000 00:00 0 
63a8f000-63adc000 rw-p 00000000 00:00 0 
63adc000-63ae0000 ---p 00000000 00:00 0 
63ae0000-63b2d000 rw-p 00000000 00:00 0 
63b2d000-63b56000 r-xp 00000000 08:01 134695     /lib/i386-linux-gnu/libpng12.so.0.54.0
63b56000-63b57000 r--p 00028000 08:01 134695     /lib/i386-linux-gnu/libpng12.so.0.54.0
63b57000-63b58000 rw-p 00029000 08:01 134695     /lib/i386-linux-gnu/libpng12.so.0.54.0
63b58000-63c03000 r-xp 00000000 08:01 4976       /usr/lib/i386-linux-gnu/libfreetype.so.6.12.1
63c03000-63c07000 r--p 000aa000 08:01 4976       /usr/lib/i386-linux-gnu/libfreetype.so.6.12.1
63c07000-63c08000 rw-p 000ae000 08:01 4976       /usr/lib/i386-linux-gnu/libfreetype.so.6.12.1
63c08000-63cca000 r-xp 00000000 08:01 11028      /usr/lib/jvm/java-9-openjdk-i386/lib/i386/libfontmanager.so
63cca000-63ccc000 r--p 000c1000 08:01 11028      /usr/lib/jvm/java-9-openjdk-i386/lib/i386/libfontmanager.so
63ccc000-63ccd000 rw-p 000c3000 08:01 11028      /usr/lib/jvm/java-9-openjdk-i386/lib/i386/libfontmanager.so
63ccd000-63cf1000 r-xp 00000000 08:01 5787       /usr/lib/i386-linux-gnu/libxcb.so.1.1.0
63cf1000-63cf2000 r--p 00023000 08:01 5787       /usr/lib/i386-linux-gnu/libxcb.so.1.1.0
63cf2000-63cf3000 rw-p 00024000 08:01 5787       /usr/lib/i386-linux-gnu/libxcb.so.1.1.0
63cf3000-63e39000 r-xp 00000000 08:01 4570       /usr/lib/i386-linux-gnu/libX11.so.6.3.0
63e39000-63e3a000 ---p 00146000 08:01 4570       /usr/lib/i386-linux-gnu/libX11.so.6.3.0
63e3a000-63e3b000 r--p 00146000 08:01 4570       /usr/lib/i386-linux-gnu/libX11.so.6.3.0
63e3b000-63e3d000 rw-p 00147000 08:01 4570       /usr/lib/i386-linux-gnu/libX11.so.6.3.0
63e3d000-63e3e000 rw-p 00000000 00:00 0 
63e3e000-63ed4000 r-xp 00000000 08:01 11027      /usr/lib/jvm/java-9-openjdk-i386/lib/i386/libawt.so
63ed4000-63ed5000 r--p 00095000 08:01 11027      /usr/lib/jvm/java-9-openjdk-i386/lib/i386/libawt.so
63ed5000-63edc000 rw-p 00096000 08:01 11027      /usr/lib/jvm/java-9-openjdk-i386/lib/i386/libawt.so
63edc000-64000000 rw-p 00000000 00:00 0 
64000000-64005000 r--s 00000000 08:01 401487     /var/cache/fontconfig/3047814df9a2f067bd2d96a2b9c36e5a-le32d4.cache-6
64005000-6400d000 r--s 00000000 08:01 397604     /var/cache/fontconfig/83bf95040141907cd45bb53cf7c1c148-le32d4.cache-6
6400d000-64012000 r-xp 00000000 08:01 4589       /usr/lib/i386-linux-gnu/libXfixes.so.3.1.0
64012000-64013000 r--p 00004000 08:01 4589       /usr/lib/i386-linux-gnu/libXfixes.so.3.1.0
64013000-64014000 rw-p 00005000 08:01 4589       /usr/lib/i386-linux-gnu/libXfixes.so.3.1.0
64014000-64114000 rw-p 00000000 00:00 0 
64114000-64125000 r-xp 00000000 08:01 4595       /usr/lib/i386-linux-gnu/libXi.so.6.1.0
64125000-64126000 r--p 00010000 08:01 4595       /usr/lib/i386-linux-gnu/libXi.so.6.1.0
64126000-64127000 rw-p 00011000 08:01 4595       /usr/lib/i386-linux-gnu/libXi.so.6.1.0
64127000-6417b000 r-xp 00000000 08:01 11059      /usr/lib/jvm/java-9-openjdk-i386/lib/i386/libawt_xawt.so
6417b000-6417c000 r--p 00053000 08:01 11059      /usr/lib/jvm/java-9-openjdk-i386/lib/i386/libawt_xawt.so
6417c000-6417e000 rw-p 00054000 08:01 11059      /usr/lib/jvm/java-9-openjdk-i386/lib/i386/libawt_xawt.so
6417e000-6417f000 rw-p 00000000 00:00 0 
6417f000-64180000 ---p 00000000 00:00 0 
64180000-64200000 rw-p 00000000 00:00 0 
64200000-642fd000 rw-p 00000000 00:00 0 
642fd000-64300000 ---p 00000000 00:00 0 
64300000-64309000 r-xp 00000000 08:01 4581       /usr/lib/i386-linux-gnu/libXcursor.so.1.0.2
64309000-6430a000 r--p 00008000 08:01 4581       /usr/lib/i386-linux-gnu/libXcursor.so.1.0.2
6430a000-6430b000 rw-p 00009000 08:01 4581       /usr/lib/i386-linux-gnu/libXcursor.so.1.0.2
6430b000-64310000 r-xp 00000000 08:01 4585       /usr/lib/i386-linux-gnu/libXdmcp.so.6.0.0
64310000-64311000 r--p 00004000 08:01 4585       /usr/lib/i386-linux-gnu/libXdmcp.so.6.0.0
64311000-64312000 rw-p 00005000 08:01 4585       /usr/lib/i386-linux-gnu/libXdmcp.so.6.0.0
64312000-64317000 r-xp 00000000 08:01 4613       /usr/lib/i386-linux-gnu/libXtst.so.6.1.0
64317000-64318000 r--p 00004000 08:01 4613       /usr/lib/i386-linux-gnu/libXtst.so.6.1.0
64318000-64319000 rw-p 00005000 08:01 4613       /usr/lib/i386-linux-gnu/libXtst.so.6.1.0
64319000-6433f000 r--p 00000000 08:01 537903     /usr/share/locale-langpack/fr/LC_MESSAGES/libc.mo
6433f000-64500000 rw-p 00000000 00:00 0 
64500000-645f9000 rw-p 00000000 00:00 0 
645f9000-64600000 ---p 00000000 00:00 0 
64600000-6460a000 r-xp 00000000 08:01 4607       /usr/lib/i386-linux-gnu/libXrender.so.1.3.0
6460a000-6460b000 r--p 00009000 08:01 4607       /usr/lib/i386-linux-gnu/libXrender.so.1.3.0
6460b000-6460c000 rw-p 0000a000 08:01 4607       /usr/lib/i386-linux-gnu/libXrender.so.1.3.0
6460c000-6461f000 r-xp 00000000 08:01 4587       /usr/lib/i386-linux-gnu/libXext.so.6.4.0
6461f000-64620000 r--p 00012000 08:01 4587       /usr/lib/i386-linux-gnu/libXext.so.6.4.0
64620000-64621000 rw-p 00013000 08:01 4587       /usr/lib/i386-linux-gnu/libXext.so.6.4.0
64621000-64625000 ---p 00000000 00:00 0 
64625000-64672000 rw-p 00000000 00:00 0 
64672000-64676000 ---p 00000000 00:00 0 
64676000-646c3000 rw-p 00000000 00:00 0 
646c3000-646c7000 ---p 00000000 00:00 0 
646c7000-64714000 rw-p 00000000 00:00 0 
64714000-64718000 ---p 00000000 00:00 0 
64718000-64795000 rw-p 00000000 00:00 0 
64795000-64799000 ---p 00000000 00:00 0 
64799000-64816000 rw-p 00000000 00:00 0 
64816000-6481a000 ---p 00000000 00:00 0 
6481a000-64897000 rw-p 00000000 00:00 0 
64897000-6489b000 ---p 00000000 00:00 0 
6489b000-648e8000 rw-p 00000000 00:00 0 
648e8000-648ec000 ---p 00000000 00:00 0 
648ec000-64939000 rw-p 00000000 00:00 0 
64939000-64b39000 r--p 00000000 08:01 821        /usr/lib/locale/locale-archive
64b39000-64b3d000 ---p 00000000 00:00 0 
64b3d000-64b8a000 rw-p 00000000 00:00 0 
64b8a000-64b8e000 ---p 00000000 00:00 0 
64b8e000-64bdb000 rw-p 00000000 00:00 0 
64bdb000-64bdc000 ---p 00000000 00:00 0 
64bdc000-650fd000 rw-p 00000000 00:00 0 
650fd000-65103000 ---p 00000000 00:00 0 
65103000-65183000 rw-p 00000000 00:00 0 
65183000-65184000 ---p 00000000 00:00 0 
65184000-65204000 rw-p 00000000 00:00 0 
65204000-65205000 ---p 00000000 00:00 0 
65205000-65385000 rw-p 00000000 00:00 0 
65385000-6624d000 ---p 00000000 00:00 0 
6624d000-6634d000 rw-p 00000000 00:00 0 
6634d000-67215000 ---p 00000000 00:00 0 
67215000-67235000 rw-p 00000000 00:00 0 
67235000-6740e000 ---p 00000000 00:00 0 
6740e000-6742e000 rw-p 00000000 00:00 0 
6742e000-67800000 ---p 00000000 00:00 0 
67800000-6b800000 rw-p 00000000 00:00 0 
6b800000-a6a00000 ---p 00000000 00:00 0 
a6a00000-a6a01000 r--s 00000000 08:01 408407     /var/cache/fontconfig/4794a0821666d79190d59a36cb4f44b5-le32d4.cache-6
a6a01000-a6a05000 r--s 00000000 08:01 401480     /var/cache/fontconfig/b47c4e1ecd0709278f4910c18777a504-le32d4.cache-6
a6a05000-a6a25000 rw-p 00000000 00:00 0 
a6a25000-a6bfe000 ---p 00000000 00:00 0 
a6bfe000-a6bff000 ---p 00000000 00:00 0 
a6bff000-a6c7f000 rw-p 00000000 00:00 0 
a6c7f000-a6c80000 ---p 00000000 00:00 0 
a6c80000-a6d00000 rw-p 00000000 00:00 0 
a6d00000-a6d21000 rw-p 00000000 00:00 0 
a6d21000-a6e00000 ---p 00000000 00:00 0 
a6e00000-a6e01000 r--s 00000000 08:01 401488     /var/cache/fontconfig/bab58bb527bb656aaa9f116d68a48d89-le32d4.cache-6
a6e01000-a6e02000 r--s 00000000 08:01 401486     /var/cache/fontconfig/56cf4f4769d0f4abc89a4895d7bd3ae1-le32d4.cache-6
a6e02000-a6e03000 r--s 00000000 08:01 401481     /var/cache/fontconfig/b9d506c9ac06c20b433354fa67a72993-le32d4.cache-6
a6e03000-a6e04000 r--s 00000000 08:01 401474     /var/cache/fontconfig/551ecf3b0e8b0bca0f25c0944f561853-le32d4.cache-6
a6e04000-a6e07000 r--s 00000000 08:01 401465     /var/cache/fontconfig/75114ca45c98e8a441da0ff356701271-le32d4.cache-6
a6e07000-a6e15000 r--s 00000000 08:01 401463     /var/cache/fontconfig/9b89f8e3dae116d678bbf48e5f21f69b-le32d4.cache-6
a6e15000-a6e2a000 r-xp 00000000 08:01 11029      /usr/lib/jvm/java-9-openjdk-i386/lib/i386/libnet.so
a6e2a000-a6e2b000 r--p 00014000 08:01 11029      /usr/lib/jvm/java-9-openjdk-i386/lib/i386/libnet.so
a6e2b000-a6e2c000 rw-p 00015000 08:01 11029      /usr/lib/jvm/java-9-openjdk-i386/lib/i386/libnet.so
a6e2c000-a6e3d000 r-xp 00000000 08:01 11060      /usr/lib/jvm/java-9-openjdk-i386/lib/i386/libnio.so
a6e3d000-a6e3e000 r--p 00010000 08:01 11060      /usr/lib/jvm/java-9-openjdk-i386/lib/i386/libnio.so
a6e3e000-a6e3f000 rw-p 00011000 08:01 11060      /usr/lib/jvm/java-9-openjdk-i386/lib/i386/libnio.so
a6e3f000-a6e7f000 rw-p 00000000 00:00 0 
a6e7f000-a6e80000 ---p 00000000 00:00 0 
a6e80000-a6f00000 rw-p 00000000 00:00 0 
a6f00000-a7000000 rw-p 00000000 00:00 0 
a7000000-a7007000 r--s 00000000 08:01 2390       /usr/lib/i386-linux-gnu/gconv/gconv-modules.cache
a7007000-a7027000 rw-p 00000000 00:00 0 
a7027000-a7028000 ---p 00000000 00:00 0 
a7028000-a70a8000 rw-p 00000000 00:00 0 
a70a8000-a70a9000 ---p 00000000 00:00 0 
a70a9000-a712e000 rw-p 00000000 00:00 0 
a712e000-a7214000 ---p 00000000 00:00 0 
a7214000-a721e000 rw-p 00000000 00:00 0 
a721e000-a72ff000 ---p 00000000 00:00 0 
a72ff000-a7304000 rw-p 00000000 00:00 0 
a7304000-a730a000 ---p 00000000 00:00 0 
a730a000-a754a000 rwxp 00000000 00:00 0 
a754a000-a7853000 ---p 00000000 00:00 0 
a7853000-a7ceb000 rwxp 00000000 00:00 0 
a7ceb000-aedae000 ---p 00000000 00:00 0 
aedae000-aefee000 rwxp 00000000 00:00 0 
aefee000-b630a000 ---p 00000000 00:00 0 
b630a000-b64c5000 r--s 00000000 08:01 11016      /usr/lib/jvm/java-9-openjdk-i386/lib/modules
b64c5000-b64d0000 r-xp 00000000 08:01 136273     /lib/i386-linux-gnu/libnss_files-2.23.so
b64d0000-b64d1000 r--p 0000a000 08:01 136273     /lib/i386-linux-gnu/libnss_files-2.23.so
b64d1000-b64d2000 rw-p 0000b000 08:01 136273     /lib/i386-linux-gnu/libnss_files-2.23.so
b64d2000-b64d8000 rw-p 00000000 00:00 0 
b64d8000-b64e3000 r-xp 00000000 08:01 136268     /lib/i386-linux-gnu/libnss_nis-2.23.so
b64e3000-b64e4000 r--p 0000a000 08:01 136268     /lib/i386-linux-gnu/libnss_nis-2.23.so
b64e4000-b64e5000 rw-p 0000b000 08:01 136268     /lib/i386-linux-gnu/libnss_nis-2.23.so
b64e5000-b64fc000 r-xp 00000000 08:01 136264     /lib/i386-linux-gnu/libnsl-2.23.so
b64fc000-b64fd000 r--p 00016000 08:01 136264     /lib/i386-linux-gnu/libnsl-2.23.so
b64fd000-b64fe000 rw-p 00017000 08:01 136264     /lib/i386-linux-gnu/libnsl-2.23.so
b64fe000-b6500000 rw-p 00000000 00:00 0 
b6500000-b65fe000 rw-p 00000000 00:00 0 
b65fe000-b6600000 ---p 00000000 00:00 0 
b6600000-b6601000 r--s 00000000 08:01 401469     /var/cache/fontconfig/30829fa25452a46451e813d634d7f916-le32d4.cache-6
b6601000-b6603000 r-xp 00000000 08:01 4574       /usr/lib/i386-linux-gnu/libXau.so.6.0.0
b6603000-b6604000 r--p 00001000 08:01 4574       /usr/lib/i386-linux-gnu/libXau.so.6.0.0
b6604000-b6605000 rw-p 00002000 08:01 4574       /usr/lib/i386-linux-gnu/libXau.so.6.0.0
b6605000-b660a000 r-xp 00000000 08:01 11043      /usr/lib/jvm/java-9-openjdk-i386/lib/i386/libjimage.so
b660a000-b660b000 r--p 00004000 08:01 11043      /usr/lib/jvm/java-9-openjdk-i386/lib/i386/libjimage.so
b660b000-b660c000 rw-p 00005000 08:01 11043      /usr/lib/jvm/java-9-openjdk-i386/lib/i386/libjimage.so
b660c000-b6614000 r-xp 00000000 08:01 136262     /lib/i386-linux-gnu/libnss_compat-2.23.so
b6614000-b6615000 r--p 00007000 08:01 136262     /lib/i386-linux-gnu/libnss_compat-2.23.so
b6615000-b6616000 rw-p 00008000 08:01 136262     /lib/i386-linux-gnu/libnss_compat-2.23.so
b6616000-b6617000 r--s 00000000 08:01 397601     /var/cache/fontconfig/0c9eb80ebd1c36541ebe2852d3bb0c49-le32d4.cache-6
b6617000-b6619000 r--s 00000000 08:01 397609     /var/cache/fontconfig/e13b20fdb08344e0e664864cc2ede53d-le32d4.cache-6
b6619000-b6620000 r-xp 00000000 08:01 11039      /usr/lib/jvm/java-9-openjdk-i386/lib/i386/libzip.so
b6620000-b6621000 r--p 00006000 08:01 11039      /usr/lib/jvm/java-9-openjdk-i386/lib/i386/libzip.so
b6621000-b6622000 rw-p 00007000 08:01 11039      /usr/lib/jvm/java-9-openjdk-i386/lib/i386/libzip.so
b6622000-b662a000 rw-s 00000000 08:01 3805       /tmp/hsperfdata_joseph/1534
b662a000-b6650000 r-xp 00000000 08:01 11022      /usr/lib/jvm/java-9-openjdk-i386/lib/i386/libjava.so
b6650000-b6651000 r--p 00025000 08:01 11022      /usr/lib/jvm/java-9-openjdk-i386/lib/i386/libjava.so
b6651000-b6652000 rw-p 00026000 08:01 11022      /usr/lib/jvm/java-9-openjdk-i386/lib/i386/libjava.so
b6652000-b6659000 r-xp 00000000 08:01 136286     /lib/i386-linux-gnu/librt-2.23.so
b6659000-b665a000 r--p 00006000 08:01 136286     /lib/i386-linux-gnu/librt-2.23.so
b665a000-b665b000 rw-p 00007000 08:01 136286     /lib/i386-linux-gnu/librt-2.23.so
b665b000-b665f000 ---p 00000000 00:00 0 
b665f000-b66ac000 rw-p 00000000 00:00 0 
b66ac000-b66c8000 r-xp 00000000 08:01 134594     /lib/i386-linux-gnu/libgcc_s.so.1
b66c8000-b66c9000 rw-p 0001b000 08:01 134594     /lib/i386-linux-gnu/libgcc_s.so.1
b66c9000-b671c000 r-xp 00000000 08:01 136282     /lib/i386-linux-gnu/libm-2.23.so
b671c000-b671d000 r--p 00052000 08:01 136282     /lib/i386-linux-gnu/libm-2.23.so
b671d000-b671e000 rw-p 00053000 08:01 136282     /lib/i386-linux-gnu/libm-2.23.so
b671e000-b688b000 r-xp 00000000 08:01 3522       /usr/lib/i386-linux-gnu/libstdc++.so.6.0.21
b688b000-b688c000 ---p 0016d000 08:01 3522       /usr/lib/i386-linux-gnu/libstdc++.so.6.0.21
b688c000-b6891000 r--p 0016d000 08:01 3522       /usr/lib/i386-linux-gnu/libstdc++.so.6.0.21
b6891000-b6892000 rw-p 00172000 08:01 3522       /usr/lib/i386-linux-gnu/libstdc++.so.6.0.21
b6892000-b6895000 rw-p 00000000 00:00 0 
b6895000-b74c1000 r-xp 00000000 08:01 11036      /usr/lib/jvm/java-9-openjdk-i386/lib/i386/server/libjvm.so
b74c1000-b7516000 r--p 00c2b000 08:01 11036      /usr/lib/jvm/java-9-openjdk-i386/lib/i386/server/libjvm.so
b7516000-b7534000 rw-p 00c80000 08:01 11036      /usr/lib/jvm/java-9-openjdk-i386/lib/i386/server/libjvm.so
b7534000-b755d000 rw-p 00000000 00:00 0 
b755d000-b7576000 r-xp 00000000 08:01 136290     /lib/i386-linux-gnu/libpthread-2.23.so
b7576000-b7577000 r--p 00018000 08:01 136290     /lib/i386-linux-gnu/libpthread-2.23.so
b7577000-b7578000 rw-p 00019000 08:01 136290     /lib/i386-linux-gnu/libpthread-2.23.so
b7578000-b757a000 rw-p 00000000 00:00 0 
b757a000-b757d000 r-xp 00000000 08:01 136292     /lib/i386-linux-gnu/libdl-2.23.so
b757d000-b757e000 r--p 00002000 08:01 136292     /lib/i386-linux-gnu/libdl-2.23.so
b757e000-b757f000 rw-p 00003000 08:01 136292     /lib/i386-linux-gnu/libdl-2.23.so
b757f000-b7598000 r-xp 00000000 08:01 134745     /lib/i386-linux-gnu/libz.so.1.2.8
b7598000-b7599000 r--p 00018000 08:01 134745     /lib/i386-linux-gnu/libz.so.1.2.8
b7599000-b759a000 rw-p 00019000 08:01 134745     /lib/i386-linux-gnu/libz.so.1.2.8
b759a000-b7749000 r-xp 00000000 08:01 136291     /lib/i386-linux-gnu/libc-2.23.so
b7749000-b774a000 ---p 001af000 08:01 136291     /lib/i386-linux-gnu/libc-2.23.so
b774a000-b774c000 r--p 001af000 08:01 136291     /lib/i386-linux-gnu/libc-2.23.so
b774c000-b774d000 rw-p 001b1000 08:01 136291     /lib/i386-linux-gnu/libc-2.23.so
b774d000-b7750000 rw-p 00000000 00:00 0 
b7750000-b7753000 r--s 00000000 08:01 397612     /var/cache/fontconfig/7ef2298fde41cc6eeb7af42e48b7d293-le32d4.cache-6
b7753000-b7754000 r--p 002db000 08:01 821        /usr/lib/locale/locale-archive
b7754000-b7755000 rw-p 00000000 00:00 0 
b7755000-b7756000 r--p 00000000 00:00 0 
b7756000-b7761000 r-xp 00000000 08:01 11023      /usr/lib/jvm/java-9-openjdk-i386/lib/i386/libverify.so
b7761000-b7762000 ---p 0000b000 08:01 11023      /usr/lib/jvm/java-9-openjdk-i386/lib/i386/libverify.so
b7762000-b7763000 r--p 0000b000 08:01 11023      /usr/lib/jvm/java-9-openjdk-i386/lib/i386/libverify.so
b7763000-b7764000 rw-p 0000c000 08:01 11023      /usr/lib/jvm/java-9-openjdk-i386/lib/i386/libverify.so
b7764000-b7772000 r-xp 00000000 08:01 11057      /usr/lib/jvm/java-9-openjdk-i386/lib/i386/jli/libjli.so
b7772000-b7773000 r--p 0000d000 08:01 11057      /usr/lib/jvm/java-9-openjdk-i386/lib/i386/jli/libjli.so
b7773000-b7774000 rw-p 0000e000 08:01 11057      /usr/lib/jvm/java-9-openjdk-i386/lib/i386/jli/libjli.so
b7774000-b7776000 rw-p 00000000 00:00 0 
b7776000-b7778000 r--p 00000000 00:00 0          [vvar]
b7778000-b7779000 r-xp 00000000 00:00 0          [vdso]
b7779000-b779b000 r-xp 00000000 08:01 136287     /lib/i386-linux-gnu/ld-2.23.so
b779b000-b779c000 rw-p 00000000 00:00 0 
b779c000-b779d000 r--p 00022000 08:01 136287     /lib/i386-linux-gnu/ld-2.23.so
b779d000-b779e000 rw-p 00023000 08:01 136287     /lib/i386-linux-gnu/ld-2.23.so
bf8e4000-bf8e5000 rwxp 00000000 00:00 0 
bf918000-bf939000 rw-p 00000000 00:00 0          [stack]

VM Arguments:
java_command: panda.jar
java_class_path (initial): panda.jar
Launcher Type: SUN_STANDARD

Environment Variables:
PATH=/home/joseph/bin:/usr/local/sbin:/usr/local/bin:/usr/sbin:/usr/bin:/sbin:/bin:/usr/games:/usr/local/games:/snap/bin
SHELL=/bin/bash
DISPLAY=:0.0

Signal Handlers:
SIGSEGV: [libjvm.so+0x9e08a0], sa_mask[0]=11111111011111111101111111111110, sa_flags=SA_RESTART|SA_SIGINFO
SIGBUS: [libjvm.so+0x9e08a0], sa_mask[0]=11111111011111111101111111111110, sa_flags=SA_RESTART|SA_SIGINFO
SIGFPE: [libjvm.so+0x9e08a0], sa_mask[0]=11111111011111111101111111111110, sa_flags=SA_RESTART|SA_SIGINFO
SIGPIPE: [libjvm.so+0x832630], sa_mask[0]=11111111011111111101111111111110, sa_flags=SA_RESTART|SA_SIGINFO
SIGXFSZ: [libjvm.so+0x832630], sa_mask[0]=11111111011111111101111111111110, sa_flags=SA_RESTART|SA_SIGINFO
SIGILL: [libjvm.so+0x9e08a0], sa_mask[0]=11111111011111111101111111111110, sa_flags=SA_RESTART|SA_SIGINFO
SIGUSR2: [libjvm.so+0x832460], sa_mask[0]=00000000000000000000000000000000, sa_flags=SA_RESTART|SA_SIGINFO
SIGHUP: [libjvm.so+0x8328a0], sa_mask[0]=11111111011111111101111111111110, sa_flags=SA_RESTART|SA_SIGINFO
SIGINT: [libjvm.so+0x8328a0], sa_mask[0]=11111111011111111101111111111110, sa_flags=SA_RESTART|SA_SIGINFO
SIGTERM: [libjvm.so+0x8328a0], sa_mask[0]=11111111011111111101111111111110, sa_flags=SA_RESTART|SA_SIGINFO
SIGQUIT: [libjvm.so+0x8328a0], sa_mask[0]=11111111011111111101111111111110, sa_flags=SA_RESTART|SA_SIGINFO


---------------  S Y S T E M  ---------------

OS:DISTRIB_ID=Ubuntu
DISTRIB_RELEASE=16.04
DISTRIB_CODENAME=xenial
DISTRIB_DESCRIPTION="Ubuntu 16.04 LTS"
uname:Linux 4.4.0-45-generic #66-Ubuntu SMP Wed Oct 19 14:12:05 UTC 2016 i686
libc:glibc 2.23 NPTL 2.23 
rlimit: STACK 8192k, CORE 0k, NPROC 31992, NOFILE 65536, AS infinity
load average:2,77 1,19 0,45

/proc/meminfo:
MemTotal:        4132332 kB
MemFree:         2932756 kB
MemAvailable:    3234984 kB
Buffers:           53200 kB
Cached:           607420 kB
SwapCached:            0 kB
Active:           723260 kB
Inactive:         409720 kB
Active(anon):     473568 kB
Inactive(anon):    15240 kB
Active(file):     249692 kB
Inactive(file):   394480 kB
Unevictable:         376 kB
Mlocked:             376 kB
HighTotal:       3279432 kB
HighFree:        2328724 kB
LowTotal:         852900 kB
LowFree:          604032 kB
SwapTotal:        975868 kB
SwapFree:         975868 kB
Dirty:               340 kB
Writeback:             0 kB
AnonPages:        472900 kB
Mapped:           203460 kB
Shmem:             16312 kB
Slab:              34592 kB
SReclaimable:      19904 kB
SUnreclaim:        14688 kB
KernelStack:        2784 kB
PageTables:         6304 kB
NFS_Unstable:          0 kB
Bounce:                0 kB
WritebackTmp:          0 kB
CommitLimit:     3042032 kB
Committed_AS:    1729800 kB
VmallocTotal:     122880 kB
VmallocUsed:           0 kB
VmallocChunk:          0 kB
AnonHugePages:    124928 kB
CmaTotal:              0 kB
CmaFree:               0 kB
HugePages_Total:       0
HugePages_Free:        0
HugePages_Rsvd:        0
HugePages_Surp:        0
Hugepagesize:       2048 kB
DirectMap4k:       18424 kB
DirectMap2M:      894976 kB


CPU:total 2 (2 cores per cpu, 1 threads per core) family 6 model 23 stepping 6, cmov, cx8, fxsr, mmx, sse, sse2, sse3, ssse3, tsc

CPU Model and flags from /proc/cpuinfo:
model name	: Pentium(R) Dual-Core  CPU      E5200  @ 2.50GHz
flags		: fpu vme de pse tsc msr pae mce cx8 apic sep mtrr pge mca cmov pat pse36 clflush dts acpi mmx fxsr sse sse2 ss ht tm pbe nx lm constant_tsc arch_perfmon pebs bts aperfmperf pni dtes64 monitor ds_cpl est tm2 ssse3 cx16 xtpr pdcm lahf_lm dtherm

Memory: 4k page, physical 4132332k(2932756k free), swap 975868k(975868k free)

vm_info: OpenJDK Server VM (9-internal+0-2016-04-14-195526.buildd.src) for linux-x86 JRE (9-internal+0-2016-04-14-195526.buildd.src), built on Apr 14 2016 20:15:09 by "buildd" with gcc 5.3.1 20160413

END.
