#
# A fatal error has been detected by the Java Runtime Environment:
#
#  SIGSEGV (0xb) at pc=0xb667ee48, pid=26854, tid=26878
#
# JRE version: OpenJDK Runtime Environment (9.0) (build 9-internal+0-2016-04-14-195526.buildd.src)
# Java VM: OpenJDK Server VM (9-internal+0-2016-04-14-195526.buildd.src, mixed mode, tiered, g1 gc, linux-x86)
# Problematic frame:
# C  [libjava.so+0x18e48]  JNU_GetEnv+0x18
#
# Core dump will be written. Default location: Core dumps may be processed with "/usr/share/apport/apport %p %s %c %P" (or dumping to /home/joseph/MEGA/Prouveurs/dist/core.26854)
#
# If you would like to submit a bug report, please visit:
#   http://bugreport.java.com/bugreport/crash.jsp
# The crash happened outside the Java Virtual Machine in native code.
# See problematic frame for where to report the bug.
#

---------------  S U M M A R Y ------------

Command Line: panda.jar

Host: Pentium(R) Dual-Core  CPU      E5200  @ 2.50GHz, 2 cores, 3G, Ubuntu 16.04 LTS
Time: Tue Nov  1 19:18:45 2016 CET elapsed time: 11 seconds (0d 0h 0m 11s)

---------------  T H R E A D  ---------------

Current thread (0x63921800):  JavaThread "AWT-EventQueue-0" [_thread_in_native, id=26878, stack(0x6380d000,0x6385e000)]

Stack: [0x6380d000,0x6385e000],  sp=0x6385b58c,  free space=313k
Native frames: (J=compiled Java code, j=interpreted, Vv=VM code, C=native code)
C  [libjava.so+0x18e48]  JNU_GetEnv+0x18
C  [libfontmanager.so+0x2faf5]
C  [libfreetype.so.6+0xf4dc]  FT_Stream_Seek+0x1c

Java frames: (J=compiled Java code, j=interpreted, Vv=VM code)
j  sun.font.FreetypeFontScaler.initNativeScaler(Lsun/font/Font2D;IIZI)J+0 java.desktop@9-internal
j  sun.font.FreetypeFontScaler.<init>(Lsun/font/Font2D;IZI)V+26 java.desktop@9-internal
v  ~StubRoutines::call_stub
j  sun.reflect.NativeConstructorAccessorImpl.newInstance0(Ljava/lang/reflect/Constructor;[Ljava/lang/Object;)Ljava/lang/Object;+0 java.base@9-internal
j  sun.reflect.NativeConstructorAccessorImpl.newInstance([Ljava/lang/Object;)Ljava/lang/Object;+85 java.base@9-internal
J 832 C1  java.base@9-internal9-internal (9 bytes) @ 0xa79cabf8 [0xa79cab20+0x000000d8]
J 831 C1  java.base@9-internal9-internal (73 bytes) @ 0xa79ca6c4 [0xa79ca400+0x000002c4]
j  sun.font.FontScaler.getScaler(Lsun/font/Font2D;IZI)Lsun/font/FontScaler;+39 java.desktop@9-internal
j  sun.font.TrueTypeFont.getScaler()Lsun/font/FontScaler;+21 java.desktop@9-internal
j  sun.font.FileFontStrike.<init>(Lsun/font/FileFont;Lsun/font/FontStrikeDesc;)V+204 java.desktop@9-internal
j  sun.font.FileFont.createStrike(Lsun/font/FontStrikeDesc;)Lsun/font/FontStrike;+18 java.desktop@9-internal
j  sun.font.Font2D.getStrike(Lsun/font/FontStrikeDesc;Z)Lsun/font/FontStrike;+92 java.desktop@9-internal
j  sun.font.Font2D.getStrike(Lsun/font/FontStrikeDesc;)Lsun/font/FontStrike;+3 java.desktop@9-internal
j  sun.font.CompositeStrike.getStrikeForSlot(I)Lsun/font/PhysicalStrike;+23 java.desktop@9-internal
j  sun.font.CompositeStrike.getFontMetrics()Lsun/font/StrikeMetrics;+31 java.desktop@9-internal
j  sun.font.FontDesignMetrics.initMatrixAndMetrics()V+28 java.desktop@9-internal
j  sun.font.FontDesignMetrics.<init>(Ljava/awt/Font;Ljava/awt/font/FontRenderContext;)V+62 java.desktop@9-internal
j  sun.font.FontDesignMetrics.getMetrics(Ljava/awt/Font;Ljava/awt/font/FontRenderContext;)Lsun/font/FontDesignMetrics;+128 java.desktop@9-internal
j  sun.swing.SwingUtilities2.getFontMetrics(Ljavax/swing/JComponent;Ljava/awt/Font;)Ljava/awt/FontMetrics;+15 java.desktop@9-internal
j  javax.swing.JComponent.getFontMetrics(Ljava/awt/Font;)Ljava/awt/FontMetrics;+2 java.desktop@9-internal
j  javax.swing.plaf.basic.BasicGraphicsUtils.getPreferredButtonSize(Ljavax/swing/AbstractButton;I)Ljava/awt/Dimension;+28 java.desktop@9-internal
j  javax.swing.plaf.basic.BasicButtonUI.getPreferredSize(Ljavax/swing/JComponent;)Ljava/awt/Dimension;+10 java.desktop@9-internal
j  javax.swing.plaf.basic.BasicButtonUI.getMinimumSize(Ljavax/swing/JComponent;)Ljava/awt/Dimension;+2 java.desktop@9-internal
j  javax.swing.JComponent.getMinimumSize()Ljava/awt/Dimension;+26 java.desktop@9-internal
j  javax.swing.BoxLayout.checkRequests()V+105 java.desktop@9-internal
j  javax.swing.BoxLayout.minimumLayoutSize(Ljava/awt/Container;)Ljava/awt/Dimension;+10 java.desktop@9-internal
j  java.awt.Container.minimumSize()Ljava/awt/Dimension;+43 java.desktop@9-internal
j  java.awt.Container.getMinimumSize()Ljava/awt/Dimension;+1 java.desktop@9-internal
j  javax.swing.JComponent.getMinimumSize()Ljava/awt/Dimension;+39 java.desktop@9-internal
j  javax.swing.BoxLayout.checkRequests()V+105 java.desktop@9-internal
j  javax.swing.BoxLayout.preferredLayoutSize(Ljava/awt/Container;)Ljava/awt/Dimension;+10 java.desktop@9-internal
j  java.awt.Container.preferredSize()Ljava/awt/Dimension;+43 java.desktop@9-internal
j  java.awt.Container.getPreferredSize()Ljava/awt/Dimension;+1 java.desktop@9-internal
j  javax.swing.JComponent.getPreferredSize()Ljava/awt/Dimension;+39 java.desktop@9-internal
j  java.awt.BorderLayout.preferredLayoutSize(Ljava/awt/Container;)Ljava/awt/Dimension;+157 java.desktop@9-internal
j  java.awt.Container.preferredSize()Ljava/awt/Dimension;+43 java.desktop@9-internal
j  java.awt.Container.getPreferredSize()Ljava/awt/Dimension;+1 java.desktop@9-internal
j  javax.swing.JComponent.getPreferredSize()Ljava/awt/Dimension;+39 java.desktop@9-internal
j  javax.swing.JRootPane$RootLayout.preferredLayoutSize(Ljava/awt/Container;)Ljava/awt/Dimension;+26 java.desktop@9-internal
j  java.awt.Container.preferredSize()Ljava/awt/Dimension;+43 java.desktop@9-internal
j  java.awt.Container.getPreferredSize()Ljava/awt/Dimension;+1 java.desktop@9-internal
j  javax.swing.JComponent.getPreferredSize()Ljava/awt/Dimension;+39 java.desktop@9-internal
j  java.awt.BorderLayout.preferredLayoutSize(Ljava/awt/Container;)Ljava/awt/Dimension;+157 java.desktop@9-internal
j  java.awt.Container.preferredSize()Ljava/awt/Dimension;+43 java.desktop@9-internal
j  java.awt.Container.getPreferredSize()Ljava/awt/Dimension;+1 java.desktop@9-internal
j  java.awt.Window.pack()V+32 java.desktop@9-internal
j  org.jdesktop.application.SingleFrameApplication.initRootPaneContainer(Ljavax/swing/RootPaneContainer;)V+176
j  org.jdesktop.application.SingleFrameApplication.show(Lorg/jdesktop/application/View;)V+35
j  panda.MrnatureApp.startup()V+9
j  org.jdesktop.application.Application$1.run()V+24
j  java.awt.event.InvocationEvent.dispatch()V+47 java.desktop@9-internal
j  java.awt.EventQueue.dispatchEventImpl(Ljava/awt/AWTEvent;Ljava/lang/Object;)V+21 java.desktop@9-internal
j  java.awt.EventQueue.access$500(Ljava/awt/EventQueue;Ljava/awt/AWTEvent;Ljava/lang/Object;)V+3 java.desktop@9-internal
j  java.awt.EventQueue$3.run()Ljava/lang/Void;+32 java.desktop@9-internal
j  java.awt.EventQueue$3.run()Ljava/lang/Object;+1 java.desktop@9-internal
v  ~StubRoutines::call_stub
j  java.security.AccessController.doPrivileged(Ljava/security/PrivilegedAction;Ljava/security/AccessControlContext;)Ljava/lang/Object;+0 java.base@9-internal
j  java.security.ProtectionDomain$JavaSecurityAccessImpl.doIntersectionPrivilege(Ljava/security/PrivilegedAction;Ljava/security/AccessControlContext;Ljava/security/AccessControlContext;)Ljava/lang/Object;+18 java.base@9-internal
j  java.awt.EventQueue.dispatchEvent(Ljava/awt/AWTEvent;)V+46 java.desktop@9-internal
j  java.awt.EventDispatchThread.pumpOneEventForFilters(I)V+183 java.desktop@9-internal
j  java.awt.EventDispatchThread.pumpEventsForFilter(ILjava/awt/Conditional;Ljava/awt/EventFilter;)V+35 java.desktop@9-internal
j  java.awt.EventDispatchThread.pumpEventsForHierarchy(ILjava/awt/Conditional;Ljava/awt/Component;)V+11 java.desktop@9-internal
j  java.awt.EventDispatchThread.pumpEvents(ILjava/awt/Conditional;)V+4 java.desktop@9-internal
j  java.awt.EventDispatchThread.pumpEvents(Ljava/awt/Conditional;)V+3 java.desktop@9-internal
j  java.awt.EventDispatchThread.run()V+9 java.desktop@9-internal
v  ~StubRoutines::call_stub

siginfo: si_signo: 11 (SIGSEGV), si_code: 1 (SEGV_MAPERR), si_addr: 0x00000000

Register to memory mapping:

EAX=0x00000000 is an unknown value
EBX=0x63c1f000: <offset 0x000c4000> in /usr/lib/jvm/java-9-openjdk-i386/lib/i386/libfontmanager.so at 0x63b5b000
ECX=0x00010002 is an unknown value
EDX=0x00000000 is an unknown value
ESP=0x6385b58c is pointing into the stack for thread: 0x63921800
EBP=0x6385b5a8 is pointing into the stack for thread: 0x63921800
ESI=0x00000000 is an unknown value
EDI=0x00000000 is an unknown value


Registers:
EAX=0x00000000, EBX=0x63c1f000, ECX=0x00010002, EDX=0x00000000
ESP=0x6385b58c, EBP=0x6385b5a8, ESI=0x00000000, EDI=0x00000000
EIP=0xb667ee48, EFLAGS=0x00010246, CR2=0x0000000000000000

Top of Stack: (sp=0x6385b58c)
0x6385b58c:   00000000 6385b5d8 b77c9f10 63b21c9b
0x6385b59c:   03621c00 00000000 640f2210 6385b5d8
0x6385b5ac:   63b8aaf5 00000000 00010002 b77887ac
0x6385b5bc:   084257f4 b77d9000 640f24c0 63ab90b9
0x6385b5cc:   0822a0d0 00000000 00000000 084275e8
0x6385b5dc:   63aba4dc 0822a0d0 00000000 00000000
0x6385b5ec:   00000000 b7788000 63b5a000 0822a0d0
0x6385b5fc:   63ace2b8 0822a0d0 00000000 00000001 

Instructions: (pc=0xb667ee48)
0xb667ee28:   ff eb f3 90 8d 74 26 00 55 89 e5 83 ec 1c 8b 45
0xb667ee38:   08 65 8b 15 14 00 00 00 89 55 f4 31 d2 8b 4d 0c
0xb667ee48:   8b 10 51 8d 4d f0 51 50 ff 52 18 8b 45 f0 8b 4d
0xb667ee58:   f4 65 33 0d 14 00 00 00 75 02 c9 c3 e8 c7 5b 00 


---------------  P R O C E S S  ---------------

Java Threads: ( => current thread )
  0x62c28400 JavaThread "TimerQueue" daemon [_thread_blocked, id=26929, stack(0x62baf000,0x62c00000)]
  0x08650400 JavaThread "SwingWorker-pool-2-thread-1" daemon [_thread_blocked, id=26928, stack(0x6330d000,0x6335e000)]
  0xa6d14c00 JavaThread "SeedGenerator Thread" daemon [_thread_blocked, id=26927, stack(0x62518000,0x62569000)]
  0x08422c00 JavaThread "Image Fetcher 0" daemon [_thread_blocked, id=26925, stack(0x623c7000,0x62418000)]
  0x084bb000 JavaThread "Image Fetcher 3" daemon [_thread_blocked, id=26918, stack(0x6335e000,0x633af000)]
  0x0867ec00 JavaThread "SeedGenerator Thread" daemon [_thread_in_Java, id=26879, stack(0x633af000,0x63400000)]
  0xb650b400 JavaThread "DestroyJavaVM" [_thread_blocked, id=26855, stack(0xb6697000,0xb66e8000)]
=>0x63921800 JavaThread "AWT-EventQueue-0" [_thread_in_native, id=26878, stack(0x6380d000,0x6385e000)]
  0x63920800 JavaThread "AWT-Shutdown" [_thread_blocked, id=26877, stack(0x6385e000,0x638af000)]
  0x6391e000 JavaThread "AWT-XAWT" daemon [_thread_in_native, id=26876, stack(0x638af000,0x63900000)]
  0x63909400 JavaThread "Java2D Disposer" daemon [_thread_blocked, id=26875, stack(0x63a2f000,0x63a80000)]
  0x646d5400 JavaThread "Service Thread" daemon [_thread_blocked, id=26873, stack(0x6439d000,0x643ee000)]
  0x6460fc00 JavaThread "Common-Cleaner" daemon [_thread_blocked, id=26872, stack(0x643ee000,0x6443f000)]
  0xb65fc400 JavaThread "Sweeper thread" daemon [_thread_blocked, id=26871, stack(0x64703000,0x64754000)]
  0xb65f9800 JavaThread "C1 CompilerThread2" daemon [_thread_blocked, id=26870, stack(0x64754000,0x647d5000)]
  0xb65f8000 JavaThread "C2 CompilerThread1" daemon [_thread_blocked, id=26869, stack(0x647d5000,0x64856000)]
  0xb65f6800 JavaThread "C2 CompilerThread0" daemon [_thread_blocked, id=26868, stack(0x64856000,0x648d7000)]
  0xb65f5400 JavaThread "Signal Dispatcher" daemon [_thread_blocked, id=26867, stack(0x648d7000,0x64928000)]
  0xb65f3800 JavaThread "Surrogate Locker Thread (Concurrent GC)" daemon [_thread_blocked, id=26866, stack(0x64928000,0x64979000)]
  0xb65e1000 JavaThread "Finalizer" daemon [_thread_blocked, id=26865, stack(0x64b79000,0x64bca000)]
  0xb65df800 JavaThread "Reference Handler" daemon [_thread_blocked, id=26864, stack(0x64bca000,0x64c1b000)]

Other Threads:
  0xb65da800 VMThread [stack: 0x64c1b000,0x64c9c000] [id=26863]
  0x646ef400 WatcherThread [stack: 0x6431c000,0x6439d000] [id=26874]

Threads with active compile tasks:
C1 CompilerThread22386       3       java.awt.Container::proxyEnableEvents (44 bytes)

VM state:synchronizing (normal execution)

VM Mutex/Monitor currently owned by a thread:  ([mutex/lock_event])
[0xb6508b90] Safepoint_lock - owner thread: 0xb65da800
[0xb6508bf8] Threads_lock - owner thread: 0xb65da800

Heap:
 garbage-first heap   total 65536K, used 13469K [0x67800000, 0x67900100, 0xa6a00000)
  region size 1024K, 6 young (6144K), 1 survivors (1024K)
 Metaspace       used 14494K, capacity 15059K, committed 15128K, reserved 15664K

Heap Regions: E=young(eden), S=young(survivor), O=old, HS=humongous(starts), HC=humongous(continues), CS=collection set, F=free, A=archive, TS=gc time stamp, AC=allocation context, TAMS=top-at-mark-start (previous, next)
|   0|0x67800000, 0x67900000, 0x67900000|100%| O|  |TS  3|AC  0|TAMS 0x67800000, 0x67800000|
|   1|0x67900000, 0x67a00000, 0x67a00000|100%| O|  |TS  3|AC  0|TAMS 0x67900000, 0x67900000|
|   2|0x67a00000, 0x67b00000, 0x67b00000|100%| O|  |TS  3|AC  0|TAMS 0x67a00000, 0x67a00000|
|   3|0x67b00000, 0x67c00000, 0x67c00000|100%| O|  |TS  5|AC  0|TAMS 0x67b00000, 0x67b00000|
|   4|0x67c00000, 0x67d00000, 0x67d00000|100%| O|  |TS  5|AC  0|TAMS 0x67c00000, 0x67c00000|
|   5|0x67d00000, 0x67e00000, 0x67e00000|100%| O|  |TS  5|AC  0|TAMS 0x67d00000, 0x67d00000|
|   6|0x67e00000, 0x67f00000, 0x67f00000|100%| O|  |TS  5|AC  0|TAMS 0x67e00000, 0x67e00000|
|   7|0x67f00000, 0x68000000, 0x68000000|100%| O|  |TS  5|AC  0|TAMS 0x67f00000, 0x67f00000|
|   8|0x68000000, 0x680a7600, 0x68100000| 65%| O|  |TS  5|AC  0|TAMS 0x68000000, 0x68000000|
|   9|0x68100000, 0x68100000, 0x68200000|  0%| F|  |TS  0|AC  0|TAMS 0x68100000, 0x68100000|
|  10|0x68200000, 0x68200000, 0x68300000|  0%| F|  |TS  0|AC  0|TAMS 0x68200000, 0x68200000|
|  11|0x68300000, 0x68300000, 0x68400000|  0%| F|  |TS  0|AC  0|TAMS 0x68300000, 0x68300000|
|  12|0x68400000, 0x68400000, 0x68500000|  0%| F|  |TS  0|AC  0|TAMS 0x68400000, 0x68400000|
|  13|0x68500000, 0x68500000, 0x68600000|  0%| F|  |TS  0|AC  0|TAMS 0x68500000, 0x68500000|
|  14|0x68600000, 0x68600000, 0x68700000|  0%| F|  |TS  0|AC  0|TAMS 0x68600000, 0x68600000|
|  15|0x68700000, 0x68700000, 0x68800000|  0%| F|  |TS  0|AC  0|TAMS 0x68700000, 0x68700000|
|  16|0x68800000, 0x68800000, 0x68900000|  0%| F|  |TS  0|AC  0|TAMS 0x68800000, 0x68800000|
|  17|0x68900000, 0x68900000, 0x68a00000|  0%| F|  |TS  0|AC  0|TAMS 0x68900000, 0x68900000|
|  18|0x68a00000, 0x68a00000, 0x68b00000|  0%| F|  |TS  0|AC  0|TAMS 0x68a00000, 0x68a00000|
|  19|0x68b00000, 0x68b00000, 0x68c00000|  0%| F|  |TS  0|AC  0|TAMS 0x68b00000, 0x68b00000|
|  20|0x68c00000, 0x68c00000, 0x68d00000|  0%| F|  |TS  0|AC  0|TAMS 0x68c00000, 0x68c00000|
|  21|0x68d00000, 0x68d00000, 0x68e00000|  0%| F|  |TS  3|AC  0|TAMS 0x68d00000, 0x68d00000|
|  22|0x68e00000, 0x68e00000, 0x68f00000|  0%| F|  |TS  3|AC  0|TAMS 0x68e00000, 0x68e00000|
|  23|0x68f00000, 0x68f00000, 0x69000000|  0%| F|  |TS  3|AC  0|TAMS 0x68f00000, 0x68f00000|
|  24|0x69000000, 0x69000000, 0x69100000|  0%| F|  |TS  3|AC  0|TAMS 0x69000000, 0x69000000|
|  25|0x69100000, 0x69100000, 0x69200000|  0%| F|  |TS  3|AC  0|TAMS 0x69100000, 0x69100000|
|  26|0x69200000, 0x69200000, 0x69300000|  0%| F|  |TS  0|AC  0|TAMS 0x69200000, 0x69200000|
|  27|0x69300000, 0x69300000, 0x69400000|  0%| F|  |TS  0|AC  0|TAMS 0x69300000, 0x69300000|
|  28|0x69400000, 0x69400000, 0x69500000|  0%| F|  |TS  0|AC  0|TAMS 0x69400000, 0x69400000|
|  29|0x69500000, 0x69500000, 0x69600000|  0%| F|  |TS  0|AC  0|TAMS 0x69500000, 0x69500000|
|  30|0x69600000, 0x69600000, 0x69700000|  0%| F|  |TS  0|AC  0|TAMS 0x69600000, 0x69600000|
|  31|0x69700000, 0x69700000, 0x69800000|  0%| F|  |TS  0|AC  0|TAMS 0x69700000, 0x69700000|
|  32|0x69800000, 0x69800000, 0x69900000|  0%| F|  |TS  0|AC  0|TAMS 0x69800000, 0x69800000|
|  33|0x69900000, 0x69900000, 0x69a00000|  0%| F|  |TS  0|AC  0|TAMS 0x69900000, 0x69900000|
|  34|0x69a00000, 0x69a00000, 0x69b00000|  0%| F|  |TS  0|AC  0|TAMS 0x69a00000, 0x69a00000|
|  35|0x69b00000, 0x69b00000, 0x69c00000|  0%| F|  |TS  0|AC  0|TAMS 0x69b00000, 0x69b00000|
|  36|0x69c00000, 0x69c00000, 0x69d00000|  0%| F|  |TS  0|AC  0|TAMS 0x69c00000, 0x69c00000|
|  37|0x69d00000, 0x69d00000, 0x69e00000|  0%| F|  |TS  0|AC  0|TAMS 0x69d00000, 0x69d00000|
|  38|0x69e00000, 0x69e00000, 0x69f00000|  0%| F|  |TS  0|AC  0|TAMS 0x69e00000, 0x69e00000|
|  39|0x69f00000, 0x69f00000, 0x6a000000|  0%| F|  |TS  0|AC  0|TAMS 0x69f00000, 0x69f00000|
|  40|0x6a000000, 0x6a000000, 0x6a100000|  0%| F|  |TS  0|AC  0|TAMS 0x6a000000, 0x6a000000|
|  41|0x6a100000, 0x6a100000, 0x6a200000|  0%| F|  |TS  0|AC  0|TAMS 0x6a100000, 0x6a100000|
|  42|0x6a200000, 0x6a200000, 0x6a300000|  0%| F|  |TS  0|AC  0|TAMS 0x6a200000, 0x6a200000|
|  43|0x6a300000, 0x6a300000, 0x6a400000|  0%| F|  |TS  0|AC  0|TAMS 0x6a300000, 0x6a300000|
|  44|0x6a400000, 0x6a400000, 0x6a500000|  0%| F|  |TS  0|AC  0|TAMS 0x6a400000, 0x6a400000|
|  45|0x6a500000, 0x6a500000, 0x6a600000|  0%| F|  |TS  0|AC  0|TAMS 0x6a500000, 0x6a500000|
|  46|0x6a600000, 0x6a600000, 0x6a700000|  0%| F|  |TS  0|AC  0|TAMS 0x6a600000, 0x6a600000|
|  47|0x6a700000, 0x6a700000, 0x6a800000|  0%| F|  |TS  0|AC  0|TAMS 0x6a700000, 0x6a700000|
|  48|0x6a800000, 0x6a800000, 0x6a900000|  0%| F|  |TS  0|AC  0|TAMS 0x6a800000, 0x6a800000|
|  49|0x6a900000, 0x6a900000, 0x6aa00000|  0%| F|  |TS  0|AC  0|TAMS 0x6a900000, 0x6a900000|
|  50|0x6aa00000, 0x6aa00000, 0x6ab00000|  0%| F|  |TS  0|AC  0|TAMS 0x6aa00000, 0x6aa00000|
|  51|0x6ab00000, 0x6ab00000, 0x6ac00000|  0%| F|  |TS  0|AC  0|TAMS 0x6ab00000, 0x6ab00000|
|  52|0x6ac00000, 0x6ac00000, 0x6ad00000|  0%| F|  |TS  0|AC  0|TAMS 0x6ac00000, 0x6ac00000|
|  53|0x6ad00000, 0x6ad00000, 0x6ae00000|  0%| F|  |TS  0|AC  0|TAMS 0x6ad00000, 0x6ad00000|
|  54|0x6ae00000, 0x6ae00000, 0x6af00000|  0%| F|  |TS  0|AC  0|TAMS 0x6ae00000, 0x6ae00000|
|  55|0x6af00000, 0x6af00000, 0x6b000000|  0%| F|  |TS  0|AC  0|TAMS 0x6af00000, 0x6af00000|
|  56|0x6b000000, 0x6b000000, 0x6b100000|  0%| F|  |TS  0|AC  0|TAMS 0x6b000000, 0x6b000000|
|  57|0x6b100000, 0x6b100000, 0x6b200000|  0%| F|  |TS  0|AC  0|TAMS 0x6b100000, 0x6b100000|
|  58|0x6b200000, 0x6b286d08, 0x6b300000| 52%| E|  |TS  0|AC  0|TAMS 0x6b200000, 0x6b200000|
|  59|0x6b300000, 0x6b400000, 0x6b400000|100%| E|CS|TS  0|AC  0|TAMS 0x6b300000, 0x6b300000|
|  60|0x6b400000, 0x6b500000, 0x6b500000|100%| E|CS|TS  1|AC  0|TAMS 0x6b400000, 0x6b400000|
|  61|0x6b500000, 0x6b600000, 0x6b600000|100%| E|CS|TS  0|AC  0|TAMS 0x6b500000, 0x6b500000|
|  62|0x6b600000, 0x6b680000, 0x6b700000| 50%| S|CS|TS  5|AC  0|TAMS 0x6b600000, 0x6b600000|
|  63|0x6b700000, 0x6b800000, 0x6b800000|100%| E|CS|TS  0|AC  0|TAMS 0x6b700000, 0x6b700000|

Card table byte_map: [0x6740e000,0x67607000] byte_map_base: 0x670d2000

Marking Bits (Prev, Next): (CMBitMap*) 0xb654b9e4, (CMBitMap*) 0xb654ba10
 Prev Bits: [0x6624d000, 0x67215000)
 Next Bits: [0x65285000, 0x6624d000)

Polling page: 0xb7791000

CodeHeap 'non-nmethods': size=5412Kb used=768Kb max_used=792Kb free=4643Kb
 bounds [0xa7345000, 0xa7585000, 0xa788e000]
CodeHeap 'profiled nmethods': size=120172Kb used=4801Kb max_used=4801Kb free=115370Kb
 bounds [0xa788e000, 0xa7d5e000, 0xaede9000]
CodeHeap 'non-profiled nmethods': size=120176Kb used=820Kb max_used=820Kb free=119355Kb
 bounds [0xaede9000, 0xaf029000, 0xb6345000]
 total_blobs=3216 nmethods=2192 adapters=221
 compilation: enabled

Compilation events (10 events):
Event: 11,648 Thread 0xb65f9800 nmethod 2383 0xaeeb5788 code [0xaeeb5880, 0xaeeb5920]
Event: 11,648 Thread 0xb65f9800 2356       1       javax.swing.text.html.parser.TagElement::getElement (5 bytes)
Event: 11,648 Thread 0xb65f9800 nmethod 2356 0xaeeb5988 code [0xaeeb5a80, 0xaeeb5b20]
Event: 11,648 Thread 0xb65f9800 2357       1       javax.swing.text.html.parser.Element::getName (5 bytes)
Event: 11,649 Thread 0xb65f9800 nmethod 2357 0xaeeb5b88 code [0xaeeb5c80, 0xaeeb5d20]
Event: 11,649 Thread 0xb65f9800 2384       1       java.awt.Component::isPreferredSizeSet (5 bytes)
Event: 11,649 Thread 0xb65f9800 nmethod 2384 0xaeeb5d88 code [0xaeeb5e80, 0xaeeb5f20]
Event: 11,649 Thread 0xb65f9800 2385       1       java.awt.Component::isMaximumSizeSet (5 bytes)
Event: 11,649 Thread 0xb65f9800 nmethod 2385 0xaeeb5f88 code [0xaeeb6080, 0xaeeb6120]
Event: 11,652 Thread 0xb65f9800 2386       3       java.awt.Container::proxyEnableEvents (44 bytes)

GC Heap History (6 events):
Event: 0,630 GC heap before
{Heap before GC invocations=0 (full 0):
 garbage-first heap   total 65536K, used 3072K [0x67800000, 0x67900100, 0xa6a00000)
  region size 1024K, 3 young (3072K), 0 survivors (0K)
 Metaspace       used 3867K, capacity 3922K, committed 3992K, reserved 4400K
}
Event: 0,650 GC heap after
{Heap after GC invocations=1 (full 0):
 garbage-first heap   total 65536K, used 1458K [0x67800000, 0x67900100, 0xa6a00000)
  region size 1024K, 1 young (1024K), 1 survivors (1024K)
 Metaspace       used 3867K, capacity 3922K, committed 3992K, reserved 4400K
}
Event: 11,102 GC heap before
{Heap before GC invocations=1 (full 0):
 garbage-first heap   total 65536K, used 39346K [0x67800000, 0x67900100, 0xa6a00000)
  region size 1024K, 38 young (38912K), 1 survivors (1024K)
 Metaspace       used 12845K, capacity 13350K, committed 13464K, reserved 13616K
}
Event: 11,135 GC heap after
{Heap after GC invocations=2 (full 0):
 garbage-first heap   total 65536K, used 8790K [0x67800000, 0x67900100, 0xa6a00000)
  region size 1024K, 5 young (5120K), 5 survivors (5120K)
 Metaspace       used 12845K, capacity 13350K, committed 13464K, reserved 13616K
}
Event: 11,237 GC heap before
{Heap before GC invocations=2 (full 0):
 garbage-first heap   total 65536K, used 9814K [0x67800000, 0x67900100, 0xa6a00000)
  region size 1024K, 6 young (6144K), 5 survivors (5120K)
 Metaspace       used 12981K, capacity 13480K, committed 13592K, reserved 13616K
}
Event: 11,270 GC heap after
{Heap after GC invocations=3 (full 0):
 garbage-first heap   total 65536K, used 9373K [0x67800000, 0x67900100, 0xa6a00000)
  region size 1024K, 1 young (1024K), 1 survivors (1024K)
 Metaspace       used 12981K, capacity 13480K, committed 13592K, reserved 13616K
}

Deoptimization events (10 events):
Event: 11,482 Thread 0x63921800 Uncommon trap: reason=class_check action=maybe_recompile pc=0xaee81208 method=java.lang.String.equals(Ljava/lang/Object;)Z @ 8
Event: 11,482 Thread 0x63921800 Uncommon trap: reason=class_check action=maybe_recompile pc=0xaee81208 method=java.lang.String.equals(Ljava/lang/Object;)Z @ 8
Event: 11,532 Thread 0x63921800 Uncommon trap: reason=unstable_if action=reinterpret pc=0xaee9b474 method=java.lang.StringLatin1.canEncode(I)Z @ 4
Event: 11,532 Thread 0x63921800 Uncommon trap: reason=unstable_if action=reinterpret pc=0xaee99554 method=java.lang.AbstractStringBuilder.isLatin1()Z @ 10
Event: 11,532 Thread 0x63921800 Uncommon trap: reason=unstable_if action=reinterpret pc=0xaeea883c method=java.lang.AbstractStringBuilder.isLatin1()Z @ 10
Event: 11,578 Thread 0x63921800 Uncommon trap: reason=unstable_if action=reinterpret pc=0xaee80a24 method=java.lang.StringCoding.encodeUTF8(B[B)[B @ 31
Event: 11,578 Thread 0x63921800 Uncommon trap: reason=bimorphic action=maybe_recompile pc=0xaee74c80 method=java.util.HashMap.putVal(ILjava/lang/Object;Ljava/lang/Object;ZZ)Ljava/lang/Object; @ 203
Event: 11,600 Thread 0x63921800 Uncommon trap: reason=bimorphic action=maybe_recompile pc=0xaee74c80 method=java.util.HashMap.putVal(ILjava/lang/Object;Ljava/lang/Object;ZZ)Ljava/lang/Object; @ 203
Event: 11,602 Thread 0x63921800 Uncommon trap: reason=bimorphic action=maybe_recompile pc=0xaeea5be0 method=java.util.HashMap.putVal(ILjava/lang/Object;Ljava/lang/Object;ZZ)Ljava/lang/Object; @ 203
Event: 11,651 Thread 0x63921800 Uncommon trap: reason=unstable_if action=reinterpret pc=0xaee1c4b0 method=java.lang.ref.SoftReference.get()Ljava/lang/Object; @ 6

Classes redefined (0 events):
No events

Internal exceptions (10 events):
Event: 10,444 Thread 0x084bb000 Exception <a 'java/lang/InterruptedException': sleep interrupted> (0x697480b0) thrown at [/build/openjdk-9-GMfJKp/openjdk-9-9~b114/src/hotspot/src/share/vm/prims/jvm.cpp, line 3065]
Event: 10,523 Thread 0x63921800 Exception <a 'java/lang/NoSuchMethodError': java.lang.Object.of([Ljava/lang/Object;)Ljava/util/stream/Stream;> (0x69860600) thrown at [/build/openjdk-9-GMfJKp/openjdk-9-9~b114/src/hotspot/src/share/vm/interpreter/linkResolver.cpp, line 728]
Event: 10,693 Thread 0x63921800 Implicit null exception at 0xaee1dddb to 0xaee1e211
Event: 10,694 Thread 0x63921800 Implicit null exception at 0xaee18ed9 to 0xaee19311
Event: 10,798 Thread 0x63921800 Exception <a 'java/lang/ClassNotFoundException': panda/resources/InsertionRuleButtonProvider> (0x695b2dc0) thrown at [/build/openjdk-9-GMfJKp/openjdk-9-9~b114/src/hotspot/src/share/vm/prims/jni.cpp, line 626]
Event: 10,807 Thread 0x63921800 Exception <a 'java/lang/ClassNotFoundException': panda/resources/InsertionRuleButtonProvider> (0x695dc5e0) thrown at [/build/openjdk-9-GMfJKp/openjdk-9-9~b114/src/hotspot/src/share/vm/prims/jni.cpp, line 626]
Event: 11,178 Thread 0x63921800 Implicit null exception at 0xaedeea0b to 0xaedeea32
Event: 11,230 Thread 0x63921800 Implicit null exception at 0xaee25463 to 0xaee25605
Event: 11,403 Thread 0x63921800 Exception <a 'java/lang/ClassNotFoundException': panda/resources/MrnatureViewProvider> (0x6b4e33b0) thrown at [/build/openjdk-9-GMfJKp/openjdk-9-9~b114/src/hotspot/src/share/vm/prims/jni.cpp, line 626]
Event: 11,558 Thread 0x63921800 Exception <a 'java/lang/ClassNotFoundException': panda/resources/MrnatureViewProvider> (0x6b217010) thrown at [/build/openjdk-9-GMfJKp/openjdk-9-9~b114/src/hotspot/src/share/vm/prims/jni.cpp, line 626]

Events (10 events):
Event: 11,651 loading class sun/font/StrikeCache$SoftDisposerRef
Event: 11,651 loading class sun/font/StrikeCache$DisposableStrike
Event: 11,651 loading class sun/font/StrikeCache$DisposableStrike done
Event: 11,651 loading class sun/font/StrikeCache$SoftDisposerRef done
Event: 11,651 loading class sun/font/FileFontStrike
Event: 11,652 loading class sun/font/FileFontStrike done
Event: 11,652 loading class sun/font/FontScaler
Event: 11,652 loading class sun/font/FontScaler done
Event: 11,652 loading class sun/font/FreetypeFontScaler
Event: 11,652 loading class sun/font/FreetypeFontScaler done


Dynamic libraries:
08048000-08049000 r-xp 00000000 08:01 11011      /usr/lib/jvm/java-9-openjdk-i386/bin/java
08049000-0804a000 r--p 00000000 08:01 11011      /usr/lib/jvm/java-9-openjdk-i386/bin/java
0804a000-0804b000 rw-p 00001000 08:01 11011      /usr/lib/jvm/java-9-openjdk-i386/bin/java
08201000-0909c000 rw-p 00000000 00:00 0          [heap]
623c7000-623cb000 ---p 00000000 00:00 0 
623cb000-62518000 rw-p 00000000 00:00 0 
62518000-6251c000 ---p 00000000 00:00 0 
6251c000-62669000 rw-p 00000000 00:00 0 
62700000-627fb000 rw-p 00000000 00:00 0 
627fb000-62800000 ---p 00000000 00:00 0 
62800000-62880000 rw-p 00000000 00:00 0 
62880000-62900000 ---p 00000000 00:00 0 
62900000-62a00000 rw-p 00000000 00:00 0 
62a17000-62b17000 rw-p 00000000 00:00 0 
62b17000-62b26000 r--s 00000000 08:01 408641     /var/cache/fontconfig/04aabc0a78ac019cf9454389977116d2-le32d4.cache-6
62b26000-62b42000 r--s 00000000 08:01 408406     /var/cache/fontconfig/0bd3dc0958fa2205aaaa8ebb13e2872b-le32d4.cache-6
62b42000-62b52000 r--s 00000000 08:01 401479     /var/cache/fontconfig/d52a8644073d54c13679302ca1180695-le32d4.cache-6
62b52000-62b8d000 r--s 00000000 08:05 9046552    /home/joseph/.cache/fontconfig/9d0ebcfb160a7fb4973555c77c4a9ede-le32d4.cache-6
62baf000-62bb3000 ---p 00000000 00:00 0 
62bb3000-62c00000 rw-p 00000000 00:00 0 
62c00000-62cfd000 rw-p 00000000 00:00 0 
62cfd000-62d00000 ---p 00000000 00:00 0 
62d00000-62e00000 rw-p 00000000 00:00 0 
62e00000-62ffd000 rw-p 00000000 00:00 0 
62ffd000-63000000 ---p 00000000 00:00 0 
63000000-630fb000 rw-p 00000000 00:00 0 
630fb000-63100000 ---p 00000000 00:00 0 
63100000-63200000 rw-p 00000000 00:00 0 
63200000-632fc000 rw-p 00000000 00:00 0 
632fc000-63300000 ---p 00000000 00:00 0 
6330d000-63311000 ---p 00000000 00:00 0 
63311000-6335e000 rw-p 00000000 00:00 0 
6335e000-63362000 ---p 00000000 00:00 0 
63362000-633af000 rw-p 00000000 00:00 0 
633af000-633b3000 ---p 00000000 00:00 0 
633b3000-63400000 rw-p 00000000 00:00 0 
63400000-63500000 rw-p 00000000 00:00 0 
63501000-63509000 r--s 00000000 08:01 401484     /var/cache/fontconfig/945677eb7aeaf62f1d50efc3fb3ec7d8-le32d4.cache-6
63509000-6350d000 r--s 00000000 08:01 408690     /var/cache/fontconfig/2cd17615ca594fa2959ae173292e504c-le32d4.cache-6
6350d000-6360d000 rw-p 00000000 00:00 0 
6360d000-6370d000 rw-p 00000000 00:00 0 
6370d000-6380d000 rw-p 00000000 00:00 0 
6380d000-63811000 ---p 00000000 00:00 0 
63811000-6385e000 rw-p 00000000 00:00 0 
6385e000-63862000 ---p 00000000 00:00 0 
63862000-638af000 rw-p 00000000 00:00 0 
638af000-638b3000 ---p 00000000 00:00 0 
638b3000-63900000 rw-p 00000000 00:00 0 
63900000-639f3000 rw-p 00000000 00:00 0 
639f3000-63a00000 ---p 00000000 00:00 0 
63a00000-63a03000 r--s 00000000 08:01 408520     /var/cache/fontconfig/385c0604a188198f04d133e54aba7fe7-le32d4.cache-6
63a03000-63a07000 r--s 00000000 08:01 401489     /var/cache/fontconfig/8801497958630a81b71ace7c5f9b32a8-le32d4.cache-6
63a07000-63a0c000 r--s 00000000 08:01 401487     /var/cache/fontconfig/3047814df9a2f067bd2d96a2b9c36e5a-le32d4.cache-6
63a0c000-63a15000 r--s 00000000 08:01 411168     /var/cache/fontconfig/d589a48862398ed80a3d6066f4f56f4c-le32d4.cache-6
63a15000-63a1d000 r--s 00000000 08:01 397604     /var/cache/fontconfig/83bf95040141907cd45bb53cf7c1c148-le32d4.cache-6
63a1d000-63a22000 r-xp 00000000 08:01 4589       /usr/lib/i386-linux-gnu/libXfixes.so.3.1.0
63a22000-63a23000 r--p 00004000 08:01 4589       /usr/lib/i386-linux-gnu/libXfixes.so.3.1.0
63a23000-63a24000 rw-p 00005000 08:01 4589       /usr/lib/i386-linux-gnu/libXfixes.so.3.1.0
63a24000-63a2d000 r-xp 00000000 08:01 4581       /usr/lib/i386-linux-gnu/libXcursor.so.1.0.2
63a2d000-63a2e000 r--p 00008000 08:01 4581       /usr/lib/i386-linux-gnu/libXcursor.so.1.0.2
63a2e000-63a2f000 rw-p 00009000 08:01 4581       /usr/lib/i386-linux-gnu/libXcursor.so.1.0.2
63a2f000-63a33000 ---p 00000000 00:00 0 
63a33000-63a80000 rw-p 00000000 00:00 0 
63a80000-63aa9000 r-xp 00000000 08:01 134695     /lib/i386-linux-gnu/libpng12.so.0.54.0
63aa9000-63aaa000 r--p 00028000 08:01 134695     /lib/i386-linux-gnu/libpng12.so.0.54.0
63aaa000-63aab000 rw-p 00029000 08:01 134695     /lib/i386-linux-gnu/libpng12.so.0.54.0
63aab000-63b56000 r-xp 00000000 08:01 4976       /usr/lib/i386-linux-gnu/libfreetype.so.6.12.1
63b56000-63b5a000 r--p 000aa000 08:01 4976       /usr/lib/i386-linux-gnu/libfreetype.so.6.12.1
63b5a000-63b5b000 rw-p 000ae000 08:01 4976       /usr/lib/i386-linux-gnu/libfreetype.so.6.12.1
63b5b000-63c1d000 r-xp 00000000 08:01 11028      /usr/lib/jvm/java-9-openjdk-i386/lib/i386/libfontmanager.so
63c1d000-63c1f000 r--p 000c1000 08:01 11028      /usr/lib/jvm/java-9-openjdk-i386/lib/i386/libfontmanager.so
63c1f000-63c20000 rw-p 000c3000 08:01 11028      /usr/lib/jvm/java-9-openjdk-i386/lib/i386/libfontmanager.so
63c20000-63d20000 rw-p 00000000 00:00 0 
63d20000-63d25000 r-xp 00000000 08:01 4585       /usr/lib/i386-linux-gnu/libXdmcp.so.6.0.0
63d25000-63d26000 r--p 00004000 08:01 4585       /usr/lib/i386-linux-gnu/libXdmcp.so.6.0.0
63d26000-63d27000 rw-p 00005000 08:01 4585       /usr/lib/i386-linux-gnu/libXdmcp.so.6.0.0
63d27000-63d4b000 r-xp 00000000 08:01 5787       /usr/lib/i386-linux-gnu/libxcb.so.1.1.0
63d4b000-63d4c000 r--p 00023000 08:01 5787       /usr/lib/i386-linux-gnu/libxcb.so.1.1.0
63d4c000-63d4d000 rw-p 00024000 08:01 5787       /usr/lib/i386-linux-gnu/libxcb.so.1.1.0
63d4d000-63d5e000 r-xp 00000000 08:01 4595       /usr/lib/i386-linux-gnu/libXi.so.6.1.0
63d5e000-63d5f000 r--p 00010000 08:01 4595       /usr/lib/i386-linux-gnu/libXi.so.6.1.0
63d5f000-63d60000 rw-p 00011000 08:01 4595       /usr/lib/i386-linux-gnu/libXi.so.6.1.0
63d60000-63ea6000 r-xp 00000000 08:01 4570       /usr/lib/i386-linux-gnu/libX11.so.6.3.0
63ea6000-63ea7000 ---p 00146000 08:01 4570       /usr/lib/i386-linux-gnu/libX11.so.6.3.0
63ea7000-63ea8000 r--p 00146000 08:01 4570       /usr/lib/i386-linux-gnu/libX11.so.6.3.0
63ea8000-63eaa000 rw-p 00147000 08:01 4570       /usr/lib/i386-linux-gnu/libX11.so.6.3.0
63eaa000-63eab000 rw-p 00000000 00:00 0 
63eab000-63ebe000 r-xp 00000000 08:01 4587       /usr/lib/i386-linux-gnu/libXext.so.6.4.0
63ebe000-63ebf000 r--p 00012000 08:01 4587       /usr/lib/i386-linux-gnu/libXext.so.6.4.0
63ebf000-63ec0000 rw-p 00013000 08:01 4587       /usr/lib/i386-linux-gnu/libXext.so.6.4.0
63ec0000-63f14000 r-xp 00000000 08:01 11059      /usr/lib/jvm/java-9-openjdk-i386/lib/i386/libawt_xawt.so
63f14000-63f15000 r--p 00053000 08:01 11059      /usr/lib/jvm/java-9-openjdk-i386/lib/i386/libawt_xawt.so
63f15000-63f17000 rw-p 00054000 08:01 11059      /usr/lib/jvm/java-9-openjdk-i386/lib/i386/libawt_xawt.so
63f17000-63f18000 rw-p 00000000 00:00 0 
63f18000-63fae000 r-xp 00000000 08:01 11027      /usr/lib/jvm/java-9-openjdk-i386/lib/i386/libawt.so
63fae000-63faf000 r--p 00095000 08:01 11027      /usr/lib/jvm/java-9-openjdk-i386/lib/i386/libawt.so
63faf000-63fb6000 rw-p 00096000 08:01 11027      /usr/lib/jvm/java-9-openjdk-i386/lib/i386/libawt.so
63fb6000-63fda000 rw-p 00000000 00:00 0 
63fda000-64000000 r--p 00000000 08:01 537903     /usr/share/locale-langpack/fr/LC_MESSAGES/libc.mo
64000000-64100000 rw-p 00000000 00:00 0 
64100000-64200000 rw-p 00000000 00:00 0 
64200000-642fe000 rw-p 00000000 00:00 0 
642fe000-64300000 ---p 00000000 00:00 0 
64301000-64306000 r-xp 00000000 08:01 4613       /usr/lib/i386-linux-gnu/libXtst.so.6.1.0
64306000-64307000 r--p 00004000 08:01 4613       /usr/lib/i386-linux-gnu/libXtst.so.6.1.0
64307000-64308000 rw-p 00005000 08:01 4613       /usr/lib/i386-linux-gnu/libXtst.so.6.1.0
6430a000-6430e000 r--s 00000000 08:01 401480     /var/cache/fontconfig/b47c4e1ecd0709278f4910c18777a504-le32d4.cache-6
6430e000-6431c000 r--s 00000000 08:01 401463     /var/cache/fontconfig/9b89f8e3dae116d678bbf48e5f21f69b-le32d4.cache-6
6431c000-6431d000 ---p 00000000 00:00 0 
6431d000-6439d000 rw-p 00000000 00:00 0 
6439d000-643a1000 ---p 00000000 00:00 0 
643a1000-643ee000 rw-p 00000000 00:00 0 
643ee000-643f2000 ---p 00000000 00:00 0 
643f2000-64600000 rw-p 00000000 00:00 0 
64600000-646fb000 rw-p 00000000 00:00 0 
646fb000-64700000 ---p 00000000 00:00 0 
64700000-64701000 r--s 00000000 08:01 408689     /var/cache/fontconfig/0d8c3b2ac0904cb8a57a757ad11a4a08-le32d4.cache-6
64701000-64702000 r--s 00000000 08:01 408640     /var/cache/fontconfig/1ac9eb803944fde146138c791f5cc56a-le32d4.cache-6
64702000-64703000 r--s 00000000 08:01 408519     /var/cache/fontconfig/dc05db6664285cc2f12bf69c139ae4c3-le32d4.cache-6
64703000-64707000 ---p 00000000 00:00 0 
64707000-64754000 rw-p 00000000 00:00 0 
64754000-64758000 ---p 00000000 00:00 0 
64758000-647d5000 rw-p 00000000 00:00 0 
647d5000-647d9000 ---p 00000000 00:00 0 
647d9000-64856000 rw-p 00000000 00:00 0 
64856000-6485a000 ---p 00000000 00:00 0 
6485a000-648d7000 rw-p 00000000 00:00 0 
648d7000-648db000 ---p 00000000 00:00 0 
648db000-64928000 rw-p 00000000 00:00 0 
64928000-6492c000 ---p 00000000 00:00 0 
6492c000-64979000 rw-p 00000000 00:00 0 
64979000-64b79000 r--p 00000000 08:01 821        /usr/lib/locale/locale-archive
64b79000-64b7d000 ---p 00000000 00:00 0 
64b7d000-64bca000 rw-p 00000000 00:00 0 
64bca000-64bce000 ---p 00000000 00:00 0 
64bce000-64c1b000 rw-p 00000000 00:00 0 
64c1b000-64c1c000 ---p 00000000 00:00 0 
64c1c000-6513d000 rw-p 00000000 00:00 0 
6513d000-65143000 ---p 00000000 00:00 0 
65143000-65183000 rw-p 00000000 00:00 0 
65183000-65184000 ---p 00000000 00:00 0 
65184000-65204000 rw-p 00000000 00:00 0 
65204000-65205000 ---p 00000000 00:00 0 
65205000-65385000 rw-p 00000000 00:00 0 
65385000-6624d000 ---p 00000000 00:00 0 
6624d000-6634d000 rw-p 00000000 00:00 0 
6634d000-67215000 ---p 00000000 00:00 0 
67215000-67235000 rw-p 00000000 00:00 0 
67235000-6740e000 ---p 00000000 00:00 0 
6740e000-6742e000 rw-p 00000000 00:00 0 
6742e000-67800000 ---p 00000000 00:00 0 
67800000-6b800000 rw-p 00000000 00:00 0 
6b800000-a6a00000 ---p 00000000 00:00 0 
a6a00000-a6a02000 r--s 00000000 08:01 397605     /var/cache/fontconfig/767a8244fc0220cfb567a839d0392e0b-le32d4.cache-6
a6a02000-a6a05000 r--s 00000000 08:01 401465     /var/cache/fontconfig/75114ca45c98e8a441da0ff356701271-le32d4.cache-6
a6a05000-a6a25000 rw-p 00000000 00:00 0 
a6a25000-a6bfe000 ---p 00000000 00:00 0 
a6bfe000-a6bff000 ---p 00000000 00:00 0 
a6bff000-a6c7f000 rw-p 00000000 00:00 0 
a6c7f000-a6c80000 ---p 00000000 00:00 0 
a6c80000-a6d00000 rw-p 00000000 00:00 0 
a6d00000-a6d2a000 rw-p 00000000 00:00 0 
a6d2a000-a6e00000 ---p 00000000 00:00 0 
a6e00000-a6e01000 r--s 00000000 08:01 408407     /var/cache/fontconfig/4794a0821666d79190d59a36cb4f44b5-le32d4.cache-6
a6e01000-a6e02000 r--s 00000000 08:01 401488     /var/cache/fontconfig/bab58bb527bb656aaa9f116d68a48d89-le32d4.cache-6
a6e02000-a6e0c000 r-xp 00000000 08:01 4607       /usr/lib/i386-linux-gnu/libXrender.so.1.3.0
a6e0c000-a6e0d000 r--p 00009000 08:01 4607       /usr/lib/i386-linux-gnu/libXrender.so.1.3.0
a6e0d000-a6e0e000 rw-p 0000a000 08:01 4607       /usr/lib/i386-linux-gnu/libXrender.so.1.3.0
a6e0e000-a6e15000 r--s 00000000 08:01 2390       /usr/lib/i386-linux-gnu/gconv/gconv-modules.cache
a6e15000-a6e2a000 r-xp 00000000 08:01 11029      /usr/lib/jvm/java-9-openjdk-i386/lib/i386/libnet.so
a6e2a000-a6e2b000 r--p 00014000 08:01 11029      /usr/lib/jvm/java-9-openjdk-i386/lib/i386/libnet.so
a6e2b000-a6e2c000 rw-p 00015000 08:01 11029      /usr/lib/jvm/java-9-openjdk-i386/lib/i386/libnet.so
a6e2c000-a6e3d000 r-xp 00000000 08:01 11060      /usr/lib/jvm/java-9-openjdk-i386/lib/i386/libnio.so
a6e3d000-a6e3e000 r--p 00010000 08:01 11060      /usr/lib/jvm/java-9-openjdk-i386/lib/i386/libnio.so
a6e3e000-a6e3f000 rw-p 00011000 08:01 11060      /usr/lib/jvm/java-9-openjdk-i386/lib/i386/libnio.so
a6e3f000-a6e7f000 rw-p 00000000 00:00 0 
a6e7f000-a6e80000 ---p 00000000 00:00 0 
a6e80000-a6f00000 rw-p 00000000 00:00 0 
a6f00000-a6fea000 rw-p 00000000 00:00 0 
a6fea000-a7000000 ---p 00000000 00:00 0 
a7000000-a7001000 r--s 00000000 08:01 401486     /var/cache/fontconfig/56cf4f4769d0f4abc89a4895d7bd3ae1-le32d4.cache-6
a7001000-a7002000 r--s 00000000 08:01 401481     /var/cache/fontconfig/b9d506c9ac06c20b433354fa67a72993-le32d4.cache-6
a7002000-a7062000 rw-p 00000000 00:00 0 
a7062000-a7063000 ---p 00000000 00:00 0 
a7063000-a70e3000 rw-p 00000000 00:00 0 
a70e3000-a70e4000 ---p 00000000 00:00 0 
a70e4000-a7169000 rw-p 00000000 00:00 0 
a7169000-a724f000 ---p 00000000 00:00 0 
a724f000-a7259000 rw-p 00000000 00:00 0 
a7259000-a733a000 ---p 00000000 00:00 0 
a733a000-a733f000 rw-p 00000000 00:00 0 
a733f000-a7345000 ---p 00000000 00:00 0 
a7345000-a7585000 rwxp 00000000 00:00 0 
a7585000-a788e000 ---p 00000000 00:00 0 
a788e000-a7d5e000 rwxp 00000000 00:00 0 
a7d5e000-aede9000 ---p 00000000 00:00 0 
aede9000-af029000 rwxp 00000000 00:00 0 
af029000-b6345000 ---p 00000000 00:00 0 
b6345000-b6500000 r--s 00000000 08:01 11016      /usr/lib/jvm/java-9-openjdk-i386/lib/modules
b6500000-b65fd000 rw-p 00000000 00:00 0 
b65fd000-b6600000 ---p 00000000 00:00 0 
b6600000-b6601000 r--s 00000000 08:01 401474     /var/cache/fontconfig/551ecf3b0e8b0bca0f25c0944f561853-le32d4.cache-6
b6601000-b6602000 r--s 00000000 08:01 401469     /var/cache/fontconfig/30829fa25452a46451e813d634d7f916-le32d4.cache-6
b6602000-b6604000 r-xp 00000000 08:01 4574       /usr/lib/i386-linux-gnu/libXau.so.6.0.0
b6604000-b6605000 r--p 00001000 08:01 4574       /usr/lib/i386-linux-gnu/libXau.so.6.0.0
b6605000-b6606000 rw-p 00002000 08:01 4574       /usr/lib/i386-linux-gnu/libXau.so.6.0.0
b6606000-b660b000 r-xp 00000000 08:01 11043      /usr/lib/jvm/java-9-openjdk-i386/lib/i386/libjimage.so
b660b000-b660c000 r--p 00004000 08:01 11043      /usr/lib/jvm/java-9-openjdk-i386/lib/i386/libjimage.so
b660c000-b660d000 rw-p 00005000 08:01 11043      /usr/lib/jvm/java-9-openjdk-i386/lib/i386/libjimage.so
b660d000-b6618000 r-xp 00000000 08:01 136273     /lib/i386-linux-gnu/libnss_files-2.23.so
b6618000-b6619000 r--p 0000a000 08:01 136273     /lib/i386-linux-gnu/libnss_files-2.23.so
b6619000-b661a000 rw-p 0000b000 08:01 136273     /lib/i386-linux-gnu/libnss_files-2.23.so
b661a000-b6620000 rw-p 00000000 00:00 0 
b6620000-b662b000 r-xp 00000000 08:01 136268     /lib/i386-linux-gnu/libnss_nis-2.23.so
b662b000-b662c000 r--p 0000a000 08:01 136268     /lib/i386-linux-gnu/libnss_nis-2.23.so
b662c000-b662d000 rw-p 0000b000 08:01 136268     /lib/i386-linux-gnu/libnss_nis-2.23.so
b662d000-b6644000 r-xp 00000000 08:01 136264     /lib/i386-linux-gnu/libnsl-2.23.so
b6644000-b6645000 r--p 00016000 08:01 136264     /lib/i386-linux-gnu/libnsl-2.23.so
b6645000-b6646000 rw-p 00017000 08:01 136264     /lib/i386-linux-gnu/libnsl-2.23.so
b6646000-b6648000 rw-p 00000000 00:00 0 
b6648000-b6650000 r-xp 00000000 08:01 136262     /lib/i386-linux-gnu/libnss_compat-2.23.so
b6650000-b6651000 r--p 00007000 08:01 136262     /lib/i386-linux-gnu/libnss_compat-2.23.so
b6651000-b6652000 rw-p 00008000 08:01 136262     /lib/i386-linux-gnu/libnss_compat-2.23.so
b6652000-b6653000 r--s 00000000 08:01 397601     /var/cache/fontconfig/0c9eb80ebd1c36541ebe2852d3bb0c49-le32d4.cache-6
b6653000-b6655000 r--s 00000000 08:01 397609     /var/cache/fontconfig/e13b20fdb08344e0e664864cc2ede53d-le32d4.cache-6
b6655000-b665c000 r-xp 00000000 08:01 11039      /usr/lib/jvm/java-9-openjdk-i386/lib/i386/libzip.so
b665c000-b665d000 r--p 00006000 08:01 11039      /usr/lib/jvm/java-9-openjdk-i386/lib/i386/libzip.so
b665d000-b665e000 rw-p 00007000 08:01 11039      /usr/lib/jvm/java-9-openjdk-i386/lib/i386/libzip.so
b665e000-b6666000 rw-s 00000000 08:01 11380      /tmp/hsperfdata_joseph/26854
b6666000-b668c000 r-xp 00000000 08:01 11022      /usr/lib/jvm/java-9-openjdk-i386/lib/i386/libjava.so
b668c000-b668d000 r--p 00025000 08:01 11022      /usr/lib/jvm/java-9-openjdk-i386/lib/i386/libjava.so
b668d000-b668e000 rw-p 00026000 08:01 11022      /usr/lib/jvm/java-9-openjdk-i386/lib/i386/libjava.so
b668e000-b6695000 r-xp 00000000 08:01 136286     /lib/i386-linux-gnu/librt-2.23.so
b6695000-b6696000 r--p 00006000 08:01 136286     /lib/i386-linux-gnu/librt-2.23.so
b6696000-b6697000 rw-p 00007000 08:01 136286     /lib/i386-linux-gnu/librt-2.23.so
b6697000-b669b000 ---p 00000000 00:00 0 
b669b000-b66e8000 rw-p 00000000 00:00 0 
b66e8000-b6704000 r-xp 00000000 08:01 134594     /lib/i386-linux-gnu/libgcc_s.so.1
b6704000-b6705000 rw-p 0001b000 08:01 134594     /lib/i386-linux-gnu/libgcc_s.so.1
b6705000-b6758000 r-xp 00000000 08:01 136282     /lib/i386-linux-gnu/libm-2.23.so
b6758000-b6759000 r--p 00052000 08:01 136282     /lib/i386-linux-gnu/libm-2.23.so
b6759000-b675a000 rw-p 00053000 08:01 136282     /lib/i386-linux-gnu/libm-2.23.so
b675a000-b68c7000 r-xp 00000000 08:01 3522       /usr/lib/i386-linux-gnu/libstdc++.so.6.0.21
b68c7000-b68c8000 ---p 0016d000 08:01 3522       /usr/lib/i386-linux-gnu/libstdc++.so.6.0.21
b68c8000-b68cd000 r--p 0016d000 08:01 3522       /usr/lib/i386-linux-gnu/libstdc++.so.6.0.21
b68cd000-b68ce000 rw-p 00172000 08:01 3522       /usr/lib/i386-linux-gnu/libstdc++.so.6.0.21
b68ce000-b68d1000 rw-p 00000000 00:00 0 
b68d1000-b74fd000 r-xp 00000000 08:01 11036      /usr/lib/jvm/java-9-openjdk-i386/lib/i386/server/libjvm.so
b74fd000-b7552000 r--p 00c2b000 08:01 11036      /usr/lib/jvm/java-9-openjdk-i386/lib/i386/server/libjvm.so
b7552000-b7570000 rw-p 00c80000 08:01 11036      /usr/lib/jvm/java-9-openjdk-i386/lib/i386/server/libjvm.so
b7570000-b7599000 rw-p 00000000 00:00 0 
b7599000-b75b2000 r-xp 00000000 08:01 136290     /lib/i386-linux-gnu/libpthread-2.23.so
b75b2000-b75b3000 r--p 00018000 08:01 136290     /lib/i386-linux-gnu/libpthread-2.23.so
b75b3000-b75b4000 rw-p 00019000 08:01 136290     /lib/i386-linux-gnu/libpthread-2.23.so
b75b4000-b75b6000 rw-p 00000000 00:00 0 
b75b6000-b75b9000 r-xp 00000000 08:01 136292     /lib/i386-linux-gnu/libdl-2.23.so
b75b9000-b75ba000 r--p 00002000 08:01 136292     /lib/i386-linux-gnu/libdl-2.23.so
b75ba000-b75bb000 rw-p 00003000 08:01 136292     /lib/i386-linux-gnu/libdl-2.23.so
b75bb000-b75d4000 r-xp 00000000 08:01 134745     /lib/i386-linux-gnu/libz.so.1.2.8
b75d4000-b75d5000 r--p 00018000 08:01 134745     /lib/i386-linux-gnu/libz.so.1.2.8
b75d5000-b75d6000 rw-p 00019000 08:01 134745     /lib/i386-linux-gnu/libz.so.1.2.8
b75d6000-b7785000 r-xp 00000000 08:01 136291     /lib/i386-linux-gnu/libc-2.23.so
b7785000-b7786000 ---p 001af000 08:01 136291     /lib/i386-linux-gnu/libc-2.23.so
b7786000-b7788000 r--p 001af000 08:01 136291     /lib/i386-linux-gnu/libc-2.23.so
b7788000-b7789000 rw-p 001b1000 08:01 136291     /lib/i386-linux-gnu/libc-2.23.so
b7789000-b778c000 rw-p 00000000 00:00 0 
b778c000-b778f000 r--s 00000000 08:01 397612     /var/cache/fontconfig/7ef2298fde41cc6eeb7af42e48b7d293-le32d4.cache-6
b778f000-b7790000 r--p 002db000 08:01 821        /usr/lib/locale/locale-archive
b7790000-b7791000 rw-p 00000000 00:00 0 
b7791000-b7792000 ---p 00000000 00:00 0 
b7792000-b779d000 r-xp 00000000 08:01 11023      /usr/lib/jvm/java-9-openjdk-i386/lib/i386/libverify.so
b779d000-b779e000 ---p 0000b000 08:01 11023      /usr/lib/jvm/java-9-openjdk-i386/lib/i386/libverify.so
b779e000-b779f000 r--p 0000b000 08:01 11023      /usr/lib/jvm/java-9-openjdk-i386/lib/i386/libverify.so
b779f000-b77a0000 rw-p 0000c000 08:01 11023      /usr/lib/jvm/java-9-openjdk-i386/lib/i386/libverify.so
b77a0000-b77ae000 r-xp 00000000 08:01 11057      /usr/lib/jvm/java-9-openjdk-i386/lib/i386/jli/libjli.so
b77ae000-b77af000 r--p 0000d000 08:01 11057      /usr/lib/jvm/java-9-openjdk-i386/lib/i386/jli/libjli.so
b77af000-b77b0000 rw-p 0000e000 08:01 11057      /usr/lib/jvm/java-9-openjdk-i386/lib/i386/jli/libjli.so
b77b0000-b77b2000 rw-p 00000000 00:00 0 
b77b2000-b77b4000 r--p 00000000 00:00 0          [vvar]
b77b4000-b77b5000 r-xp 00000000 00:00 0          [vdso]
b77b5000-b77d7000 r-xp 00000000 08:01 136287     /lib/i386-linux-gnu/ld-2.23.so
b77d7000-b77d8000 rw-p 00000000 00:00 0 
b77d8000-b77d9000 r--p 00022000 08:01 136287     /lib/i386-linux-gnu/ld-2.23.so
b77d9000-b77da000 rw-p 00023000 08:01 136287     /lib/i386-linux-gnu/ld-2.23.so
bf999000-bf99a000 rwxp 00000000 00:00 0 
bf9cd000-bf9ee000 rw-p 00000000 00:00 0          [stack]

VM Arguments:
java_command: panda.jar
java_class_path (initial): panda.jar
Launcher Type: SUN_STANDARD

Environment Variables:
PATH=/home/joseph/bin:/usr/local/sbin:/usr/local/bin:/usr/sbin:/usr/bin:/sbin:/bin:/usr/games:/usr/local/games:/snap/bin
SHELL=/bin/bash
DISPLAY=:0.0

Signal Handlers:
SIGSEGV: [libjvm.so+0x9e08a0], sa_mask[0]=11111111011111111101111111111110, sa_flags=SA_RESTART|SA_SIGINFO
SIGBUS: [libjvm.so+0x9e08a0], sa_mask[0]=11111111011111111101111111111110, sa_flags=SA_RESTART|SA_SIGINFO
SIGFPE: [libjvm.so+0x9e08a0], sa_mask[0]=11111111011111111101111111111110, sa_flags=SA_RESTART|SA_SIGINFO
SIGPIPE: [libjvm.so+0x832630], sa_mask[0]=11111111011111111101111111111110, sa_flags=SA_RESTART|SA_SIGINFO
SIGXFSZ: [libjvm.so+0x832630], sa_mask[0]=11111111011111111101111111111110, sa_flags=SA_RESTART|SA_SIGINFO
SIGILL: [libjvm.so+0x9e08a0], sa_mask[0]=11111111011111111101111111111110, sa_flags=SA_RESTART|SA_SIGINFO
SIGUSR2: [libjvm.so+0x832460], sa_mask[0]=00000000000000000000000000000000, sa_flags=SA_RESTART|SA_SIGINFO
SIGHUP: [libjvm.so+0x8328a0], sa_mask[0]=11111111011111111101111111111110, sa_flags=SA_RESTART|SA_SIGINFO
SIGINT: [libjvm.so+0x8328a0], sa_mask[0]=11111111011111111101111111111110, sa_flags=SA_RESTART|SA_SIGINFO
SIGTERM: [libjvm.so+0x8328a0], sa_mask[0]=11111111011111111101111111111110, sa_flags=SA_RESTART|SA_SIGINFO
SIGQUIT: [libjvm.so+0x8328a0], sa_mask[0]=11111111011111111101111111111110, sa_flags=SA_RESTART|SA_SIGINFO


---------------  S Y S T E M  ---------------

OS:DISTRIB_ID=Ubuntu
DISTRIB_RELEASE=16.04
DISTRIB_CODENAME=xenial
DISTRIB_DESCRIPTION="Ubuntu 16.04 LTS"
uname:Linux 4.4.0-21-generic #37-Ubuntu SMP Mon Apr 18 18:34:49 UTC 2016 i686
libc:glibc 2.23 NPTL 2.23 
rlimit: STACK 8192k, CORE 0k, NPROC 32006, NOFILE 65536, AS infinity
load average:13,17 4,39 2,50

/proc/meminfo:
MemTotal:        4132412 kB
MemFree:          160544 kB
MemAvailable:    2867272 kB
Buffers:           57120 kB
Cached:          2591224 kB
SwapCached:         1068 kB
Active:          2240128 kB
Inactive:        1554252 kB
Active(anon):     704736 kB
Inactive(anon):   459020 kB
Active(file):    1535392 kB
Inactive(file):  1095232 kB
Unevictable:         376 kB
Mlocked:             376 kB
HighTotal:       3279432 kB
HighFree:          44764 kB
LowTotal:         852980 kB
LowFree:          115780 kB
SwapTotal:        975868 kB
SwapFree:         965272 kB
Dirty:              6588 kB
Writeback:             0 kB
AnonPages:       1145512 kB
Mapped:           221604 kB
Shmem:             17720 kB
Slab:             120324 kB
SReclaimable:     101604 kB
SUnreclaim:        18720 kB
KernelStack:        3288 kB
PageTables:         9068 kB
NFS_Unstable:          0 kB
Bounce:                0 kB
WritebackTmp:          0 kB
CommitLimit:     3042072 kB
Committed_AS:    3046644 kB
VmallocTotal:     122880 kB
VmallocUsed:           0 kB
VmallocChunk:          0 kB
AnonHugePages:    239616 kB
CmaTotal:              0 kB
CmaFree:               0 kB
HugePages_Total:       0
HugePages_Free:        0
HugePages_Rsvd:        0
HugePages_Surp:        0
Hugepagesize:       2048 kB
DirectMap4k:       28664 kB
DirectMap2M:      884736 kB


CPU:total 2 (2 cores per cpu, 1 threads per core) family 6 model 23 stepping 6, cmov, cx8, fxsr, mmx, sse, sse2, sse3, ssse3, tsc

CPU Model and flags from /proc/cpuinfo:
model name	: Pentium(R) Dual-Core  CPU      E5200  @ 2.50GHz
flags		: fpu vme de pse tsc msr pae mce cx8 apic sep mtrr pge mca cmov pat pse36 clflush dts acpi mmx fxsr sse sse2 ss ht tm pbe nx lm constant_tsc arch_perfmon pebs bts aperfmperf pni dtes64 monitor ds_cpl est tm2 ssse3 cx16 xtpr pdcm lahf_lm dtherm

Memory: 4k page, physical 4132412k(160544k free), swap 975868k(965272k free)

vm_info: OpenJDK Server VM (9-internal+0-2016-04-14-195526.buildd.src) for linux-x86 JRE (9-internal+0-2016-04-14-195526.buildd.src), built on Apr 14 2016 20:15:09 by "buildd" with gcc 5.3.1 20160413

END.
