#
# A fatal error has been detected by the Java Runtime Environment:
#
#  SIGSEGV (0xb) at pc=0x00007fb27f9a3009, pid=7759, tid=7787
#
# JRE version: OpenJDK Runtime Environment (9.0) (build 9-internal+0-2016-04-14-195246.buildd.src)
# Java VM: OpenJDK 64-Bit Server VM (9-internal+0-2016-04-14-195246.buildd.src, mixed mode, tiered, compressed oops, g1 gc, linux-amd64)
# Problematic frame:
# C  [libjava.so+0x1d009]  JNU_GetEnv+0x19
#
# No core dump will be written. Core dumps have been disabled. To enable core dumping, try "ulimit -c unlimited" before starting Java again
#
# If you would like to submit a bug report, please visit:
#   http://bugreport.java.com/bugreport/crash.jsp
# The crash happened outside the Java Virtual Machine in native code.
# See problematic frame for where to report the bug.
#

---------------  S U M M A R Y ------------

Command Line: panda.jar

Host: Intel(R) Core(TM) i3-6100 CPU @ 3.70GHz, 4 cores, 7G, Linux Mint 18.1 Serena
Time: Fri Mar  3 15:52:47 2017 CET elapsed time: 7 seconds (0d 0h 0m 7s)

---------------  T H R E A D  ---------------

Current thread (0x00007fb278467800):  JavaThread "AWT-EventQueue-0" [_thread_in_native, id=7787, stack(0x00007fb1f7dfe000,0x00007fb1f7eff000)]

Stack: [0x00007fb1f7dfe000,0x00007fb1f7eff000],  sp=0x00007fb1f7ef9eb0,  free space=1007k
Native frames: (J=compiled Java code, j=interpreted, Vv=VM code, C=native code)
C  [libjava.so+0x1d009]  JNU_GetEnv+0x19
C  [libfontmanager.so+0x33f8e]
C  [libfreetype.so.6+0x14d1b]  FT_Stream_Seek+0x1b

Java frames: (J=compiled Java code, j=interpreted, Vv=VM code)
j  sun.font.FreetypeFontScaler.initNativeScaler(Lsun/font/Font2D;IIZI)J+0 java.desktop@9-internal
j  sun.font.FreetypeFontScaler.<init>(Lsun/font/Font2D;IZI)V+26 java.desktop@9-internal
v  ~StubRoutines::call_stub
j  sun.reflect.NativeConstructorAccessorImpl.newInstance0(Ljava/lang/reflect/Constructor;[Ljava/lang/Object;)Ljava/lang/Object;+0 java.base@9-internal
J 2018 C1  java.base@9-internal9-internal (89 bytes) @ 0x00007fb2625ef484 [0x00007fb2625ee520+0x0000000000000f64]
J 1250 C1  java.base@9-internal9-internal (9 bytes) @ 0x00007fb26245a304 [0x00007fb26245a2a0+0x0000000000000064]
J 813 C1  java.base@9-internal9-internal (73 bytes) @ 0x00007fb26232d1e4 [0x00007fb26232ce80+0x0000000000000364]
j  sun.font.FontScaler.getScaler(Lsun/font/Font2D;IZI)Lsun/font/FontScaler;+39 java.desktop@9-internal
j  sun.font.TrueTypeFont.getScaler()Lsun/font/FontScaler;+21 java.desktop@9-internal
j  sun.font.FileFontStrike.<init>(Lsun/font/FileFont;Lsun/font/FontStrikeDesc;)V+204 java.desktop@9-internal
j  sun.font.FileFont.createStrike(Lsun/font/FontStrikeDesc;)Lsun/font/FontStrike;+18 java.desktop@9-internal
j  sun.font.Font2D.getStrike(Lsun/font/FontStrikeDesc;Z)Lsun/font/FontStrike;+92 java.desktop@9-internal
j  sun.font.Font2D.getStrike(Lsun/font/FontStrikeDesc;)Lsun/font/FontStrike;+3 java.desktop@9-internal
j  sun.font.CompositeStrike.getStrikeForSlot(I)Lsun/font/PhysicalStrike;+23 java.desktop@9-internal
j  sun.font.CompositeStrike.getFontMetrics()Lsun/font/StrikeMetrics;+31 java.desktop@9-internal
j  sun.font.FontDesignMetrics.initMatrixAndMetrics()V+28 java.desktop@9-internal
j  sun.font.FontDesignMetrics.<init>(Ljava/awt/Font;Ljava/awt/font/FontRenderContext;)V+62 java.desktop@9-internal
j  sun.font.FontDesignMetrics.getMetrics(Ljava/awt/Font;Ljava/awt/font/FontRenderContext;)Lsun/font/FontDesignMetrics;+128 java.desktop@9-internal
j  sun.swing.SwingUtilities2.getFontMetrics(Ljavax/swing/JComponent;Ljava/awt/Font;)Ljava/awt/FontMetrics;+15 java.desktop@9-internal
j  javax.swing.JComponent.getFontMetrics(Ljava/awt/Font;)Ljava/awt/FontMetrics;+2 java.desktop@9-internal
j  javax.swing.plaf.basic.BasicGraphicsUtils.getPreferredButtonSize(Ljavax/swing/AbstractButton;I)Ljava/awt/Dimension;+28 java.desktop@9-internal
j  javax.swing.plaf.basic.BasicButtonUI.getPreferredSize(Ljavax/swing/JComponent;)Ljava/awt/Dimension;+10 java.desktop@9-internal
j  javax.swing.plaf.basic.BasicButtonUI.getMinimumSize(Ljavax/swing/JComponent;)Ljava/awt/Dimension;+2 java.desktop@9-internal
j  javax.swing.JComponent.getMinimumSize()Ljava/awt/Dimension;+26 java.desktop@9-internal
j  javax.swing.BoxLayout.checkRequests()V+105 java.desktop@9-internal
j  javax.swing.BoxLayout.minimumLayoutSize(Ljava/awt/Container;)Ljava/awt/Dimension;+10 java.desktop@9-internal
j  java.awt.Container.minimumSize()Ljava/awt/Dimension;+43 java.desktop@9-internal
j  java.awt.Container.getMinimumSize()Ljava/awt/Dimension;+1 java.desktop@9-internal
j  javax.swing.JComponent.getMinimumSize()Ljava/awt/Dimension;+39 java.desktop@9-internal
j  javax.swing.BoxLayout.checkRequests()V+105 java.desktop@9-internal
j  javax.swing.BoxLayout.preferredLayoutSize(Ljava/awt/Container;)Ljava/awt/Dimension;+10 java.desktop@9-internal
j  java.awt.Container.preferredSize()Ljava/awt/Dimension;+43 java.desktop@9-internal
j  java.awt.Container.getPreferredSize()Ljava/awt/Dimension;+1 java.desktop@9-internal
j  javax.swing.JComponent.getPreferredSize()Ljava/awt/Dimension;+39 java.desktop@9-internal
j  java.awt.BorderLayout.preferredLayoutSize(Ljava/awt/Container;)Ljava/awt/Dimension;+157 java.desktop@9-internal
j  java.awt.Container.preferredSize()Ljava/awt/Dimension;+43 java.desktop@9-internal
j  java.awt.Container.getPreferredSize()Ljava/awt/Dimension;+1 java.desktop@9-internal
j  javax.swing.JComponent.getPreferredSize()Ljava/awt/Dimension;+39 java.desktop@9-internal
j  javax.swing.JRootPane$RootLayout.preferredLayoutSize(Ljava/awt/Container;)Ljava/awt/Dimension;+26 java.desktop@9-internal
j  java.awt.Container.preferredSize()Ljava/awt/Dimension;+43 java.desktop@9-internal
j  java.awt.Container.getPreferredSize()Ljava/awt/Dimension;+1 java.desktop@9-internal
j  javax.swing.JComponent.getPreferredSize()Ljava/awt/Dimension;+39 java.desktop@9-internal
j  java.awt.BorderLayout.preferredLayoutSize(Ljava/awt/Container;)Ljava/awt/Dimension;+157 java.desktop@9-internal
j  java.awt.Container.preferredSize()Ljava/awt/Dimension;+43 java.desktop@9-internal
j  java.awt.Container.getPreferredSize()Ljava/awt/Dimension;+1 java.desktop@9-internal
j  java.awt.Window.pack()V+32 java.desktop@9-internal
j  org.jdesktop.application.SingleFrameApplication.initRootPaneContainer(Ljavax/swing/RootPaneContainer;)V+176
j  org.jdesktop.application.SingleFrameApplication.show(Lorg/jdesktop/application/View;)V+35
j  panda.MrnatureApp.startup()V+9
j  org.jdesktop.application.Application$1.run()V+24
j  java.awt.event.InvocationEvent.dispatch()V+47 java.desktop@9-internal
j  java.awt.EventQueue.dispatchEventImpl(Ljava/awt/AWTEvent;Ljava/lang/Object;)V+21 java.desktop@9-internal
j  java.awt.EventQueue.access$500(Ljava/awt/EventQueue;Ljava/awt/AWTEvent;Ljava/lang/Object;)V+3 java.desktop@9-internal
j  java.awt.EventQueue$3.run()Ljava/lang/Void;+32 java.desktop@9-internal
j  java.awt.EventQueue$3.run()Ljava/lang/Object;+1 java.desktop@9-internal
v  ~StubRoutines::call_stub
j  java.security.AccessController.doPrivileged(Ljava/security/PrivilegedAction;Ljava/security/AccessControlContext;)Ljava/lang/Object;+0 java.base@9-internal
j  java.security.ProtectionDomain$JavaSecurityAccessImpl.doIntersectionPrivilege(Ljava/security/PrivilegedAction;Ljava/security/AccessControlContext;Ljava/security/AccessControlContext;)Ljava/lang/Object;+18 java.base@9-internal
j  java.awt.EventQueue.dispatchEvent(Ljava/awt/AWTEvent;)V+46 java.desktop@9-internal
j  java.awt.EventDispatchThread.pumpOneEventForFilters(I)V+183 java.desktop@9-internal
j  java.awt.EventDispatchThread.pumpEventsForFilter(ILjava/awt/Conditional;Ljava/awt/EventFilter;)V+35 java.desktop@9-internal
j  java.awt.EventDispatchThread.pumpEventsForHierarchy(ILjava/awt/Conditional;Ljava/awt/Component;)V+11 java.desktop@9-internal
j  java.awt.EventDispatchThread.pumpEvents(ILjava/awt/Conditional;)V+4 java.desktop@9-internal
j  java.awt.EventDispatchThread.pumpEvents(Ljava/awt/Conditional;)V+3 java.desktop@9-internal
j  java.awt.EventDispatchThread.run()V+9 java.desktop@9-internal
v  ~StubRoutines::call_stub

siginfo: si_signo: 11 (SIGSEGV), si_code: 1 (SEGV_MAPERR), si_addr: 0x0000000000000000

Register to memory mapping:

RAX=0x0000000000000000 is an unknown value
RBX=0x0000000000000000 is an unknown value
RCX=0x0000000000000000 is an unknown value
RDX=0x0000000000010002 is an unknown value
RSP=0x00007fb1f7ef9eb0 is pointing into the stack for thread: 0x00007fb278467800
RBP=0x00007fb1f7ef9ec0 is pointing into the stack for thread: 0x00007fb278467800
RSI=0x0000000000010002 is an unknown value
RDI=0x0000000000000000 is an unknown value
R8 =0x0000000000000000 is an unknown value
R9 =0x0000000000000000 is an unknown value
R10=0x00000000000001db is an unknown value
R11=0x00007fb27f9a2ff0: JNU_GetEnv+0x0000000000000000 in /usr/lib/jvm/java-9-openjdk-amd64/lib/amd64/libjava.so at 0x00007fb27f986000
R12=0x00007fb1e5405990 is an unknown value
R13=0x0000000000000000 is an unknown value
R14=0x0000000000000000 is an unknown value
R15=0x00007fb1e540bc30 is an unknown value


Registers:
RAX=0x0000000000000000, RBX=0x0000000000000000, RCX=0x0000000000000000, RDX=0x0000000000010002
RSP=0x00007fb1f7ef9eb0, RBP=0x00007fb1f7ef9ec0, RSI=0x0000000000010002, RDI=0x0000000000000000
R8 =0x0000000000000000, R9 =0x0000000000000000, R10=0x00000000000001db, R11=0x00007fb27f9a2ff0
R12=0x00007fb1e5405990, R13=0x0000000000000000, R14=0x0000000000000000, R15=0x00007fb1e540bc30
RIP=0x00007fb27f9a3009, EFLAGS=0x0000000000010246, CSGSFS=0x0000000000000033, ERR=0x0000000000000004
  TRAPNO=0x000000000000000e

Top of Stack: (sp=0x00007fb1f7ef9eb0)
0x00007fb1f7ef9eb0:   0000000000000000 356c3be665b10f00
0x00007fb1f7ef9ec0:   00007fb1f7ef9f00 00007fb230975f8e
0x00007fb1f7ef9ed0:   00007fb1e540b060 00007fb1e5405990
0x00007fb1f7ef9ee0:   0000000000000000 0000000000000000
0x00007fb1f7ef9ef0:   00007fb1e5405990 00007fb1e540bc30
0x00007fb1f7ef9f00:   0000000000000000 00007fb2306acd1b
0x00007fb1f7ef9f10:   0000000000000000 00007fb23093ed80
0x00007fb1f7ef9f20:   0000000000000000 00007fb2306c08d0
0x00007fb1f7ef9f30:   0000000000000014 0000004400000053
0x00007fb1f7ef9f40:   0000000000000002 0000000000000000
0x00007fb1f7ef9f50:   0000006e0000005d 0000000000000000
0x00007fb1f7ef9f60:   0000000000000000 0000007c00000077
0x00007fb1f7ef9f70:   0000000000000000 0000000000000000
0x00007fb1f7ef9f80:   000000004e8b41d0 468b41e04e8b45e8
0x00007fb1f7ef9f90:   0000000000000000 00007fb1e4000020
0x00007fb1f7ef9fa0:   0000000000000070 00007fb1f7efa054
0x00007fb1f7ef9fb0:   00007fb1e540b060 00007fb1e540bc30
0x00007fb1f7ef9fc0:   00007fb1f7efa054 00007fb2820b05d4
0x00007fb1f7ef9fd0:   00007fb1f7efa120 00007fb1f7efa004
0x00007fb1f7ef9fe0:   00007fb23093b9e0 356c3be665b10f00
0x00007fb1f7ef9ff0:   0000000000000070 00007fb1e540aea0
0x00007fb1f7efa000:   00007fb23093b9e0 00007fb1f7efa118
0x00007fb1f7efa010:   00007fb1e540b060 00007fb1e540bc30
0x00007fb1f7efa020:   00007fb1e540ac60 00007fb2306af4b2
0x00007fb1f7efa030:   0000000100000000 00007fb1f7efa120
0x00007fb1f7efa040:   0000000000000000 0000000000000000
0x00007fb1f7efa050:   00000000f7efa118 356c3be665b10f00
0x00007fb1f7efa060:   00007fb1e540aea0 00007fb1f7efa120
0x00007fb1f7efa070:   0000000000000000 00007fb1e540af88
0x00007fb1f7efa080:   00007fb1f7efa320 00007fb1e540aee8
0x00007fb1f7efa090:   00007fb1e540b060 00007fb2306b1571
0x00007fb1f7efa0a0:   00007fb1f7efa120 00007fb2306b1366 

Instructions: (pc=0x00007fb27f9a3009)
0x00007fb27f9a2fe9:   ff eb ea 0f 1f 40 00 55 89 f2 48 89 e5 48 83 ec
0x00007fb27f9a2ff9:   10 64 48 8b 04 25 28 00 00 00 48 89 45 f8 31 c0
0x00007fb27f9a3009:   48 8b 07 48 8d 75 f0 ff 50 30 48 8b 4d f8 64 48
0x00007fb27f9a3019:   33 0c 25 28 00 00 00 48 8b 45 f0 75 02 c9 c3 e8 


---------------  P R O C E S S  ---------------

Java Threads: ( => current thread )
  0x00007fb1e8007000 JavaThread "TimerQueue" daemon [_thread_blocked, id=7818, stack(0x00007fb1f70f9000,0x00007fb1f71fa000)]
  0x00007fb1e538f000 JavaThread "SwingWorker-pool-2-thread-1" daemon [_thread_blocked, id=7817, stack(0x00007fb1f71fa000,0x00007fb1f72fb000)]
  0x00007fb1e8002800 JavaThread "SeedGenerator Thread" daemon [_thread_blocked, id=7816, stack(0x00007fb1f611b000,0x00007fb1f621c000)]
  0x00007fb1e535e000 JavaThread "Image Fetcher 1" daemon [_thread_blocked, id=7813, stack(0x00007fb1f641c000,0x00007fb1f651d000)]
  0x00007fb1e41a2800 JavaThread "Image Fetcher 3" daemon [_thread_blocked, id=7812, stack(0x00007fb1f74fb000,0x00007fb1f75fc000)]
  0x00007fb1e41b4000 JavaThread "SeedGenerator Thread" daemon [_thread_in_Java, id=7788, stack(0x00007fb1f76fd000,0x00007fb1f77fe000)]
  0x00007fb278011000 JavaThread "DestroyJavaVM" [_thread_blocked, id=7760, stack(0x00007fb2826fd000,0x00007fb2827fe000)]
=>0x00007fb278467800 JavaThread "AWT-EventQueue-0" [_thread_in_native, id=7787, stack(0x00007fb1f7dfe000,0x00007fb1f7eff000)]
  0x00007fb278466000 JavaThread "AWT-Shutdown" [_thread_blocked, id=7786, stack(0x00007fb1f7eff000,0x00007fb1f8000000)]
  0x00007fb278463800 JavaThread "AWT-XAWT" daemon [_thread_in_native, id=7785, stack(0x00007fb2380df000,0x00007fb2381e0000)]
  0x00007fb278443800 JavaThread "Java2D Disposer" daemon [_thread_blocked, id=7784, stack(0x00007fb26004c000,0x00007fb26014d000)]
  0x00007fb27829e800 JavaThread "Service Thread" daemon [_thread_blocked, id=7782, stack(0x00007fb26051e000,0x00007fb26061f000)]
  0x00007fb2781d0800 JavaThread "Common-Cleaner" daemon [_thread_blocked, id=7781, stack(0x00007fb26061f000,0x00007fb260720000)]
  0x00007fb278191000 JavaThread "Sweeper thread" daemon [_thread_blocked, id=7780, stack(0x00007fb260e4b000,0x00007fb260f4c000)]
  0x00007fb27818f000 JavaThread "C1 CompilerThread2" daemon [_thread_blocked, id=7779, stack(0x00007fb260f4c000,0x00007fb26104d000)]
  0x00007fb27818d000 JavaThread "C2 CompilerThread1" daemon [_thread_blocked, id=7778, stack(0x00007fb26104d000,0x00007fb26114e000)]
  0x00007fb27818b000 JavaThread "C2 CompilerThread0" daemon [_thread_in_native, id=7777, stack(0x00007fb26114e000,0x00007fb26124f000)]
  0x00007fb278187000 JavaThread "Signal Dispatcher" daemon [_thread_blocked, id=7776, stack(0x00007fb26124f000,0x00007fb261350000)]
  0x00007fb278185000 JavaThread "Surrogate Locker Thread (Concurrent GC)" daemon [_thread_blocked, id=7775, stack(0x00007fb261350000,0x00007fb261451000)]
  0x00007fb278173000 JavaThread "Finalizer" daemon [_thread_blocked, id=7774, stack(0x00007fb27c2ff000,0x00007fb27c400000)]
  0x00007fb27816f800 JavaThread "Reference Handler" daemon [_thread_blocked, id=7773, stack(0x00007fb27c400000,0x00007fb27c501000)]

Other Threads:
  0x00007fb278165000 VMThread [stack: 0x00007fb27c501000,0x00007fb27c602000] [id=7772]
  0x00007fb2782a1000 WatcherThread [stack: 0x00007fb26041d000,0x00007fb26051e000] [id=7783]

Threads with active compile tasks:
C2 CompilerThread02297       4       jdk.internal.org.objectweb.asm.ClassWriter::newUTF8 (70 bytes)

VM state:not at safepoint (normal execution)

VM Mutex/Monitor currently owned by a thread: None

heap address: 0x0000000083c00000, size: 1988 MB, Compressed Oops mode: 32-bit
Narrow klass base: 0x0000000000000000, Narrow klass shift: 3
Compressed class space size: 1073741824 Address: 0x0000000100000000

Heap:
 garbage-first heap   total 129024K, used 13247K [0x0000000083c00000, 0x0000000083d003f0, 0x0000000100000000)
  region size 1024K, 13 young (13312K), 10 survivors (10240K)
 Metaspace       used 22271K, capacity 22898K, committed 23040K, reserved 1069056K
  class space    used 2782K, capacity 2984K, committed 3072K, reserved 1048576K

Heap Regions: E=young(eden), S=young(survivor), O=old, HS=humongous(starts), HC=humongous(continues), CS=collection set, F=free, A=archive, TS=gc time stamp, AC=allocation context, TAMS=top-at-mark-start (previous, next)
|   0|0x0000000083c00000, 0x0000000083d00000, 0x0000000083d00000|100%| O|  |TS  0|AC  0|TAMS 0x0000000083d00000, 0x0000000083d00000|
|   1|0x0000000083d00000, 0x0000000083d6e000, 0x0000000083e00000| 42%| O|  |TS  0|AC  0|TAMS 0x0000000083d6e000, 0x0000000083d6e000|
|   2|0x0000000083e00000, 0x0000000083e00000, 0x0000000083f00000|  0%| F|  |TS  0|AC  0|TAMS 0x0000000083e00000, 0x0000000083e00000|
|   3|0x0000000083f00000, 0x0000000083f00000, 0x0000000084000000|  0%| F|  |TS  0|AC  0|TAMS 0x0000000083f00000, 0x0000000083f00000|
|   4|0x0000000084000000, 0x0000000084000000, 0x0000000084100000|  0%| F|  |TS  0|AC  0|TAMS 0x0000000084000000, 0x0000000084000000|
|   5|0x0000000084100000, 0x0000000084100000, 0x0000000084200000|  0%| F|  |TS  0|AC  0|TAMS 0x0000000084100000, 0x0000000084100000|
|   6|0x0000000084200000, 0x0000000084200000, 0x0000000084300000|  0%| F|  |TS  0|AC  0|TAMS 0x0000000084200000, 0x0000000084200000|
|   7|0x0000000084300000, 0x0000000084300000, 0x0000000084400000|  0%| F|  |TS  0|AC  0|TAMS 0x0000000084300000, 0x0000000084300000|
|   8|0x0000000084400000, 0x0000000084400000, 0x0000000084500000|  0%| F|  |TS  0|AC  0|TAMS 0x0000000084400000, 0x0000000084400000|
|   9|0x0000000084500000, 0x0000000084500000, 0x0000000084600000|  0%| F|  |TS  0|AC  0|TAMS 0x0000000084500000, 0x0000000084500000|
|  10|0x0000000084600000, 0x0000000084600000, 0x0000000084700000|  0%| F|  |TS  0|AC  0|TAMS 0x0000000084600000, 0x0000000084600000|
|  11|0x0000000084700000, 0x0000000084700000, 0x0000000084800000|  0%| F|  |TS  0|AC  0|TAMS 0x0000000084700000, 0x0000000084700000|
|  12|0x0000000084800000, 0x0000000084800000, 0x0000000084900000|  0%| F|  |TS  0|AC  0|TAMS 0x0000000084800000, 0x0000000084800000|
|  13|0x0000000084900000, 0x0000000084900000, 0x0000000084a00000|  0%| F|  |TS  0|AC  0|TAMS 0x0000000084900000, 0x0000000084900000|
|  14|0x0000000084a00000, 0x0000000084a00000, 0x0000000084b00000|  0%| F|  |TS  0|AC  0|TAMS 0x0000000084a00000, 0x0000000084a00000|
|  15|0x0000000084b00000, 0x0000000084b00000, 0x0000000084c00000|  0%| F|  |TS  0|AC  0|TAMS 0x0000000084b00000, 0x0000000084b00000|
|  16|0x0000000084c00000, 0x0000000084c00000, 0x0000000084d00000|  0%| F|  |TS  0|AC  0|TAMS 0x0000000084c00000, 0x0000000084c00000|
|  17|0x0000000084d00000, 0x0000000084d00000, 0x0000000084e00000|  0%| F|  |TS  0|AC  0|TAMS 0x0000000084d00000, 0x0000000084d00000|
|  18|0x0000000084e00000, 0x0000000084e00000, 0x0000000084f00000|  0%| F|  |TS  0|AC  0|TAMS 0x0000000084e00000, 0x0000000084e00000|
|  19|0x0000000084f00000, 0x0000000084f00000, 0x0000000085000000|  0%| F|  |TS  0|AC  0|TAMS 0x0000000084f00000, 0x0000000084f00000|
|  20|0x0000000085000000, 0x0000000085000000, 0x0000000085100000|  0%| F|  |TS  0|AC  0|TAMS 0x0000000085000000, 0x0000000085000000|
|  21|0x0000000085100000, 0x0000000085100000, 0x0000000085200000|  0%| F|  |TS  0|AC  0|TAMS 0x0000000085100000, 0x0000000085100000|
|  22|0x0000000085200000, 0x0000000085200000, 0x0000000085300000|  0%| F|  |TS  0|AC  0|TAMS 0x0000000085200000, 0x0000000085200000|
|  23|0x0000000085300000, 0x0000000085300000, 0x0000000085400000|  0%| F|  |TS  0|AC  0|TAMS 0x0000000085300000, 0x0000000085300000|
|  24|0x0000000085400000, 0x0000000085400000, 0x0000000085500000|  0%| F|  |TS  0|AC  0|TAMS 0x0000000085400000, 0x0000000085400000|
|  25|0x0000000085500000, 0x0000000085500000, 0x0000000085600000|  0%| F|  |TS  0|AC  0|TAMS 0x0000000085500000, 0x0000000085500000|
|  26|0x0000000085600000, 0x0000000085600000, 0x0000000085700000|  0%| F|  |TS  0|AC  0|TAMS 0x0000000085600000, 0x0000000085600000|
|  27|0x0000000085700000, 0x0000000085700000, 0x0000000085800000|  0%| F|  |TS  0|AC  0|TAMS 0x0000000085700000, 0x0000000085700000|
|  28|0x0000000085800000, 0x0000000085800000, 0x0000000085900000|  0%| F|  |TS  0|AC  0|TAMS 0x0000000085800000, 0x0000000085800000|
|  29|0x0000000085900000, 0x0000000085900000, 0x0000000085a00000|  0%| F|  |TS  0|AC  0|TAMS 0x0000000085900000, 0x0000000085900000|
|  30|0x0000000085a00000, 0x0000000085a00000, 0x0000000085b00000|  0%| F|  |TS  0|AC  0|TAMS 0x0000000085a00000, 0x0000000085a00000|
|  31|0x0000000085b00000, 0x0000000085b00000, 0x0000000085c00000|  0%| F|  |TS  0|AC  0|TAMS 0x0000000085b00000, 0x0000000085b00000|
|  32|0x0000000085c00000, 0x0000000085c00000, 0x0000000085d00000|  0%| F|  |TS  0|AC  0|TAMS 0x0000000085c00000, 0x0000000085c00000|
|  33|0x0000000085d00000, 0x0000000085d00000, 0x0000000085e00000|  0%| F|  |TS  0|AC  0|TAMS 0x0000000085d00000, 0x0000000085d00000|
|  34|0x0000000085e00000, 0x0000000085e00000, 0x0000000085f00000|  0%| F|  |TS  0|AC  0|TAMS 0x0000000085e00000, 0x0000000085e00000|
|  35|0x0000000085f00000, 0x0000000085f00000, 0x0000000086000000|  0%| F|  |TS  0|AC  0|TAMS 0x0000000085f00000, 0x0000000085f00000|
|  36|0x0000000086000000, 0x0000000086000000, 0x0000000086100000|  0%| F|  |TS  0|AC  0|TAMS 0x0000000086000000, 0x0000000086000000|
|  37|0x0000000086100000, 0x0000000086100000, 0x0000000086200000|  0%| F|  |TS  0|AC  0|TAMS 0x0000000086100000, 0x0000000086100000|
|  38|0x0000000086200000, 0x0000000086200000, 0x0000000086300000|  0%| F|  |TS  0|AC  0|TAMS 0x0000000086200000, 0x0000000086200000|
|  39|0x0000000086300000, 0x0000000086300000, 0x0000000086400000|  0%| F|  |TS  0|AC  0|TAMS 0x0000000086300000, 0x0000000086300000|
|  40|0x0000000086400000, 0x0000000086400000, 0x0000000086500000|  0%| F|  |TS  0|AC  0|TAMS 0x0000000086400000, 0x0000000086400000|
|  41|0x0000000086500000, 0x0000000086500000, 0x0000000086600000|  0%| F|  |TS  0|AC  0|TAMS 0x0000000086500000, 0x0000000086500000|
|  42|0x0000000086600000, 0x0000000086600000, 0x0000000086700000|  0%| F|  |TS  0|AC  0|TAMS 0x0000000086600000, 0x0000000086600000|
|  43|0x0000000086700000, 0x0000000086700000, 0x0000000086800000|  0%| F|  |TS  0|AC  0|TAMS 0x0000000086700000, 0x0000000086700000|
|  44|0x0000000086800000, 0x0000000086800000, 0x0000000086900000|  0%| F|  |TS  0|AC  0|TAMS 0x0000000086800000, 0x0000000086800000|
|  45|0x0000000086900000, 0x0000000086900000, 0x0000000086a00000|  0%| F|  |TS  0|AC  0|TAMS 0x0000000086900000, 0x0000000086900000|
|  46|0x0000000086a00000, 0x0000000086a00000, 0x0000000086b00000|  0%| F|  |TS  0|AC  0|TAMS 0x0000000086a00000, 0x0000000086a00000|
|  47|0x0000000086b00000, 0x0000000086b00000, 0x0000000086c00000|  0%| F|  |TS  0|AC  0|TAMS 0x0000000086b00000, 0x0000000086b00000|
|  48|0x0000000086c00000, 0x0000000086c00000, 0x0000000086d00000|  0%| F|  |TS  0|AC  0|TAMS 0x0000000086c00000, 0x0000000086c00000|
|  49|0x0000000086d00000, 0x0000000086d00000, 0x0000000086e00000|  0%| F|  |TS  0|AC  0|TAMS 0x0000000086d00000, 0x0000000086d00000|
|  50|0x0000000086e00000, 0x0000000086e00000, 0x0000000086f00000|  0%| F|  |TS  0|AC  0|TAMS 0x0000000086e00000, 0x0000000086e00000|
|  51|0x0000000086f00000, 0x0000000086f00000, 0x0000000087000000|  0%| F|  |TS  0|AC  0|TAMS 0x0000000086f00000, 0x0000000086f00000|
|  52|0x0000000087000000, 0x0000000087000000, 0x0000000087100000|  0%| F|  |TS  0|AC  0|TAMS 0x0000000087000000, 0x0000000087000000|
|  53|0x0000000087100000, 0x0000000087100000, 0x0000000087200000|  0%| F|  |TS  0|AC  0|TAMS 0x0000000087100000, 0x0000000087100000|
|  54|0x0000000087200000, 0x0000000087200000, 0x0000000087300000|  0%| F|  |TS  0|AC  0|TAMS 0x0000000087200000, 0x0000000087200000|
|  55|0x0000000087300000, 0x0000000087300000, 0x0000000087400000|  0%| F|  |TS  0|AC  0|TAMS 0x0000000087300000, 0x0000000087300000|
|  56|0x0000000087400000, 0x0000000087400000, 0x0000000087500000|  0%| F|  |TS  0|AC  0|TAMS 0x0000000087400000, 0x0000000087400000|
|  57|0x0000000087500000, 0x0000000087500000, 0x0000000087600000|  0%| F|  |TS  0|AC  0|TAMS 0x0000000087500000, 0x0000000087500000|
|  58|0x0000000087600000, 0x0000000087600000, 0x0000000087700000|  0%| F|  |TS  0|AC  0|TAMS 0x0000000087600000, 0x0000000087600000|
|  59|0x0000000087700000, 0x0000000087700000, 0x0000000087800000|  0%| F|  |TS  0|AC  0|TAMS 0x0000000087700000, 0x0000000087700000|
|  60|0x0000000087800000, 0x0000000087800000, 0x0000000087900000|  0%| F|  |TS  0|AC  0|TAMS 0x0000000087800000, 0x0000000087800000|
|  61|0x0000000087900000, 0x0000000087900000, 0x0000000087a00000|  0%| F|  |TS  0|AC  0|TAMS 0x0000000087900000, 0x0000000087900000|
|  62|0x0000000087a00000, 0x0000000087a00000, 0x0000000087b00000|  0%| F|  |TS  0|AC  0|TAMS 0x0000000087a00000, 0x0000000087a00000|
|  63|0x0000000087b00000, 0x0000000087b00000, 0x0000000087c00000|  0%| F|  |TS  0|AC  0|TAMS 0x0000000087b00000, 0x0000000087b00000|
|  64|0x0000000087c00000, 0x0000000087c00000, 0x0000000087d00000|  0%| F|  |TS  0|AC  0|TAMS 0x0000000087c00000, 0x0000000087c00000|
|  65|0x0000000087d00000, 0x0000000087d00000, 0x0000000087e00000|  0%| F|  |TS  0|AC  0|TAMS 0x0000000087d00000, 0x0000000087d00000|
|  66|0x0000000087e00000, 0x0000000087e00000, 0x0000000087f00000|  0%| F|  |TS  0|AC  0|TAMS 0x0000000087e00000, 0x0000000087e00000|
|  67|0x0000000087f00000, 0x0000000087f00000, 0x0000000088000000|  0%| F|  |TS  0|AC  0|TAMS 0x0000000087f00000, 0x0000000087f00000|
|  68|0x0000000088000000, 0x0000000088000000, 0x0000000088100000|  0%| F|  |TS  0|AC  0|TAMS 0x0000000088000000, 0x0000000088000000|
|  69|0x0000000088100000, 0x0000000088100000, 0x0000000088200000|  0%| F|  |TS  0|AC  0|TAMS 0x0000000088100000, 0x0000000088100000|
|  70|0x0000000088200000, 0x0000000088281e68, 0x0000000088300000| 50%| S|CS|TS  0|AC  0|TAMS 0x0000000088200000, 0x0000000088200000|
|  71|0x0000000088300000, 0x0000000088400000, 0x0000000088400000|100%| S|CS|TS  0|AC  0|TAMS 0x0000000088300000, 0x0000000088300000|
|  72|0x0000000088400000, 0x0000000088500000, 0x0000000088500000|100%| S|CS|TS  0|AC  0|TAMS 0x0000000088400000, 0x0000000088400000|
|  73|0x0000000088500000, 0x0000000088600000, 0x0000000088600000|100%| S|CS|TS  0|AC  0|TAMS 0x0000000088500000, 0x0000000088500000|
|  74|0x0000000088600000, 0x0000000088700000, 0x0000000088700000|100%| S|CS|TS  0|AC  0|TAMS 0x0000000088600000, 0x0000000088600000|
|  75|0x0000000088700000, 0x0000000088800000, 0x0000000088800000|100%| S|CS|TS  0|AC  0|TAMS 0x0000000088700000, 0x0000000088700000|
|  76|0x0000000088800000, 0x0000000088900000, 0x0000000088900000|100%| S|CS|TS  0|AC  0|TAMS 0x0000000088800000, 0x0000000088800000|
|  77|0x0000000088900000, 0x0000000088a00000, 0x0000000088a00000|100%| S|CS|TS  0|AC  0|TAMS 0x0000000088900000, 0x0000000088900000|
|  78|0x0000000088a00000, 0x0000000088b00000, 0x0000000088b00000|100%| S|CS|TS  0|AC  0|TAMS 0x0000000088a00000, 0x0000000088a00000|
|  79|0x0000000088b00000, 0x0000000088c00000, 0x0000000088c00000|100%| S|CS|TS  0|AC  0|TAMS 0x0000000088b00000, 0x0000000088b00000|
|  80|0x0000000088c00000, 0x0000000088c00000, 0x0000000088d00000|  0%| F|  |TS  0|AC  0|TAMS 0x0000000088c00000, 0x0000000088c00000|
|  81|0x0000000088d00000, 0x0000000088d00000, 0x0000000088e00000|  0%| F|  |TS  0|AC  0|TAMS 0x0000000088d00000, 0x0000000088d00000|
|  82|0x0000000088e00000, 0x0000000088e00000, 0x0000000088f00000|  0%| F|  |TS  0|AC  0|TAMS 0x0000000088e00000, 0x0000000088e00000|
|  83|0x0000000088f00000, 0x0000000088f00000, 0x0000000089000000|  0%| F|  |TS  0|AC  0|TAMS 0x0000000088f00000, 0x0000000088f00000|
|  84|0x0000000089000000, 0x0000000089000000, 0x0000000089100000|  0%| F|  |TS  0|AC  0|TAMS 0x0000000089000000, 0x0000000089000000|
|  85|0x0000000089100000, 0x0000000089100000, 0x0000000089200000|  0%| F|  |TS  0|AC  0|TAMS 0x0000000089100000, 0x0000000089100000|
|  86|0x0000000089200000, 0x0000000089200000, 0x0000000089300000|  0%| F|  |TS  0|AC  0|TAMS 0x0000000089200000, 0x0000000089200000|
|  87|0x0000000089300000, 0x0000000089300000, 0x0000000089400000|  0%| F|  |TS  0|AC  0|TAMS 0x0000000089300000, 0x0000000089300000|
|  88|0x0000000089400000, 0x0000000089400000, 0x0000000089500000|  0%| F|  |TS  0|AC  0|TAMS 0x0000000089400000, 0x0000000089400000|
|  89|0x0000000089500000, 0x0000000089500000, 0x0000000089600000|  0%| F|  |TS  0|AC  0|TAMS 0x0000000089500000, 0x0000000089500000|
|  90|0x0000000089600000, 0x0000000089600000, 0x0000000089700000|  0%| F|  |TS  0|AC  0|TAMS 0x0000000089600000, 0x0000000089600000|
|  91|0x0000000089700000, 0x0000000089700000, 0x0000000089800000|  0%| F|  |TS  0|AC  0|TAMS 0x0000000089700000, 0x0000000089700000|
|  92|0x0000000089800000, 0x0000000089800000, 0x0000000089900000|  0%| F|  |TS  0|AC  0|TAMS 0x0000000089800000, 0x0000000089800000|
|  93|0x0000000089900000, 0x0000000089900000, 0x0000000089a00000|  0%| F|  |TS  0|AC  0|TAMS 0x0000000089900000, 0x0000000089900000|
|  94|0x0000000089a00000, 0x0000000089a00000, 0x0000000089b00000|  0%| F|  |TS  0|AC  0|TAMS 0x0000000089a00000, 0x0000000089a00000|
|  95|0x0000000089b00000, 0x0000000089b00000, 0x0000000089c00000|  0%| F|  |TS  0|AC  0|TAMS 0x0000000089b00000, 0x0000000089b00000|
|  96|0x0000000089c00000, 0x0000000089c00000, 0x0000000089d00000|  0%| F|  |TS  0|AC  0|TAMS 0x0000000089c00000, 0x0000000089c00000|
|  97|0x0000000089d00000, 0x0000000089d00000, 0x0000000089e00000|  0%| F|  |TS  0|AC  0|TAMS 0x0000000089d00000, 0x0000000089d00000|
|  98|0x0000000089e00000, 0x0000000089e00000, 0x0000000089f00000|  0%| F|  |TS  0|AC  0|TAMS 0x0000000089e00000, 0x0000000089e00000|
|  99|0x0000000089f00000, 0x0000000089f00000, 0x000000008a000000|  0%| F|  |TS  0|AC  0|TAMS 0x0000000089f00000, 0x0000000089f00000|
| 100|0x000000008a000000, 0x000000008a000000, 0x000000008a100000|  0%| F|  |TS  0|AC  0|TAMS 0x000000008a000000, 0x000000008a000000|
| 101|0x000000008a100000, 0x000000008a100000, 0x000000008a200000|  0%| F|  |TS  0|AC  0|TAMS 0x000000008a100000, 0x000000008a100000|
| 102|0x000000008a200000, 0x000000008a200000, 0x000000008a300000|  0%| F|  |TS  0|AC  0|TAMS 0x000000008a200000, 0x000000008a200000|
| 103|0x000000008a300000, 0x000000008a300000, 0x000000008a400000|  0%| F|  |TS  0|AC  0|TAMS 0x000000008a300000, 0x000000008a300000|
| 104|0x000000008a400000, 0x000000008a400000, 0x000000008a500000|  0%| F|  |TS  0|AC  0|TAMS 0x000000008a400000, 0x000000008a400000|
| 105|0x000000008a500000, 0x000000008a500000, 0x000000008a600000|  0%| F|  |TS  0|AC  0|TAMS 0x000000008a500000, 0x000000008a500000|
| 106|0x000000008a600000, 0x000000008a600000, 0x000000008a700000|  0%| F|  |TS  0|AC  0|TAMS 0x000000008a600000, 0x000000008a600000|
| 107|0x000000008a700000, 0x000000008a700000, 0x000000008a800000|  0%| F|  |TS  0|AC  0|TAMS 0x000000008a700000, 0x000000008a700000|
| 108|0x000000008a800000, 0x000000008a800000, 0x000000008a900000|  0%| F|  |TS  0|AC  0|TAMS 0x000000008a800000, 0x000000008a800000|
| 109|0x000000008a900000, 0x000000008a900000, 0x000000008aa00000|  0%| F|  |TS  0|AC  0|TAMS 0x000000008a900000, 0x000000008a900000|
| 110|0x000000008aa00000, 0x000000008aa00000, 0x000000008ab00000|  0%| F|  |TS  0|AC  0|TAMS 0x000000008aa00000, 0x000000008aa00000|
| 111|0x000000008ab00000, 0x000000008ab00000, 0x000000008ac00000|  0%| F|  |TS  0|AC  0|TAMS 0x000000008ab00000, 0x000000008ab00000|
| 112|0x000000008ac00000, 0x000000008ac00000, 0x000000008ad00000|  0%| F|  |TS  0|AC  0|TAMS 0x000000008ac00000, 0x000000008ac00000|
| 113|0x000000008ad00000, 0x000000008ad00000, 0x000000008ae00000|  0%| F|  |TS  0|AC  0|TAMS 0x000000008ad00000, 0x000000008ad00000|
| 114|0x000000008ae00000, 0x000000008ae00000, 0x000000008af00000|  0%| F|  |TS  0|AC  0|TAMS 0x000000008ae00000, 0x000000008ae00000|
| 115|0x000000008af00000, 0x000000008af00000, 0x000000008b000000|  0%| F|  |TS  0|AC  0|TAMS 0x000000008af00000, 0x000000008af00000|
| 116|0x000000008b000000, 0x000000008b000000, 0x000000008b100000|  0%| F|  |TS  0|AC  0|TAMS 0x000000008b000000, 0x000000008b000000|
| 117|0x000000008b100000, 0x000000008b100000, 0x000000008b200000|  0%| F|  |TS  0|AC  0|TAMS 0x000000008b100000, 0x000000008b100000|
| 118|0x000000008b200000, 0x000000008b200000, 0x000000008b300000|  0%| F|  |TS  0|AC  0|TAMS 0x000000008b200000, 0x000000008b200000|
| 119|0x000000008b300000, 0x000000008b300000, 0x000000008b400000|  0%| F|  |TS  0|AC  0|TAMS 0x000000008b300000, 0x000000008b300000|
| 120|0x000000008b400000, 0x000000008b400000, 0x000000008b500000|  0%| F|  |TS  0|AC  0|TAMS 0x000000008b400000, 0x000000008b400000|
| 121|0x000000008b500000, 0x000000008b500000, 0x000000008b600000|  0%| F|  |TS  0|AC  0|TAMS 0x000000008b500000, 0x000000008b500000|
| 122|0x000000008b600000, 0x000000008b600000, 0x000000008b700000|  0%| F|  |TS  0|AC  0|TAMS 0x000000008b600000, 0x000000008b600000|
| 123|0x000000008b700000, 0x000000008b71df20, 0x000000008b800000| 11%| E|  |TS  0|AC  0|TAMS 0x000000008b700000, 0x000000008b700000|
| 124|0x000000008b800000, 0x000000008b900000, 0x000000008b900000|100%| E|CS|TS  0|AC  0|TAMS 0x000000008b800000, 0x000000008b800000|
| 125|0x000000008b900000, 0x000000008ba00000, 0x000000008ba00000|100%| E|CS|TS  0|AC  0|TAMS 0x000000008b900000, 0x000000008b900000|

Card table byte_map: [0x00007fb27d2af000,0x00007fb27d691000] byte_map_base: 0x00007fb27ce91000

Marking Bits (Prev, Next): (CMBitMap*) 0x00007fb278060a98, (CMBitMap*) 0x00007fb278060a40
 Prev Bits: [0x00007fb2381e0000, 0x00007fb23a0f0000)
 Next Bits: [0x00007fb23a0f0000, 0x00007fb23c000000)

Polling page: 0x00007fb282827000

CodeHeap 'non-nmethods': size=5696Kb used=1318Kb max_used=1323Kb free=4377Kb
 bounds [0x00007fb261c51000, 0x00007fb261ec1000, 0x00007fb2621e1000]
CodeHeap 'profiled nmethods': size=120032Kb used=4365Kb max_used=5004Kb free=115666Kb
 bounds [0x00007fb2621e1000, 0x00007fb2626d1000, 0x00007fb269719000]
CodeHeap 'non-profiled nmethods': size=120032Kb used=880Kb max_used=916Kb free=119151Kb
 bounds [0x00007fb269719000, 0x00007fb269989000, 0x00007fb270c51000]
 total_blobs=3488 nmethods=2032 adapters=537
 compilation: enabled

Compilation events (10 events):
Event: 7,120 Thread 0x00007fb27818f000 nmethod 2292 0x00007fb269739710 code [0x00007fb269739880, 0x00007fb269739990]
Event: 7,120 Thread 0x00007fb27818f000 2293       3       java.awt.Toolkit::enabledOnToolkit (16 bytes)
Event: 7,120 Thread 0x00007fb27818f000 nmethod 2293 0x00007fb2621f9f10 code [0x00007fb2621fa080, 0x00007fb2621fa230]
Event: 7,120 Thread 0x00007fb27818f000 2294       1       java.awt.Component::isPreferredSizeSet (5 bytes)
Event: 7,120 Thread 0x00007fb27818f000 nmethod 2294 0x00007fb269739390 code [0x00007fb269739500, 0x00007fb269739610]
Event: 7,120 Thread 0x00007fb27818f000 2295       1       java.awt.Component::isMinimumSizeSet (5 bytes)
Event: 7,120 Thread 0x00007fb27818f000 nmethod 2295 0x00007fb26973be10 code [0x00007fb26973bf80, 0x00007fb26973c090]
Event: 7,120 Thread 0x00007fb27818f000 2296       1       java.awt.Component::isMaximumSizeSet (5 bytes)
Event: 7,121 Thread 0x00007fb27818f000 nmethod 2296 0x00007fb26973bb10 code [0x00007fb26973bc80, 0x00007fb26973bd90]
Event: 7,121 Thread 0x00007fb27818b000 2297       4       jdk.internal.org.objectweb.asm.ClassWriter::newUTF8 (70 bytes)

GC Heap History (4 events):
Event: 0,377 GC heap before
{Heap before GC invocations=0 (full 0):
 garbage-first heap   total 129024K, used 7168K [0x0000000083c00000, 0x0000000083d003f0, 0x0000000100000000)
  region size 1024K, 7 young (7168K), 0 survivors (0K)
 Metaspace       used 9652K, capacity 9854K, committed 10112K, reserved 1058816K
  class space    used 1014K, capacity 1092K, committed 1152K, reserved 1048576K
}
Event: 0,381 GC heap after
{Heap after GC invocations=1 (full 0):
 garbage-first heap   total 129024K, used 2488K [0x0000000083c00000, 0x0000000083d003f0, 0x0000000100000000)
  region size 1024K, 1 young (1024K), 1 survivors (1024K)
 Metaspace       used 9652K, capacity 9854K, committed 10112K, reserved 1058816K
  class space    used 1014K, capacity 1092K, committed 1152K, reserved 1048576K
}
Event: 7,036 GC heap before
{Heap before GC invocations=1 (full 0):
 garbage-first heap   total 129024K, used 47544K [0x0000000083c00000, 0x0000000083d003f0, 0x0000000100000000)
  region size 1024K, 46 young (47104K), 1 survivors (1024K)
 Metaspace       used 20640K, capacity 21178K, committed 21248K, reserved 1067008K
  class space    used 2593K, capacity 2780K, committed 2816K, reserved 1048576K
}
Event: 7,049 GC heap after
{Heap after GC invocations=2 (full 0):
 garbage-first heap   total 129024K, used 11199K [0x0000000083c00000, 0x0000000083d003f0, 0x0000000100000000)
  region size 1024K, 10 young (10240K), 10 survivors (10240K)
 Metaspace       used 20640K, capacity 21178K, committed 21248K, reserved 1067008K
  class space    used 2593K, capacity 2780K, committed 2816K, reserved 1048576K
}

Deoptimization events (10 events):
Event: 7,033 Thread 0x00007fb278467800 Uncommon trap: reason=class_check action=maybe_recompile pc=0x00007fb2697b0b14 method=java.lang.String.equals(Ljava/lang/Object;)Z @ 8
Event: 7,082 Thread 0x00007fb278467800 Uncommon trap: reason=unstable_if action=reinterpret pc=0x00007fb26979ea18 method=java.lang.StringLatin1.canEncode(I)Z @ 4
Event: 7,082 Thread 0x00007fb278467800 Uncommon trap: reason=unstable_if action=reinterpret pc=0x00007fb2697a1984 method=java.lang.AbstractStringBuilder.isLatin1()Z @ 10
Event: 7,082 Thread 0x00007fb278467800 Uncommon trap: reason=unstable_if action=reinterpret pc=0x00007fb2697e86b4 method=java.lang.AbstractStringBuilder.isLatin1()Z @ 10
Event: 7,084 Thread 0x00007fb278467800 Uncommon trap: reason=class_check action=maybe_recompile pc=0x00007fb2697f5da0 method=java.io.DataInputStream.readByte()B @ 4
Event: 7,085 Thread 0x00007fb278467800 Uncommon trap: reason=class_check action=maybe_recompile pc=0x00007fb2697f5da0 method=java.io.DataInputStream.readByte()B @ 4
Event: 7,085 Thread 0x00007fb278467800 Uncommon trap: reason=class_check action=maybe_recompile pc=0x00007fb2697f5da0 method=java.io.DataInputStream.readByte()B @ 4
Event: 7,085 Thread 0x00007fb278467800 Uncommon trap: reason=class_check action=maybe_recompile pc=0x00007fb2697f5da0 method=java.io.DataInputStream.readByte()B @ 4
Event: 7,095 Thread 0x00007fb278467800 Uncommon trap: reason=unstable_if action=reinterpret pc=0x00007fb2697b1a98 method=java.lang.StringCoding.encodeUTF8(B[B)[B @ 31
Event: 7,122 Thread 0x00007fb278467800 Uncommon trap: reason=unstable_if action=reinterpret pc=0x00007fb26975c39c method=java.lang.ref.SoftReference.get()Ljava/lang/Object; @ 6

Classes redefined (0 events):
No events

Internal exceptions (10 events):
Event: 0,475 Thread 0x00007fb278467800 Implicit null exception at 0x00007fb2697242b8 to 0x00007fb269724346
Event: 0,477 Thread 0x00007fb278467800 Implicit null exception at 0x00007fb269723f8f to 0x00007fb269723ff9
Event: 6,515 Thread 0x00007fb1e41a2800 Exception <a 'java/lang/InterruptedException': sleep interrupted> (0x00000000897274e8) thrown at [/build/openjdk-9-argm_o/openjdk-9-9~b114/src/hotspot/src/share/vm/prims/jvm.cpp, line 3065]
Event: 6,527 Thread 0x00007fb278467800 Exception <a 'java/lang/NoSuchMethodError': java.lang.Object.of([Ljava/lang/Object;)Ljava/util/stream/Stream;> (0x00000000896a3678) thrown at [/build/openjdk-9-argm_o/openjdk-9-9~b114/src/hotspot/src/share/vm/interpreter/linkResolver.cpp, line 728]
Event: 6,842 Thread 0x00007fb278467800 Implicit null exception at 0x00007fb26975d354 to 0x00007fb26975d86d
Event: 6,842 Thread 0x00007fb278467800 Implicit null exception at 0x00007fb2697598d4 to 0x00007fb269759df5
Event: 6,872 Thread 0x00007fb278467800 Exception <a 'java/lang/ClassNotFoundException': panda/resources/InsertionRuleButtonProvider> (0x00000000894b1240) thrown at [/build/openjdk-9-argm_o/openjdk-9-9~b114/src/hotspot/src/share/vm/prims/jni.cpp, line 626]
Event: 6,875 Thread 0x00007fb278467800 Exception <a 'java/lang/ClassNotFoundException': panda/resources/InsertionRuleButtonProvider> (0x00000000894dc4a8) thrown at [/build/openjdk-9-argm_o/openjdk-9-9~b114/src/hotspot/src/share/vm/prims/jni.cpp, line 626]
Event: 7,001 Thread 0x00007fb278467800 Exception <a 'java/lang/ClassNotFoundException': panda/resources/MrnatureViewProvider> (0x0000000088d91fd0) thrown at [/build/openjdk-9-argm_o/openjdk-9-9~b114/src/hotspot/src/share/vm/prims/jni.cpp, line 626]
Event: 7,088 Thread 0x00007fb278467800 Exception <a 'java/lang/ClassNotFoundException': panda/resources/MrnatureViewProvider> (0x000000008b848d98) thrown at [/build/openjdk-9-argm_o/openjdk-9-9~b114/src/hotspot/src/share/vm/prims/jni.cpp, line 626]

Events (10 events):
Event: 7,122 loading class sun/font/StrikeCache$SoftDisposerRef
Event: 7,122 loading class sun/font/StrikeCache$DisposableStrike
Event: 7,122 loading class sun/font/StrikeCache$DisposableStrike done
Event: 7,122 loading class sun/font/StrikeCache$SoftDisposerRef done
Event: 7,122 loading class sun/font/FileFontStrike
Event: 7,122 loading class sun/font/FileFontStrike done
Event: 7,122 loading class sun/font/FontScaler
Event: 7,122 loading class sun/font/FontScaler done
Event: 7,122 loading class sun/font/FreetypeFontScaler
Event: 7,122 loading class sun/font/FreetypeFontScaler done


Dynamic libraries:
00400000-00401000 r-xp 00000000 08:01 669289                             /usr/lib/jvm/java-9-openjdk-amd64/bin/java
00600000-00601000 r--p 00000000 08:01 669289                             /usr/lib/jvm/java-9-openjdk-amd64/bin/java
00601000-00602000 rw-p 00001000 08:01 669289                             /usr/lib/jvm/java-9-openjdk-amd64/bin/java
01080000-0110f000 rw-p 00000000 00:00 0                                  [heap]
83c00000-8ba00000 rw-p 00000000 00:00 0 
8ba00000-100000000 ---p 00000000 00:00 0 
100000000-100300000 rw-p 00000000 00:00 0 
100300000-140000000 ---p 00000000 00:00 0 
7fb1dc000000-7fb1dc021000 rw-p 00000000 00:00 0 
7fb1dc021000-7fb1e0000000 ---p 00000000 00:00 0 
7fb1e0000000-7fb1e006d000 rw-p 00000000 00:00 0 
7fb1e006d000-7fb1e4000000 ---p 00000000 00:00 0 
7fb1e4000000-7fb1e541d000 rw-p 00000000 00:00 0 
7fb1e541d000-7fb1e8000000 ---p 00000000 00:00 0 
7fb1e8000000-7fb1e8021000 rw-p 00000000 00:00 0 
7fb1e8021000-7fb1ec000000 ---p 00000000 00:00 0 
7fb1ec000000-7fb1ec021000 rw-p 00000000 00:00 0 
7fb1ec021000-7fb1f0000000 ---p 00000000 00:00 0 
7fb1f0000000-7fb1f0021000 rw-p 00000000 00:00 0 
7fb1f0021000-7fb1f4000000 ---p 00000000 00:00 0 
7fb1f5f1b000-7fb1f609b000 rw-p 00000000 00:00 0 
7fb1f609b000-7fb1f611b000 ---p 00000000 00:00 0 
7fb1f611b000-7fb1f611f000 ---p 00000000 00:00 0 
7fb1f611f000-7fb1f641c000 rw-p 00000000 00:00 0 
7fb1f641c000-7fb1f6420000 ---p 00000000 00:00 0 
7fb1f6420000-7fb1f651d000 rw-p 00000000 00:00 0 
7fb1f6d14000-7fb1f6d1b000 r--s 00000000 08:06 784244                     /var/cache/fontconfig/4be9850f182b35c1350b6bbf2e42601c-le64.cache-6
7fb1f6d1b000-7fb1f6d1d000 r--s 00000000 08:06 784243                     /var/cache/fontconfig/30a99c4256905863f7aa12b5e873c27c-le64.cache-6
7fb1f6d1d000-7fb1f6d1e000 r--s 00000000 08:06 784242                     /var/cache/fontconfig/087e1975ba9a574b140bb1df193bf770-le64.cache-6
7fb1f6d1e000-7fb1f6d22000 r--s 00000000 08:06 784241                     /var/cache/fontconfig/6aa41aa22e18b8fa06a12da28ea9c28b-le64.cache-6
7fb1f6d22000-7fb1f6d2d000 r--s 00000000 08:06 783456                     /var/cache/fontconfig/945677eb7aeaf62f1d50efc3fb3ec7d8-le64.cache-6
7fb1f6d2d000-7fb1f6d2f000 r--s 00000000 08:06 783458                     /var/cache/fontconfig/99e8ed0e538f840c565b6ed5dad60d56-le64.cache-6
7fb1f6d2f000-7fb1f6d35000 r--s 00000000 08:06 783427                     /var/cache/fontconfig/2cd17615ca594fa2959ae173292e504c-le64.cache-6
7fb1f6d35000-7fb1f6d36000 r--s 00000000 08:06 783420                     /var/cache/fontconfig/0d8c3b2ac0904cb8a57a757ad11a4a08-le64.cache-6
7fb1f6d36000-7fb1f6d4b000 r--s 00000000 08:06 783417                     /var/cache/fontconfig/04aabc0a78ac019cf9454389977116d2-le64.cache-6
7fb1f6d4b000-7fb1f6d4c000 r--s 00000000 08:06 783424                     /var/cache/fontconfig/1ac9eb803944fde146138c791f5cc56a-le64.cache-6
7fb1f6d4c000-7fb1f6d50000 r--s 00000000 08:06 783432                     /var/cache/fontconfig/385c0604a188198f04d133e54aba7fe7-le64.cache-6
7fb1f6d50000-7fb1f6d51000 r--s 00000000 08:06 784240                     /var/cache/fontconfig/9c956a7723ca69a44b382d9179c9802f-le64.cache-6
7fb1f6d51000-7fb1f6d52000 r--s 00000000 08:06 783477                     /var/cache/fontconfig/dc05db6664285cc2f12bf69c139ae4c3-le64.cache-6
7fb1f6d52000-7fb1f6d54000 r--s 00000000 08:06 783421                     /var/cache/fontconfig/14a5e22175779b556eaa434240950366-le64.cache-6
7fb1f6d54000-7fb1f6d55000 r--s 00000000 08:06 783448                     /var/cache/fontconfig/660208299946a285a940457d1287da33-le64.cache-6
7fb1f6d55000-7fb1f6d56000 r--s 00000000 08:06 784238                     /var/cache/fontconfig/5d1cca7074f29429a8d18692746c2426-le64.cache-6
7fb1f6d56000-7fb1f6d58000 r--s 00000000 08:06 783439                     /var/cache/fontconfig/4f3e3037c9980c83b53a9351efadef62-le64.cache-6
7fb1f6d58000-7fb1f6d5b000 r--s 00000000 08:06 783452                     /var/cache/fontconfig/767a8244fc0220cfb567a839d0392e0b-le64.cache-6
7fb1f6d5b000-7fb1f6d5c000 r--s 00000000 08:06 784032                     /var/cache/fontconfig/4794a0821666d79190d59a36cb4f44b5-le64.cache-6
7fb1f6d5c000-7fb1f6d5d000 r--s 00000000 08:06 784237                     /var/cache/fontconfig/9eae20f1ff8cc0a7d125749e875856bd-le64.cache-6
7fb1f6d5d000-7fb1f6d9d000 r--s 00000000 08:06 783418                     /var/cache/fontconfig/0bd3dc0958fa2205aaaa8ebb13e2872b-le64.cache-6
7fb1f6d9d000-7fb1f6da0000 r--s 00000000 08:06 784236                     /var/cache/fontconfig/bf2c1853a9e9b00bb02fe2e9bcf1e201-le64.cache-6
7fb1f6da0000-7fb1f6da5000 r--s 00000000 08:06 783455                     /var/cache/fontconfig/8801497958630a81b71ace7c5f9b32a8-le64.cache-6
7fb1f6da5000-7fb1f6da8000 r--s 00000000 08:06 783461                     /var/cache/fontconfig/a015930274ffcd967d2ca1b57da47cc7-le64.cache-6
7fb1f6da8000-7fb1f6da9000 r--s 00000000 08:06 783465                     /var/cache/fontconfig/b872e6e592da6075ffa4ab0a1fcc0c75-le64.cache-6
7fb1f6da9000-7fb1f6daa000 r--s 00000000 08:06 783482                     /var/cache/fontconfig/f6d4eedfaab2589bde49f7a3ff831d22-le64.cache-6
7fb1f6daa000-7fb1f6dab000 r--s 00000000 08:06 783446                     /var/cache/fontconfig/589f83ef4c36d296ce6e1c846f468f08-le64.cache-6
7fb1f6dab000-7fb1f6dac000 r--s 00000000 08:06 783467                     /var/cache/fontconfig/bab58bb527bb656aaa9f116d68a48d89-le64.cache-6
7fb1f6dac000-7fb1f6dad000 r--s 00000000 08:06 783425                     /var/cache/fontconfig/2171a34dccabdb6bcbbc728186263178-le64.cache-6
7fb1f6dad000-7fb1f6dae000 r--s 00000000 08:06 783468                     /var/cache/fontconfig/c5c45a61289222e0d30b1a26ef4effbe-le64.cache-6
7fb1f6dae000-7fb1f6daf000 r--s 00000000 08:06 783463                     /var/cache/fontconfig/aec30016f93e1b46d1a973dce0d74068-le64.cache-6
7fb1f6daf000-7fb1f6db0000 r--s 00000000 08:06 783433                     /var/cache/fontconfig/3f589640d34b7dc9042c8d453f7c8b9c-le64.cache-6
7fb1f6db0000-7fb1f6db1000 r--s 00000000 08:06 783422                     /var/cache/fontconfig/16c2fda60d1b4b719f4b3d06fd951d25-le64.cache-6
7fb1f6db1000-7fb1f6db2000 r--s 00000000 08:06 783462                     /var/cache/fontconfig/a48eab177a16e4f3713381162db2f3e9-le64.cache-6
7fb1f6db2000-7fb1f6db3000 r--s 00000000 08:06 783442                     /var/cache/fontconfig/564b2e68ac9bc4e36a6f7f6d6125ec1c-le64.cache-6
7fb1f6db3000-7fb1f6dba000 r--s 00000000 08:06 783428                     /var/cache/fontconfig/3047814df9a2f067bd2d96a2b9c36e5a-le64.cache-6
7fb1f6dba000-7fb1f6dc2000 r--s 00000000 08:06 784235                     /var/cache/fontconfig/bf3b770c553c462765856025a94f1ce6-le64.cache-6
7fb1f6dc2000-7fb1f6dc3000 r--s 00000000 08:06 783443                     /var/cache/fontconfig/56cf4f4769d0f4abc89a4895d7bd3ae1-le64.cache-6
7fb1f6dc3000-7fb1f6dc4000 r--s 00000000 08:06 783466                     /var/cache/fontconfig/b9d506c9ac06c20b433354fa67a72993-le64.cache-6
7fb1f6dc4000-7fb1f6dca000 r--s 00000000 08:06 783464                     /var/cache/fontconfig/b47c4e1ecd0709278f4910c18777a504-le64.cache-6
7fb1f6dca000-7fb1f6dcd000 r--s 00000000 08:06 784234                     /var/cache/fontconfig/14d493b97896515cad3840ba4896e372-le64.cache-6
7fb1f6dcd000-7fb1f6dd0000 r--s 00000000 08:06 784233                     /var/cache/fontconfig/e49e89034d371f0f9de17aab02136486-le64.cache-6
7fb1f6dd0000-7fb1f6dd2000 r--s 00000000 08:06 784232                     /var/cache/fontconfig/4b14b093aebc79c320de5e86ae1d3314-le64.cache-6
7fb1f6dd2000-7fb1f6de5000 r--s 00000000 08:06 783474                     /var/cache/fontconfig/d52a8644073d54c13679302ca1180695-le64.cache-6
7fb1f6de5000-7fb1f6de6000 r--s 00000000 08:06 783430                     /var/cache/fontconfig/370e5b74bf5dafc30834de68e24a87a4-le64.cache-6
7fb1f6de6000-7fb1f6de7000 r--s 00000000 08:06 783450                     /var/cache/fontconfig/6b2c5944714ca7831b25bed9e85cb5c8-le64.cache-6
7fb1f6de7000-7fb1f6de8000 r--s 00000000 08:06 783473                     /var/cache/fontconfig/d5178ab6d91b49bf20a416737dcea9e8-le64.cache-6
7fb1f6de8000-7fb1f6de9000 r--s 00000000 08:06 783441                     /var/cache/fontconfig/551ecf3b0e8b0bca0f25c0944f561853-le64.cache-6
7fb1f6de9000-7fb1f6dec000 r--s 00000000 08:06 783481                     /var/cache/fontconfig/f259c2cffa685e28062317905db73c4a-le64.cache-6
7fb1f6dec000-7fb1f6dee000 r--s 00000000 08:06 783440                     /var/cache/fontconfig/550f3886151c940c12a5ed35f6a00586-le64.cache-6
7fb1f6dee000-7fb1f6df1000 r--s 00000000 08:06 783449                     /var/cache/fontconfig/674d1711f2d1d2a09646eb0bdcadee49-le64.cache-6
7fb1f6df1000-7fb1f6df2000 r--s 00000000 08:06 784231                     /var/cache/fontconfig/8a687c406b77f27d99abfeeba937fcce-le64.cache-6
7fb1f6df2000-7fb1f6df7000 r--s 00000000 08:06 784230                     /var/cache/fontconfig/75ad6aa2358a85f0de2c8ee4837e8227-le64.cache-6
7fb1f6df7000-7fb1f6df9000 r--s 00000000 08:06 784229                     /var/cache/fontconfig/65f976e5259cbe6dc7697b8648396239-le64.cache-6
7fb1f6df9000-7fb1f6e04000 r--s 00000000 08:06 783475                     /var/cache/fontconfig/d589a48862398ed80a3d6066f4f56f4c-le64.cache-6
7fb1f6e04000-7fb1f6e08000 r--s 00000000 08:06 784228                     /var/cache/fontconfig/246184dc75a16901ca37d96895904249-le64.cache-6
7fb1f6e08000-7fb1f6e09000 r--s 00000000 08:06 784227                     /var/cache/fontconfig/94f7fe9bd33aadfac165873bd010d595-le64.cache-6
7fb1f6e09000-7fb1f6e0b000 r--s 00000000 08:06 784226                     /var/cache/fontconfig/423767150eb258c59035de29db6fca84-le64.cache-6
7fb1f6e0b000-7fb1f6e0c000 r--s 00000000 08:06 784225                     /var/cache/fontconfig/e7de81b01590fb7e12b38e274e17d0db-le64.cache-6
7fb1f6e0c000-7fb1f6e0d000 r--s 00000000 08:06 784224                     /var/cache/fontconfig/406a1d2d2bf3ed7664fbadefac0b2f66-le64.cache-6
7fb1f6e0d000-7fb1f6e0f000 r--s 00000000 08:06 784223                     /var/cache/fontconfig/67709b7835c0f764c1135060c9575660-le64.cache-6
7fb1f6e0f000-7fb1f6e10000 r--s 00000000 08:06 783429                     /var/cache/fontconfig/30829fa25452a46451e813d634d7f916-le64.cache-6
7fb1f6e10000-7fb1f6e1e000 r--s 00000000 08:06 784222                     /var/cache/fontconfig/198d8fcf01c96d0cf813f74fd759bdb7-le64.cache-6
7fb1f6e1e000-7fb1f6e1f000 r--s 00000000 08:06 783419                     /var/cache/fontconfig/0c9eb80ebd1c36541ebe2852d3bb0c49-le64.cache-6
7fb1f6e1f000-7fb1f6e20000 r--s 00000000 08:06 783426                     /var/cache/fontconfig/22368d551a680bfe5a62c02760edf4ea-le64.cache-6
7fb1f6e20000-7fb1f6e21000 r--s 00000000 08:06 783438                     /var/cache/fontconfig/4d9c95eba1cb85bbcf2878543262124a-le64.cache-6
7fb1f6e21000-7fb1f6e22000 r--s 00000000 08:06 783454                     /var/cache/fontconfig/85e0a52ce643a7ba2ae53e5d6949cead-le64.cache-6
7fb1f6e22000-7fb1f6e23000 r--s 00000000 08:06 783435                     /var/cache/fontconfig/49f0de54bdd920fe4f0dfd4cbac43e6b-le64.cache-6
7fb1f6e23000-7fb1f6e24000 r--s 00000000 08:06 783483                     /var/cache/fontconfig/f6e6e0a5c3d2f6ae0c0c2e0ecd42a997-le64.cache-6
7fb1f6e24000-7fb1f6e27000 r--s 00000000 08:06 784220                     /var/cache/fontconfig/75114ca45c98e8a441da0ff356701271-le64.cache-6
7fb1f6e27000-7fb1f6e32000 r--s 00000000 08:06 784219                     /var/cache/fontconfig/83bf95040141907cd45bb53cf7c1c148-le64.cache-6
7fb1f6e32000-7fb1f6e44000 r--s 00000000 08:06 783459                     /var/cache/fontconfig/9b89f8e3dae116d678bbf48e5f21f69b-le64.cache-6
7fb1f6e44000-7fb1f6e4d000 r--s 00000000 08:06 783471                     /var/cache/fontconfig/d0972c3d32f097851eb916381fc38920-le64.cache-6
7fb1f6e4d000-7fb1f6e4f000 r--s 00000000 08:06 784218                     /var/cache/fontconfig/6e6b34ae150a7ad95e82fb4a522f0bda-le64.cache-6
7fb1f6e4f000-7fb1f6e56000 r--s 00000000 08:06 784216                     /var/cache/fontconfig/53d14c92082a93e67d5078324eb314ca-le64.cache-6
7fb1f6e56000-7fb1f6e5a000 r--s 00000000 08:06 784215                     /var/cache/fontconfig/6c08beecf0dac481ec92e759e0c2e6d7-le64.cache-6
7fb1f6e5a000-7fb1f6e5e000 r--s 00000000 08:06 784214                     /var/cache/fontconfig/4d6aee6d44eccb37054d3216e945f618-le64.cache-6
7fb1f6e5e000-7fb1f6e62000 r--s 00000000 08:06 784213                     /var/cache/fontconfig/d6c6df98c3df5faf9bd0f8ef4d91efe5-le64.cache-6
7fb1f6e62000-7fb1f6e66000 r--s 00000000 08:06 784212                     /var/cache/fontconfig/9fb319ef52839f11ee26ab8b4cffa12b-le64.cache-6
7fb1f6e66000-7fb1f6e79000 r--s 00000000 08:06 784210                     /var/cache/fontconfig/4ac51e5cfbc76fc3f983e470323a16d3-le64.cache-6
7fb1f6e79000-7fb1f6e8f000 r--s 00000000 08:06 784205                     /var/cache/fontconfig/e13b20fdb08344e0e664864cc2ede53d-le64.cache-6
7fb1f70f9000-7fb1f70fd000 ---p 00000000 00:00 0 
7fb1f70fd000-7fb1f71fa000 rw-p 00000000 00:00 0 
7fb1f71fa000-7fb1f71fe000 ---p 00000000 00:00 0 
7fb1f71fe000-7fb1f74fb000 rw-p 00000000 00:00 0 
7fb1f74fb000-7fb1f74ff000 ---p 00000000 00:00 0 
7fb1f74ff000-7fb1f75fc000 rw-p 00000000 00:00 0 
7fb1f75fc000-7fb1f7600000 ---p 00000000 00:00 0 
7fb1f7600000-7fb1f76fd000 rw-p 00000000 00:00 0 
7fb1f76fd000-7fb1f7701000 ---p 00000000 00:00 0 
7fb1f7701000-7fb1f79fe000 rw-p 00000000 00:00 0 
7fb1f79fe000-7fb1f7bfe000 rw-p 00000000 00:00 0 
7fb1f7bfe000-7fb1f7dfe000 rw-p 00000000 00:00 0 
7fb1f7dfe000-7fb1f7e02000 ---p 00000000 00:00 0 
7fb1f7e02000-7fb1f7eff000 rw-p 00000000 00:00 0 
7fb1f7eff000-7fb1f7f03000 ---p 00000000 00:00 0 
7fb1f7f03000-7fb1f8000000 rw-p 00000000 00:00 0 
7fb1f8000000-7fb1f8021000 rw-p 00000000 00:00 0 
7fb1f8021000-7fb1fc000000 ---p 00000000 00:00 0 
7fb1fc000000-7fb1fc021000 rw-p 00000000 00:00 0 
7fb1fc021000-7fb200000000 ---p 00000000 00:00 0 
7fb200000000-7fb200021000 rw-p 00000000 00:00 0 
7fb200021000-7fb204000000 ---p 00000000 00:00 0 
7fb204000000-7fb204021000 rw-p 00000000 00:00 0 
7fb204021000-7fb208000000 ---p 00000000 00:00 0 
7fb208000000-7fb208c3c000 rw-p 00000000 00:00 0 
7fb208c3c000-7fb20c000000 ---p 00000000 00:00 0 
7fb20c000000-7fb20c021000 rw-p 00000000 00:00 0 
7fb20c021000-7fb210000000 ---p 00000000 00:00 0 
7fb210000000-7fb210b15000 rw-p 00000000 00:00 0 
7fb210b15000-7fb214000000 ---p 00000000 00:00 0 
7fb214000000-7fb214ac6000 rw-p 00000000 00:00 0 
7fb214ac6000-7fb218000000 ---p 00000000 00:00 0 
7fb218000000-7fb218021000 rw-p 00000000 00:00 0 
7fb218021000-7fb21c000000 ---p 00000000 00:00 0 
7fb21c000000-7fb21c021000 rw-p 00000000 00:00 0 
7fb21c021000-7fb220000000 ---p 00000000 00:00 0 
7fb220000000-7fb220021000 rw-p 00000000 00:00 0 
7fb220021000-7fb224000000 ---p 00000000 00:00 0 
7fb224000000-7fb224021000 rw-p 00000000 00:00 0 
7fb224021000-7fb228000000 ---p 00000000 00:00 0 
7fb228000000-7fb228021000 rw-p 00000000 00:00 0 
7fb228021000-7fb22c000000 ---p 00000000 00:00 0 
7fb22c000000-7fb22c021000 rw-p 00000000 00:00 0 
7fb22c021000-7fb230000000 ---p 00000000 00:00 0 
7fb230000000-7fb230001000 r--s 00000000 08:06 783436                     /var/cache/fontconfig/4b2eda6bb976bda485cb2176619421d5-le64.cache-6
7fb230001000-7fb230002000 r--s 00000000 08:06 784217                     /var/cache/fontconfig/3334a778d104e76d188e9df399bc24d2-le64.cache-6
7fb230002000-7fb230004000 r--s 00000000 08:06 784211                     /var/cache/fontconfig/43bfe21a9e1edebcf703d79ee2950b06-le64.cache-6
7fb230004000-7fb230007000 r--s 00000000 08:06 784209                     /var/cache/fontconfig/c19b55eb3b4c5b40ea175e31682068a5-le64.cache-6
7fb230007000-7fb230008000 r--s 00000000 08:06 784208                     /var/cache/fontconfig/c277e94e32b20404286a1ddafa5a80f0-le64.cache-6
7fb230008000-7fb23000c000 r--s 00000000 08:06 784207                     /var/cache/fontconfig/3629f2adf904f9a612908891fae71ceb-le64.cache-6
7fb23000c000-7fb23000f000 r--s 00000000 08:06 784206                     /var/cache/fontconfig/de83a0a961185c8bd1f159015d56c039-le64.cache-6
7fb23000f000-7fb230014000 r--s 00000000 08:06 784247                     /var/cache/fontconfig/7ef2298fde41cc6eeb7af42e48b7d293-le64.cache-6
7fb230014000-7fb230015000 r--s 00000000 08:06 784246                     /var/cache/fontconfig/e0aa53bcfa504e64f87823c16bc01eb6-le64.cache-6
7fb230015000-7fb230036000 r--s 00000000 08:06 783823                     /var/cache/fontconfig/467c019e582ee353435ea5c21d137ef6-le64.cache-6
7fb230036000-7fb23003d000 r--s 00000000 08:06 784244                     /var/cache/fontconfig/4be9850f182b35c1350b6bbf2e42601c-le64.cache-6
7fb23003d000-7fb23003f000 r--s 00000000 08:06 784243                     /var/cache/fontconfig/30a99c4256905863f7aa12b5e873c27c-le64.cache-6
7fb23003f000-7fb230043000 r--s 00000000 08:06 784241                     /var/cache/fontconfig/6aa41aa22e18b8fa06a12da28ea9c28b-le64.cache-6
7fb230043000-7fb23004e000 r--s 00000000 08:06 783456                     /var/cache/fontconfig/945677eb7aeaf62f1d50efc3fb3ec7d8-le64.cache-6
7fb23004e000-7fb230063000 r--s 00000000 08:06 783417                     /var/cache/fontconfig/04aabc0a78ac019cf9454389977116d2-le64.cache-6
7fb230063000-7fb230068000 r-xp 00000000 08:01 142274                     /usr/lib/x86_64-linux-gnu/libXfixes.so.3.1.0
7fb230068000-7fb230267000 ---p 00005000 08:01 142274                     /usr/lib/x86_64-linux-gnu/libXfixes.so.3.1.0
7fb230267000-7fb230268000 r--p 00004000 08:01 142274                     /usr/lib/x86_64-linux-gnu/libXfixes.so.3.1.0
7fb230268000-7fb230269000 rw-p 00005000 08:01 142274                     /usr/lib/x86_64-linux-gnu/libXfixes.so.3.1.0
7fb230269000-7fb230272000 r-xp 00000000 08:01 142266                     /usr/lib/x86_64-linux-gnu/libXcursor.so.1.0.2
7fb230272000-7fb230471000 ---p 00009000 08:01 142266                     /usr/lib/x86_64-linux-gnu/libXcursor.so.1.0.2
7fb230471000-7fb230472000 r--p 00008000 08:01 142266                     /usr/lib/x86_64-linux-gnu/libXcursor.so.1.0.2
7fb230472000-7fb230473000 rw-p 00009000 08:01 142266                     /usr/lib/x86_64-linux-gnu/libXcursor.so.1.0.2
7fb230473000-7fb230497000 r-xp 00000000 08:01 528792                     /lib/x86_64-linux-gnu/libpng12.so.0.54.0
7fb230497000-7fb230696000 ---p 00024000 08:01 528792                     /lib/x86_64-linux-gnu/libpng12.so.0.54.0
7fb230696000-7fb230697000 r--p 00023000 08:01 528792                     /lib/x86_64-linux-gnu/libpng12.so.0.54.0
7fb230697000-7fb230698000 rw-p 00024000 08:01 528792                     /lib/x86_64-linux-gnu/libpng12.so.0.54.0
7fb230698000-7fb23073c000 r-xp 00000000 08:01 142703                     /usr/lib/x86_64-linux-gnu/libfreetype.so.6.12.1
7fb23073c000-7fb23093b000 ---p 000a4000 08:01 142703                     /usr/lib/x86_64-linux-gnu/libfreetype.so.6.12.1
7fb23093b000-7fb230941000 r--p 000a3000 08:01 142703                     /usr/lib/x86_64-linux-gnu/libfreetype.so.6.12.1
7fb230941000-7fb230942000 rw-p 000a9000 08:01 142703                     /usr/lib/x86_64-linux-gnu/libfreetype.so.6.12.1
7fb230942000-7fb230a08000 r-xp 00000000 08:01 669309                     /usr/lib/jvm/java-9-openjdk-amd64/lib/amd64/libfontmanager.so
7fb230a08000-7fb230c07000 ---p 000c6000 08:01 669309                     /usr/lib/jvm/java-9-openjdk-amd64/lib/amd64/libfontmanager.so
7fb230c07000-7fb230c0a000 r--p 000c5000 08:01 669309                     /usr/lib/jvm/java-9-openjdk-amd64/lib/amd64/libfontmanager.so
7fb230c0a000-7fb230c0b000 rw-p 000c8000 08:01 669309                     /usr/lib/jvm/java-9-openjdk-amd64/lib/amd64/libfontmanager.so
7fb230c0b000-7fb230c0c000 rw-p 00000000 00:00 0 
7fb230c0c000-7fb230c11000 r-xp 00000000 08:01 142270                     /usr/lib/x86_64-linux-gnu/libXdmcp.so.6.0.0
7fb230c11000-7fb230e10000 ---p 00005000 08:01 142270                     /usr/lib/x86_64-linux-gnu/libXdmcp.so.6.0.0
7fb230e10000-7fb230e11000 r--p 00004000 08:01 142270                     /usr/lib/x86_64-linux-gnu/libXdmcp.so.6.0.0
7fb230e11000-7fb230e12000 rw-p 00005000 08:01 142270                     /usr/lib/x86_64-linux-gnu/libXdmcp.so.6.0.0
7fb230e12000-7fb230e14000 r-xp 00000000 08:01 142259                     /usr/lib/x86_64-linux-gnu/libXau.so.6.0.0
7fb230e14000-7fb231014000 ---p 00002000 08:01 142259                     /usr/lib/x86_64-linux-gnu/libXau.so.6.0.0
7fb231014000-7fb231015000 r--p 00002000 08:01 142259                     /usr/lib/x86_64-linux-gnu/libXau.so.6.0.0
7fb231015000-7fb231016000 rw-p 00003000 08:01 142259                     /usr/lib/x86_64-linux-gnu/libXau.so.6.0.0
7fb231016000-7fb231037000 r-xp 00000000 08:01 143706                     /usr/lib/x86_64-linux-gnu/libxcb.so.1.1.0
7fb231037000-7fb231236000 ---p 00021000 08:01 143706                     /usr/lib/x86_64-linux-gnu/libxcb.so.1.1.0
7fb231236000-7fb231237000 r--p 00020000 08:01 143706                     /usr/lib/x86_64-linux-gnu/libxcb.so.1.1.0
7fb231237000-7fb231238000 rw-p 00021000 08:01 143706                     /usr/lib/x86_64-linux-gnu/libxcb.so.1.1.0
7fb231238000-7fb231247000 r-xp 00000000 08:01 142280                     /usr/lib/x86_64-linux-gnu/libXi.so.6.1.0
7fb231247000-7fb231446000 ---p 0000f000 08:01 142280                     /usr/lib/x86_64-linux-gnu/libXi.so.6.1.0
7fb231446000-7fb231447000 r--p 0000e000 08:01 142280                     /usr/lib/x86_64-linux-gnu/libXi.so.6.1.0
7fb231447000-7fb231448000 rw-p 0000f000 08:01 142280                     /usr/lib/x86_64-linux-gnu/libXi.so.6.1.0
7fb231448000-7fb23144d000 r-xp 00000000 08:01 142298                     /usr/lib/x86_64-linux-gnu/libXtst.so.6.1.0
7fb23144d000-7fb23164c000 ---p 00005000 08:01 142298                     /usr/lib/x86_64-linux-gnu/libXtst.so.6.1.0
7fb23164c000-7fb23164d000 r--p 00004000 08:01 142298                     /usr/lib/x86_64-linux-gnu/libXtst.so.6.1.0
7fb23164d000-7fb23164e000 rw-p 00005000 08:01 142298                     /usr/lib/x86_64-linux-gnu/libXtst.so.6.1.0
7fb23164e000-7fb231657000 r-xp 00000000 08:01 142292                     /usr/lib/x86_64-linux-gnu/libXrender.so.1.3.0
7fb231657000-7fb231856000 ---p 00009000 08:01 142292                     /usr/lib/x86_64-linux-gnu/libXrender.so.1.3.0
7fb231856000-7fb231857000 r--p 00008000 08:01 142292                     /usr/lib/x86_64-linux-gnu/libXrender.so.1.3.0
7fb231857000-7fb231858000 rw-p 00009000 08:01 142292                     /usr/lib/x86_64-linux-gnu/libXrender.so.1.3.0
7fb231858000-7fb23198d000 r-xp 00000000 08:01 142255                     /usr/lib/x86_64-linux-gnu/libX11.so.6.3.0
7fb23198d000-7fb231b8d000 ---p 00135000 08:01 142255                     /usr/lib/x86_64-linux-gnu/libX11.so.6.3.0
7fb231b8d000-7fb231b8e000 r--p 00135000 08:01 142255                     /usr/lib/x86_64-linux-gnu/libX11.so.6.3.0
7fb231b8e000-7fb231b92000 rw-p 00136000 08:01 142255                     /usr/lib/x86_64-linux-gnu/libX11.so.6.3.0
7fb231b92000-7fb231ba3000 r-xp 00000000 08:01 142272                     /usr/lib/x86_64-linux-gnu/libXext.so.6.4.0
7fb231ba3000-7fb231da2000 ---p 00011000 08:01 142272                     /usr/lib/x86_64-linux-gnu/libXext.so.6.4.0
7fb231da2000-7fb231da3000 r--p 00010000 08:01 142272                     /usr/lib/x86_64-linux-gnu/libXext.so.6.4.0
7fb231da3000-7fb231da4000 rw-p 00011000 08:01 142272                     /usr/lib/x86_64-linux-gnu/libXext.so.6.4.0
7fb231da4000-7fb231dfb000 r-xp 00000000 08:01 669336                     /usr/lib/jvm/java-9-openjdk-amd64/lib/amd64/libawt_xawt.so
7fb231dfb000-7fb231ffb000 ---p 00057000 08:01 669336                     /usr/lib/jvm/java-9-openjdk-amd64/lib/amd64/libawt_xawt.so
7fb231ffb000-7fb231ffc000 r--p 00057000 08:01 669336                     /usr/lib/jvm/java-9-openjdk-amd64/lib/amd64/libawt_xawt.so
7fb231ffc000-7fb231fff000 rw-p 00058000 08:01 669336                     /usr/lib/jvm/java-9-openjdk-amd64/lib/amd64/libawt_xawt.so
7fb231fff000-7fb234000000 rw-p 00000000 00:00 0 
7fb234000000-7fb234021000 rw-p 00000000 00:00 0 
7fb234021000-7fb238000000 ---p 00000000 00:00 0 
7fb238000000-7fb238001000 r--s 00000000 08:06 784242                     /var/cache/fontconfig/087e1975ba9a574b140bb1df193bf770-le64.cache-6
7fb238001000-7fb238003000 r--s 00000000 08:06 783458                     /var/cache/fontconfig/99e8ed0e538f840c565b6ed5dad60d56-le64.cache-6
7fb238003000-7fb238009000 r--s 00000000 08:06 783427                     /var/cache/fontconfig/2cd17615ca594fa2959ae173292e504c-le64.cache-6
7fb238009000-7fb23800a000 r--s 00000000 08:06 783420                     /var/cache/fontconfig/0d8c3b2ac0904cb8a57a757ad11a4a08-le64.cache-6
7fb23800a000-7fb23800b000 r--s 00000000 08:06 783424                     /var/cache/fontconfig/1ac9eb803944fde146138c791f5cc56a-le64.cache-6
7fb23800b000-7fb23800f000 r--s 00000000 08:06 783432                     /var/cache/fontconfig/385c0604a188198f04d133e54aba7fe7-le64.cache-6
7fb23800f000-7fb238010000 r--s 00000000 08:06 784240                     /var/cache/fontconfig/9c956a7723ca69a44b382d9179c9802f-le64.cache-6
7fb238010000-7fb238011000 r--s 00000000 08:06 783477                     /var/cache/fontconfig/dc05db6664285cc2f12bf69c139ae4c3-le64.cache-6
7fb238011000-7fb238013000 r--s 00000000 08:06 783421                     /var/cache/fontconfig/14a5e22175779b556eaa434240950366-le64.cache-6
7fb238013000-7fb238014000 r--s 00000000 08:06 783448                     /var/cache/fontconfig/660208299946a285a940457d1287da33-le64.cache-6
7fb238014000-7fb238015000 r--s 00000000 08:06 784238                     /var/cache/fontconfig/5d1cca7074f29429a8d18692746c2426-le64.cache-6
7fb238015000-7fb238017000 r--s 00000000 08:06 783439                     /var/cache/fontconfig/4f3e3037c9980c83b53a9351efadef62-le64.cache-6
7fb238017000-7fb23801a000 r--s 00000000 08:06 783452                     /var/cache/fontconfig/767a8244fc0220cfb567a839d0392e0b-le64.cache-6
7fb23801a000-7fb23801b000 r--s 00000000 08:06 784032                     /var/cache/fontconfig/4794a0821666d79190d59a36cb4f44b5-le64.cache-6
7fb23801b000-7fb23801c000 r--s 00000000 08:06 784237                     /var/cache/fontconfig/9eae20f1ff8cc0a7d125749e875856bd-le64.cache-6
7fb23801c000-7fb23805c000 r--s 00000000 08:06 783418                     /var/cache/fontconfig/0bd3dc0958fa2205aaaa8ebb13e2872b-le64.cache-6
7fb23805c000-7fb23805f000 r--s 00000000 08:06 784236                     /var/cache/fontconfig/bf2c1853a9e9b00bb02fe2e9bcf1e201-le64.cache-6
7fb23805f000-7fb238064000 r--s 00000000 08:06 783455                     /var/cache/fontconfig/8801497958630a81b71ace7c5f9b32a8-le64.cache-6
7fb238064000-7fb238067000 r--s 00000000 08:06 783461                     /var/cache/fontconfig/a015930274ffcd967d2ca1b57da47cc7-le64.cache-6
7fb238067000-7fb238068000 r--s 00000000 08:06 783465                     /var/cache/fontconfig/b872e6e592da6075ffa4ab0a1fcc0c75-le64.cache-6
7fb238068000-7fb238069000 r--s 00000000 08:06 783482                     /var/cache/fontconfig/f6d4eedfaab2589bde49f7a3ff831d22-le64.cache-6
7fb238069000-7fb23806a000 r--s 00000000 08:06 783446                     /var/cache/fontconfig/589f83ef4c36d296ce6e1c846f468f08-le64.cache-6
7fb23806a000-7fb23806b000 r--s 00000000 08:06 783467                     /var/cache/fontconfig/bab58bb527bb656aaa9f116d68a48d89-le64.cache-6
7fb23806b000-7fb23806c000 r--s 00000000 08:06 783425                     /var/cache/fontconfig/2171a34dccabdb6bcbbc728186263178-le64.cache-6
7fb23806c000-7fb23806d000 r--s 00000000 08:06 783468                     /var/cache/fontconfig/c5c45a61289222e0d30b1a26ef4effbe-le64.cache-6
7fb23806d000-7fb23806e000 r--s 00000000 08:06 783463                     /var/cache/fontconfig/aec30016f93e1b46d1a973dce0d74068-le64.cache-6
7fb23806e000-7fb23806f000 r--s 00000000 08:06 783433                     /var/cache/fontconfig/3f589640d34b7dc9042c8d453f7c8b9c-le64.cache-6
7fb23806f000-7fb238070000 r--s 00000000 08:06 783422                     /var/cache/fontconfig/16c2fda60d1b4b719f4b3d06fd951d25-le64.cache-6
7fb238070000-7fb238071000 r--s 00000000 08:06 783462                     /var/cache/fontconfig/a48eab177a16e4f3713381162db2f3e9-le64.cache-6
7fb238071000-7fb238072000 r--s 00000000 08:06 783442                     /var/cache/fontconfig/564b2e68ac9bc4e36a6f7f6d6125ec1c-le64.cache-6
7fb238072000-7fb238079000 r--s 00000000 08:06 783428                     /var/cache/fontconfig/3047814df9a2f067bd2d96a2b9c36e5a-le64.cache-6
7fb238079000-7fb238081000 r--s 00000000 08:06 784235                     /var/cache/fontconfig/bf3b770c553c462765856025a94f1ce6-le64.cache-6
7fb238081000-7fb238082000 r--s 00000000 08:06 783443                     /var/cache/fontconfig/56cf4f4769d0f4abc89a4895d7bd3ae1-le64.cache-6
7fb238082000-7fb238083000 r--s 00000000 08:06 783466                     /var/cache/fontconfig/b9d506c9ac06c20b433354fa67a72993-le64.cache-6
7fb238083000-7fb238089000 r--s 00000000 08:06 783464                     /var/cache/fontconfig/b47c4e1ecd0709278f4910c18777a504-le64.cache-6
7fb238089000-7fb23808c000 r--s 00000000 08:06 784234                     /var/cache/fontconfig/14d493b97896515cad3840ba4896e372-le64.cache-6
7fb23808c000-7fb23808f000 r--s 00000000 08:06 784233                     /var/cache/fontconfig/e49e89034d371f0f9de17aab02136486-le64.cache-6
7fb23808f000-7fb238091000 r--s 00000000 08:06 784232                     /var/cache/fontconfig/4b14b093aebc79c320de5e86ae1d3314-le64.cache-6
7fb238091000-7fb2380a4000 r--s 00000000 08:06 783474                     /var/cache/fontconfig/d52a8644073d54c13679302ca1180695-le64.cache-6
7fb2380a4000-7fb2380a5000 r--s 00000000 08:06 783430                     /var/cache/fontconfig/370e5b74bf5dafc30834de68e24a87a4-le64.cache-6
7fb2380a5000-7fb2380a6000 r--s 00000000 08:06 783450                     /var/cache/fontconfig/6b2c5944714ca7831b25bed9e85cb5c8-le64.cache-6
7fb2380a6000-7fb2380a7000 r--s 00000000 08:06 783473                     /var/cache/fontconfig/d5178ab6d91b49bf20a416737dcea9e8-le64.cache-6
7fb2380a7000-7fb2380a8000 r--s 00000000 08:06 783441                     /var/cache/fontconfig/551ecf3b0e8b0bca0f25c0944f561853-le64.cache-6
7fb2380a8000-7fb2380ab000 r--s 00000000 08:06 783481                     /var/cache/fontconfig/f259c2cffa685e28062317905db73c4a-le64.cache-6
7fb2380ab000-7fb2380ad000 r--s 00000000 08:06 783440                     /var/cache/fontconfig/550f3886151c940c12a5ed35f6a00586-le64.cache-6
7fb2380ad000-7fb2380b0000 r--s 00000000 08:06 783449                     /var/cache/fontconfig/674d1711f2d1d2a09646eb0bdcadee49-le64.cache-6
7fb2380b0000-7fb2380b1000 r--s 00000000 08:06 784231                     /var/cache/fontconfig/8a687c406b77f27d99abfeeba937fcce-le64.cache-6
7fb2380b1000-7fb2380b6000 r--s 00000000 08:06 784230                     /var/cache/fontconfig/75ad6aa2358a85f0de2c8ee4837e8227-le64.cache-6
7fb2380b6000-7fb2380b8000 r--s 00000000 08:06 784229                     /var/cache/fontconfig/65f976e5259cbe6dc7697b8648396239-le64.cache-6
7fb2380b8000-7fb2380c3000 r--s 00000000 08:06 783475                     /var/cache/fontconfig/d589a48862398ed80a3d6066f4f56f4c-le64.cache-6
7fb2380c3000-7fb2380c7000 r--s 00000000 08:06 784228                     /var/cache/fontconfig/246184dc75a16901ca37d96895904249-le64.cache-6
7fb2380c7000-7fb2380c8000 r--s 00000000 08:06 784227                     /var/cache/fontconfig/94f7fe9bd33aadfac165873bd010d595-le64.cache-6
7fb2380c8000-7fb2380ca000 r--s 00000000 08:06 784226                     /var/cache/fontconfig/423767150eb258c59035de29db6fca84-le64.cache-6
7fb2380ca000-7fb2380cb000 r--s 00000000 08:06 784225                     /var/cache/fontconfig/e7de81b01590fb7e12b38e274e17d0db-le64.cache-6
7fb2380cb000-7fb2380cc000 r--s 00000000 08:06 784224                     /var/cache/fontconfig/406a1d2d2bf3ed7664fbadefac0b2f66-le64.cache-6
7fb2380cc000-7fb2380ce000 r--s 00000000 08:06 784223                     /var/cache/fontconfig/67709b7835c0f764c1135060c9575660-le64.cache-6
7fb2380ce000-7fb2380cf000 r--s 00000000 08:06 783429                     /var/cache/fontconfig/30829fa25452a46451e813d634d7f916-le64.cache-6
7fb2380cf000-7fb2380dd000 r--s 00000000 08:06 784222                     /var/cache/fontconfig/198d8fcf01c96d0cf813f74fd759bdb7-le64.cache-6
7fb2380dd000-7fb2380de000 r--s 00000000 08:06 783419                     /var/cache/fontconfig/0c9eb80ebd1c36541ebe2852d3bb0c49-le64.cache-6
7fb2380de000-7fb2380df000 r--s 00000000 08:06 783426                     /var/cache/fontconfig/22368d551a680bfe5a62c02760edf4ea-le64.cache-6
7fb2380df000-7fb2380e3000 ---p 00000000 00:00 0 
7fb2380e3000-7fb2383d8000 rw-p 00000000 00:00 0 
7fb2383d8000-7fb23a0f0000 ---p 00000000 00:00 0 
7fb23a0f0000-7fb23a2e8000 rw-p 00000000 00:00 0 
7fb23a2e8000-7fb23c000000 ---p 00000000 00:00 0 
7fb23c000000-7fb23c021000 rw-p 00000000 00:00 0 
7fb23c021000-7fb240000000 ---p 00000000 00:00 0 
7fb240000000-7fb240021000 rw-p 00000000 00:00 0 
7fb240021000-7fb244000000 ---p 00000000 00:00 0 
7fb244000000-7fb244021000 rw-p 00000000 00:00 0 
7fb244021000-7fb248000000 ---p 00000000 00:00 0 
7fb248000000-7fb248021000 rw-p 00000000 00:00 0 
7fb248021000-7fb24c000000 ---p 00000000 00:00 0 
7fb24c000000-7fb24c021000 rw-p 00000000 00:00 0 
7fb24c021000-7fb250000000 ---p 00000000 00:00 0 
7fb250000000-7fb250021000 rw-p 00000000 00:00 0 
7fb250021000-7fb254000000 ---p 00000000 00:00 0 
7fb254000000-7fb254024000 rw-p 00000000 00:00 0 
7fb254024000-7fb258000000 ---p 00000000 00:00 0 
7fb258000000-7fb258021000 rw-p 00000000 00:00 0 
7fb258021000-7fb25c000000 ---p 00000000 00:00 0 
7fb25c000000-7fb25c021000 rw-p 00000000 00:00 0 
7fb25c021000-7fb260000000 ---p 00000000 00:00 0 
7fb260000000-7fb260001000 r--s 00000000 08:06 783438                     /var/cache/fontconfig/4d9c95eba1cb85bbcf2878543262124a-le64.cache-6
7fb260001000-7fb260002000 r--s 00000000 08:06 783454                     /var/cache/fontconfig/85e0a52ce643a7ba2ae53e5d6949cead-le64.cache-6
7fb260002000-7fb260003000 r--s 00000000 08:06 783435                     /var/cache/fontconfig/49f0de54bdd920fe4f0dfd4cbac43e6b-le64.cache-6
7fb260003000-7fb260004000 r--s 00000000 08:06 783483                     /var/cache/fontconfig/f6e6e0a5c3d2f6ae0c0c2e0ecd42a997-le64.cache-6
7fb260004000-7fb260005000 r--s 00000000 08:06 783436                     /var/cache/fontconfig/4b2eda6bb976bda485cb2176619421d5-le64.cache-6
7fb260005000-7fb260008000 r--s 00000000 08:06 784220                     /var/cache/fontconfig/75114ca45c98e8a441da0ff356701271-le64.cache-6
7fb260008000-7fb260013000 r--s 00000000 08:06 784219                     /var/cache/fontconfig/83bf95040141907cd45bb53cf7c1c148-le64.cache-6
7fb260013000-7fb260025000 r--s 00000000 08:06 783459                     /var/cache/fontconfig/9b89f8e3dae116d678bbf48e5f21f69b-le64.cache-6
7fb260025000-7fb26002e000 r--s 00000000 08:06 783471                     /var/cache/fontconfig/d0972c3d32f097851eb916381fc38920-le64.cache-6
7fb26002e000-7fb260035000 r--s 00000000 08:06 784216                     /var/cache/fontconfig/53d14c92082a93e67d5078324eb314ca-le64.cache-6
7fb260035000-7fb260039000 r--s 00000000 08:06 784215                     /var/cache/fontconfig/6c08beecf0dac481ec92e759e0c2e6d7-le64.cache-6
7fb260039000-7fb26004c000 r--s 00000000 08:06 784210                     /var/cache/fontconfig/4ac51e5cfbc76fc3f983e470323a16d3-le64.cache-6
7fb26004c000-7fb260050000 ---p 00000000 00:00 0 
7fb260050000-7fb26014d000 rw-p 00000000 00:00 0 
7fb26014d000-7fb2601ed000 r-xp 00000000 08:01 669308                     /usr/lib/jvm/java-9-openjdk-amd64/lib/amd64/libawt.so
7fb2601ed000-7fb2603ec000 ---p 000a0000 08:01 669308                     /usr/lib/jvm/java-9-openjdk-amd64/lib/amd64/libawt.so
7fb2603ec000-7fb2603ed000 r--p 0009f000 08:01 669308                     /usr/lib/jvm/java-9-openjdk-amd64/lib/amd64/libawt.so
7fb2603ed000-7fb2603f8000 rw-p 000a0000 08:01 669308                     /usr/lib/jvm/java-9-openjdk-amd64/lib/amd64/libawt.so
7fb2603f8000-7fb26041d000 rw-p 00000000 00:00 0 
7fb26041d000-7fb26041e000 ---p 00000000 00:00 0 
7fb26041e000-7fb26051e000 rw-p 00000000 00:00 0 
7fb26051e000-7fb260522000 ---p 00000000 00:00 0 
7fb260522000-7fb26061f000 rw-p 00000000 00:00 0 
7fb26061f000-7fb260623000 ---p 00000000 00:00 0 
7fb260623000-7fb260a21000 rw-p 00000000 00:00 0 
7fb260a21000-7fb260a37000 r-xp 00000000 08:01 669310                     /usr/lib/jvm/java-9-openjdk-amd64/lib/amd64/libnet.so
7fb260a37000-7fb260c36000 ---p 00016000 08:01 669310                     /usr/lib/jvm/java-9-openjdk-amd64/lib/amd64/libnet.so
7fb260c36000-7fb260c37000 r--p 00015000 08:01 669310                     /usr/lib/jvm/java-9-openjdk-amd64/lib/amd64/libnet.so
7fb260c37000-7fb260c38000 rw-p 00016000 08:01 669310                     /usr/lib/jvm/java-9-openjdk-amd64/lib/amd64/libnet.so
7fb260c38000-7fb260c49000 r-xp 00000000 08:01 669337                     /usr/lib/jvm/java-9-openjdk-amd64/lib/amd64/libnio.so
7fb260c49000-7fb260e49000 ---p 00011000 08:01 669337                     /usr/lib/jvm/java-9-openjdk-amd64/lib/amd64/libnio.so
7fb260e49000-7fb260e4a000 r--p 00011000 08:01 669337                     /usr/lib/jvm/java-9-openjdk-amd64/lib/amd64/libnio.so
7fb260e4a000-7fb260e4b000 rw-p 00012000 08:01 669337                     /usr/lib/jvm/java-9-openjdk-amd64/lib/amd64/libnio.so
7fb260e4b000-7fb260e4f000 ---p 00000000 00:00 0 
7fb260e4f000-7fb260f4c000 rw-p 00000000 00:00 0 
7fb260f4c000-7fb260f50000 ---p 00000000 00:00 0 
7fb260f50000-7fb26104d000 rw-p 00000000 00:00 0 
7fb26104d000-7fb261051000 ---p 00000000 00:00 0 
7fb261051000-7fb26114e000 rw-p 00000000 00:00 0 
7fb26114e000-7fb261152000 ---p 00000000 00:00 0 
7fb261152000-7fb26124f000 rw-p 00000000 00:00 0 
7fb26124f000-7fb261253000 ---p 00000000 00:00 0 
7fb261253000-7fb261350000 rw-p 00000000 00:00 0 
7fb261350000-7fb261354000 ---p 00000000 00:00 0 
7fb261354000-7fb261c51000 rw-p 00000000 00:00 0 
7fb261c51000-7fb261ec1000 rwxp 00000000 00:00 0 
7fb261ec1000-7fb2621e1000 ---p 00000000 00:00 0 
7fb2621e1000-7fb2626d1000 rwxp 00000000 00:00 0 
7fb2626d1000-7fb269719000 ---p 00000000 00:00 0 
7fb269719000-7fb269989000 rwxp 00000000 00:00 0 
7fb269989000-7fb270c51000 ---p 00000000 00:00 0 
7fb270c51000-7fb278000000 r--s 00000000 08:01 669294                     /usr/lib/jvm/java-9-openjdk-amd64/lib/modules
7fb278000000-7fb278469000 rw-p 00000000 00:00 0 
7fb278469000-7fb27c000000 ---p 00000000 00:00 0 
7fb27c000000-7fb27c004000 r--s 00000000 08:06 784214                     /var/cache/fontconfig/4d6aee6d44eccb37054d3216e945f618-le64.cache-6
7fb27c004000-7fb27c008000 r--s 00000000 08:06 784213                     /var/cache/fontconfig/d6c6df98c3df5faf9bd0f8ef4d91efe5-le64.cache-6
7fb27c008000-7fb27c00c000 r--s 00000000 08:06 784212                     /var/cache/fontconfig/9fb319ef52839f11ee26ab8b4cffa12b-le64.cache-6
7fb27c00c000-7fb27c022000 r--s 00000000 08:06 784205                     /var/cache/fontconfig/e13b20fdb08344e0e664864cc2ede53d-le64.cache-6
7fb27c022000-7fb27c2ff000 r--p 00000000 08:01 140185                     /usr/lib/locale/locale-archive
7fb27c2ff000-7fb27c303000 ---p 00000000 00:00 0 
7fb27c303000-7fb27c400000 rw-p 00000000 00:00 0 
7fb27c400000-7fb27c404000 ---p 00000000 00:00 0 
7fb27c404000-7fb27c501000 rw-p 00000000 00:00 0 
7fb27c501000-7fb27c502000 ---p 00000000 00:00 0 
7fb27c502000-7fb27cccb000 rw-p 00000000 00:00 0 
7fb27cccb000-7fb27cccc000 ---p 00000000 00:00 0 
7fb27cccc000-7fb27cdcc000 rw-p 00000000 00:00 0 
7fb27cdcc000-7fb27cdcd000 ---p 00000000 00:00 0 
7fb27cdcd000-7fb27cf0c000 rw-p 00000000 00:00 0 
7fb27cf0c000-7fb27d2af000 ---p 00000000 00:00 0 
7fb27d2af000-7fb27d2ee000 rw-p 00000000 00:00 0 
7fb27d2ee000-7fb27da73000 ---p 00000000 00:00 0 
7fb27da73000-7fb27dab2000 rw-p 00000000 00:00 0 
7fb27dab2000-7fb27de55000 ---p 00000000 00:00 0 
7fb27de55000-7fb27de56000 ---p 00000000 00:00 0 
7fb27de56000-7fb27df56000 rw-p 00000000 00:00 0 
7fb27df56000-7fb27df57000 ---p 00000000 00:00 0 
7fb27df57000-7fb27e057000 rw-p 00000000 00:00 0 
7fb27e057000-7fb27e058000 ---p 00000000 00:00 0 
7fb27e058000-7fb27e158000 rw-p 00000000 00:00 0 
7fb27e158000-7fb27e159000 ---p 00000000 00:00 0 
7fb27e159000-7fb27e259000 rw-p 00000000 00:00 0 
7fb27e259000-7fb27e25a000 ---p 00000000 00:00 0 
7fb27e25a000-7fb27e75e000 rw-p 00000000 00:00 0 
7fb27e75e000-7fb27e75f000 ---p 00000000 00:00 0 
7fb27e75f000-7fb27e85f000 rw-p 00000000 00:00 0 
7fb27e85f000-7fb27e860000 ---p 00000000 00:00 0 
7fb27e860000-7fb27e960000 rw-p 00000000 00:00 0 
7fb27e960000-7fb27e961000 ---p 00000000 00:00 0 
7fb27e961000-7fb27ea61000 rw-p 00000000 00:00 0 
7fb27ea61000-7fb27ea62000 ---p 00000000 00:00 0 
7fb27ea62000-7fb27eb67000 rw-p 00000000 00:00 0 
7fb27eb67000-7fb27ec4d000 ---p 00000000 00:00 0 
7fb27ec4d000-7fb27ec57000 rw-p 00000000 00:00 0 
7fb27ec57000-7fb27ed38000 ---p 00000000 00:00 0 
7fb27ed38000-7fb27ed3d000 r-xp 00000000 08:01 669324                     /usr/lib/jvm/java-9-openjdk-amd64/lib/amd64/libjimage.so
7fb27ed3d000-7fb27ef3c000 ---p 00005000 08:01 669324                     /usr/lib/jvm/java-9-openjdk-amd64/lib/amd64/libjimage.so
7fb27ef3c000-7fb27ef3d000 r--p 00004000 08:01 669324                     /usr/lib/jvm/java-9-openjdk-amd64/lib/amd64/libjimage.so
7fb27ef3d000-7fb27ef3e000 rw-p 00005000 08:01 669324                     /usr/lib/jvm/java-9-openjdk-amd64/lib/amd64/libjimage.so
7fb27ef3e000-7fb27ef45000 r-xp 00000000 08:01 669320                     /usr/lib/jvm/java-9-openjdk-amd64/lib/amd64/libzip.so
7fb27ef45000-7fb27f144000 ---p 00007000 08:01 669320                     /usr/lib/jvm/java-9-openjdk-amd64/lib/amd64/libzip.so
7fb27f144000-7fb27f145000 r--p 00006000 08:01 669320                     /usr/lib/jvm/java-9-openjdk-amd64/lib/amd64/libzip.so
7fb27f145000-7fb27f146000 rw-p 00007000 08:01 669320                     /usr/lib/jvm/java-9-openjdk-amd64/lib/amd64/libzip.so
7fb27f146000-7fb27f151000 r-xp 00000000 08:01 528750                     /lib/x86_64-linux-gnu/libnss_files-2.23.so
7fb27f151000-7fb27f350000 ---p 0000b000 08:01 528750                     /lib/x86_64-linux-gnu/libnss_files-2.23.so
7fb27f350000-7fb27f351000 r--p 0000a000 08:01 528750                     /lib/x86_64-linux-gnu/libnss_files-2.23.so
7fb27f351000-7fb27f352000 rw-p 0000b000 08:01 528750                     /lib/x86_64-linux-gnu/libnss_files-2.23.so
7fb27f352000-7fb27f358000 rw-p 00000000 00:00 0 
7fb27f358000-7fb27f363000 r-xp 00000000 08:01 528760                     /lib/x86_64-linux-gnu/libnss_nis-2.23.so
7fb27f363000-7fb27f562000 ---p 0000b000 08:01 528760                     /lib/x86_64-linux-gnu/libnss_nis-2.23.so
7fb27f562000-7fb27f563000 r--p 0000a000 08:01 528760                     /lib/x86_64-linux-gnu/libnss_nis-2.23.so
7fb27f563000-7fb27f564000 rw-p 0000b000 08:01 528760                     /lib/x86_64-linux-gnu/libnss_nis-2.23.so
7fb27f564000-7fb27f57a000 r-xp 00000000 08:01 528744                     /lib/x86_64-linux-gnu/libnsl-2.23.so
7fb27f57a000-7fb27f779000 ---p 00016000 08:01 528744                     /lib/x86_64-linux-gnu/libnsl-2.23.so
7fb27f779000-7fb27f77a000 r--p 00015000 08:01 528744                     /lib/x86_64-linux-gnu/libnsl-2.23.so
7fb27f77a000-7fb27f77b000 rw-p 00016000 08:01 528744                     /lib/x86_64-linux-gnu/libnsl-2.23.so
7fb27f77b000-7fb27f77d000 rw-p 00000000 00:00 0 
7fb27f77d000-7fb27f785000 r-xp 00000000 08:01 528746                     /lib/x86_64-linux-gnu/libnss_compat-2.23.so
7fb27f785000-7fb27f984000 ---p 00008000 08:01 528746                     /lib/x86_64-linux-gnu/libnss_compat-2.23.so
7fb27f984000-7fb27f985000 r--p 00007000 08:01 528746                     /lib/x86_64-linux-gnu/libnss_compat-2.23.so
7fb27f985000-7fb27f986000 rw-p 00008000 08:01 528746                     /lib/x86_64-linux-gnu/libnss_compat-2.23.so
7fb27f986000-7fb27f9b1000 r-xp 00000000 08:01 669303                     /usr/lib/jvm/java-9-openjdk-amd64/lib/amd64/libjava.so
7fb27f9b1000-7fb27fbb0000 ---p 0002b000 08:01 669303                     /usr/lib/jvm/java-9-openjdk-amd64/lib/amd64/libjava.so
7fb27fbb0000-7fb27fbb1000 r--p 0002a000 08:01 669303                     /usr/lib/jvm/java-9-openjdk-amd64/lib/amd64/libjava.so
7fb27fbb1000-7fb27fbb3000 rw-p 0002b000 08:01 669303                     /usr/lib/jvm/java-9-openjdk-amd64/lib/amd64/libjava.so
7fb27fbb3000-7fb27fbc0000 r-xp 00000000 08:01 669304                     /usr/lib/jvm/java-9-openjdk-amd64/lib/amd64/libverify.so
7fb27fbc0000-7fb27fdbf000 ---p 0000d000 08:01 669304                     /usr/lib/jvm/java-9-openjdk-amd64/lib/amd64/libverify.so
7fb27fdbf000-7fb27fdc1000 r--p 0000c000 08:01 669304                     /usr/lib/jvm/java-9-openjdk-amd64/lib/amd64/libverify.so
7fb27fdc1000-7fb27fdc2000 rw-p 0000e000 08:01 669304                     /usr/lib/jvm/java-9-openjdk-amd64/lib/amd64/libverify.so
7fb27fdc2000-7fb27fdc9000 r-xp 00000000 08:01 528805                     /lib/x86_64-linux-gnu/librt-2.23.so
7fb27fdc9000-7fb27ffc8000 ---p 00007000 08:01 528805                     /lib/x86_64-linux-gnu/librt-2.23.so
7fb27ffc8000-7fb27ffc9000 r--p 00006000 08:01 528805                     /lib/x86_64-linux-gnu/librt-2.23.so
7fb27ffc9000-7fb27ffca000 rw-p 00007000 08:01 528805                     /lib/x86_64-linux-gnu/librt-2.23.so
7fb27ffca000-7fb27ffe0000 r-xp 00000000 08:01 528689                     /lib/x86_64-linux-gnu/libgcc_s.so.1
7fb27ffe0000-7fb2801df000 ---p 00016000 08:01 528689                     /lib/x86_64-linux-gnu/libgcc_s.so.1
7fb2801df000-7fb2801e0000 rw-p 00015000 08:01 528689                     /lib/x86_64-linux-gnu/libgcc_s.so.1
7fb2801e0000-7fb2802e8000 r-xp 00000000 08:01 528721                     /lib/x86_64-linux-gnu/libm-2.23.so
7fb2802e8000-7fb2804e7000 ---p 00108000 08:01 528721                     /lib/x86_64-linux-gnu/libm-2.23.so
7fb2804e7000-7fb2804e8000 r--p 00107000 08:01 528721                     /lib/x86_64-linux-gnu/libm-2.23.so
7fb2804e8000-7fb2804e9000 rw-p 00108000 08:01 528721                     /lib/x86_64-linux-gnu/libm-2.23.so
7fb2804e9000-7fb28065b000 r-xp 00000000 08:01 143477                     /usr/lib/x86_64-linux-gnu/libstdc++.so.6.0.21
7fb28065b000-7fb28085b000 ---p 00172000 08:01 143477                     /usr/lib/x86_64-linux-gnu/libstdc++.so.6.0.21
7fb28085b000-7fb280865000 r--p 00172000 08:01 143477                     /usr/lib/x86_64-linux-gnu/libstdc++.so.6.0.21
7fb280865000-7fb280867000 rw-p 0017c000 08:01 143477                     /usr/lib/x86_64-linux-gnu/libstdc++.so.6.0.21
7fb280867000-7fb28086b000 rw-p 00000000 00:00 0 
7fb28086b000-7fb2816c9000 r-xp 00000000 08:01 669317                     /usr/lib/jvm/java-9-openjdk-amd64/lib/amd64/server/libjvm.so
7fb2816c9000-7fb2818c9000 ---p 00e5e000 08:01 669317                     /usr/lib/jvm/java-9-openjdk-amd64/lib/amd64/server/libjvm.so
7fb2818c9000-7fb28197b000 r--p 00e5e000 08:01 669317                     /usr/lib/jvm/java-9-openjdk-amd64/lib/amd64/server/libjvm.so
7fb28197b000-7fb2819ad000 rw-p 00f10000 08:01 669317                     /usr/lib/jvm/java-9-openjdk-amd64/lib/amd64/server/libjvm.so
7fb2819ad000-7fb2819f2000 rw-p 00000000 00:00 0 
7fb2819f2000-7fb281a0a000 r-xp 00000000 08:01 528797                     /lib/x86_64-linux-gnu/libpthread-2.23.so
7fb281a0a000-7fb281c09000 ---p 00018000 08:01 528797                     /lib/x86_64-linux-gnu/libpthread-2.23.so
7fb281c09000-7fb281c0a000 r--p 00017000 08:01 528797                     /lib/x86_64-linux-gnu/libpthread-2.23.so
7fb281c0a000-7fb281c0b000 rw-p 00018000 08:01 528797                     /lib/x86_64-linux-gnu/libpthread-2.23.so
7fb281c0b000-7fb281c0f000 rw-p 00000000 00:00 0 
7fb281c0f000-7fb281c12000 r-xp 00000000 08:01 528675                     /lib/x86_64-linux-gnu/libdl-2.23.so
7fb281c12000-7fb281e11000 ---p 00003000 08:01 528675                     /lib/x86_64-linux-gnu/libdl-2.23.so
7fb281e11000-7fb281e12000 r--p 00002000 08:01 528675                     /lib/x86_64-linux-gnu/libdl-2.23.so
7fb281e12000-7fb281e13000 rw-p 00003000 08:01 528675                     /lib/x86_64-linux-gnu/libdl-2.23.so
7fb281e13000-7fb281e2c000 r-xp 00000000 08:01 528842                     /lib/x86_64-linux-gnu/libz.so.1.2.8
7fb281e2c000-7fb28202b000 ---p 00019000 08:01 528842                     /lib/x86_64-linux-gnu/libz.so.1.2.8
7fb28202b000-7fb28202c000 r--p 00018000 08:01 528842                     /lib/x86_64-linux-gnu/libz.so.1.2.8
7fb28202c000-7fb28202d000 rw-p 00019000 08:01 528842                     /lib/x86_64-linux-gnu/libz.so.1.2.8
7fb28202d000-7fb2821ec000 r-xp 00000000 08:01 528651                     /lib/x86_64-linux-gnu/libc-2.23.so
7fb2821ec000-7fb2823ec000 ---p 001bf000 08:01 528651                     /lib/x86_64-linux-gnu/libc-2.23.so
7fb2823ec000-7fb2823f0000 r--p 001bf000 08:01 528651                     /lib/x86_64-linux-gnu/libc-2.23.so
7fb2823f0000-7fb2823f2000 rw-p 001c3000 08:01 528651                     /lib/x86_64-linux-gnu/libc-2.23.so
7fb2823f2000-7fb2823f6000 rw-p 00000000 00:00 0 
7fb2823f6000-7fb282404000 r-xp 00000000 08:01 669334                     /usr/lib/jvm/java-9-openjdk-amd64/lib/amd64/jli/libjli.so
7fb282404000-7fb282603000 ---p 0000e000 08:01 669334                     /usr/lib/jvm/java-9-openjdk-amd64/lib/amd64/jli/libjli.so
7fb282603000-7fb282604000 r--p 0000d000 08:01 669334                     /usr/lib/jvm/java-9-openjdk-amd64/lib/amd64/jli/libjli.so
7fb282604000-7fb282605000 rw-p 0000e000 08:01 669334                     /usr/lib/jvm/java-9-openjdk-amd64/lib/amd64/jli/libjli.so
7fb282605000-7fb28262b000 r-xp 00000000 08:01 528623                     /lib/x86_64-linux-gnu/ld-2.23.so
7fb28262b000-7fb28262d000 r--s 00000000 08:06 784218                     /var/cache/fontconfig/6e6b34ae150a7ad95e82fb4a522f0bda-le64.cache-6
7fb28262d000-7fb28262f000 r--s 00000000 08:06 784211                     /var/cache/fontconfig/43bfe21a9e1edebcf703d79ee2950b06-le64.cache-6
7fb28262f000-7fb282632000 r--s 00000000 08:06 784209                     /var/cache/fontconfig/c19b55eb3b4c5b40ea175e31682068a5-le64.cache-6
7fb282632000-7fb282636000 r--s 00000000 08:06 784207                     /var/cache/fontconfig/3629f2adf904f9a612908891fae71ceb-le64.cache-6
7fb282636000-7fb282639000 r--s 00000000 08:06 784206                     /var/cache/fontconfig/de83a0a961185c8bd1f159015d56c039-le64.cache-6
7fb282639000-7fb28265a000 r--s 00000000 08:06 783823                     /var/cache/fontconfig/467c019e582ee353435ea5c21d137ef6-le64.cache-6
7fb28265a000-7fb282680000 r--p 00000000 08:01 932798                     /usr/share/locale-langpack/fr/LC_MESSAGES/libc.mo
7fb282680000-7fb2826fd000 rw-p 00000000 00:00 0 
7fb2826fd000-7fb282701000 ---p 00000000 00:00 0 
7fb282701000-7fb282803000 rw-p 00000000 00:00 0 
7fb282803000-7fb282804000 r--s 00000000 08:06 784217                     /var/cache/fontconfig/3334a778d104e76d188e9df399bc24d2-le64.cache-6
7fb282804000-7fb282805000 r--s 00000000 08:06 784208                     /var/cache/fontconfig/c277e94e32b20404286a1ddafa5a80f0-le64.cache-6
7fb282805000-7fb28280a000 r--s 00000000 08:06 784247                     /var/cache/fontconfig/7ef2298fde41cc6eeb7af42e48b7d293-le64.cache-6
7fb28280a000-7fb28280b000 r--s 00000000 08:06 784246                     /var/cache/fontconfig/e0aa53bcfa504e64f87823c16bc01eb6-le64.cache-6
7fb28280b000-7fb282812000 r--s 00000000 08:01 787082                     /usr/lib/x86_64-linux-gnu/gconv/gconv-modules.cache
7fb282812000-7fb282817000 rw-p 00000000 00:00 0 
7fb282817000-7fb28281e000 ---p 00000000 00:00 0 
7fb28281e000-7fb282826000 rw-s 00000000 08:01 1973735                    /tmp/hsperfdata_joseph/7759
7fb282826000-7fb282827000 rw-p 00000000 00:00 0 
7fb282827000-7fb282828000 r--p 00000000 00:00 0 
7fb282828000-7fb28282a000 rw-p 00000000 00:00 0 
7fb28282a000-7fb28282b000 r--p 00025000 08:01 528623                     /lib/x86_64-linux-gnu/ld-2.23.so
7fb28282b000-7fb28282c000 rw-p 00026000 08:01 528623                     /lib/x86_64-linux-gnu/ld-2.23.so
7fb28282c000-7fb28282d000 rw-p 00000000 00:00 0 
7ffc6df3e000-7ffc6df5f000 rw-p 00000000 00:00 0                          [stack]
7ffc6dffb000-7ffc6dffd000 r--p 00000000 00:00 0                          [vvar]
7ffc6dffd000-7ffc6dfff000 r-xp 00000000 00:00 0                          [vdso]
ffffffffff600000-ffffffffff601000 r-xp 00000000 00:00 0                  [vsyscall]

VM Arguments:
java_command: panda.jar
java_class_path (initial): panda.jar
Launcher Type: SUN_STANDARD

Environment Variables:
PATH=/home/joseph/bin:/home/joseph/.local/bin:/usr/local/sbin:/usr/local/bin:/usr/sbin:/usr/bin:/sbin:/bin:/usr/games:/usr/local/games
USERNAME=joseph
SHELL=/bin/bash
DISPLAY=:0.0

Signal Handlers:
SIGSEGV: [libjvm.so+0xc12c20], sa_mask[0]=11111111011111111101111111111110, sa_flags=SA_RESTART|SA_SIGINFO
SIGBUS: [libjvm.so+0xc12c20], sa_mask[0]=11111111011111111101111111111110, sa_flags=SA_RESTART|SA_SIGINFO
SIGFPE: [libjvm.so+0xc12c20], sa_mask[0]=11111111011111111101111111111110, sa_flags=SA_RESTART|SA_SIGINFO
SIGPIPE: [libjvm.so+0xa3b600], sa_mask[0]=11111111011111111101111111111110, sa_flags=SA_RESTART|SA_SIGINFO
SIGXFSZ: [libjvm.so+0xa3b600], sa_mask[0]=11111111011111111101111111111110, sa_flags=SA_RESTART|SA_SIGINFO
SIGILL: [libjvm.so+0xc12c20], sa_mask[0]=11111111011111111101111111111110, sa_flags=SA_RESTART|SA_SIGINFO
SIGUSR2: [libjvm.so+0xa3b4a0], sa_mask[0]=00000000000000000000000000000000, sa_flags=SA_RESTART|SA_SIGINFO
SIGHUP: [libjvm.so+0xa3b870], sa_mask[0]=11111111011111111101111111111110, sa_flags=SA_RESTART|SA_SIGINFO
SIGINT: [libjvm.so+0xa3b870], sa_mask[0]=11111111011111111101111111111110, sa_flags=SA_RESTART|SA_SIGINFO
SIGTERM: [libjvm.so+0xa3b870], sa_mask[0]=11111111011111111101111111111110, sa_flags=SA_RESTART|SA_SIGINFO
SIGQUIT: [libjvm.so+0xa3b870], sa_mask[0]=11111111011111111101111111111110, sa_flags=SA_RESTART|SA_SIGINFO


---------------  S Y S T E M  ---------------

OS:DISTRIB_ID=LinuxMint
DISTRIB_RELEASE=18.1
DISTRIB_CODENAME=serena
DISTRIB_DESCRIPTION="Linux Mint 18.1 Serena"
uname:Linux 4.4.0-65-generic #86-Ubuntu SMP Thu Feb 23 17:49:58 UTC 2017 x86_64
libc:glibc 2.23 NPTL 2.23 
rlimit: STACK 8192k, CORE 0k, NPROC 31624, NOFILE 65536, AS infinity
load average:0,28 0,27 0,43

/proc/meminfo:
MemTotal:        8138796 kB
MemFree:         4577888 kB
MemAvailable:    6578980 kB
Buffers:          149860 kB
Cached:          1884564 kB
SwapCached:            0 kB
Active:          2539260 kB
Inactive:         622180 kB
Active(anon):    1127796 kB
Inactive(anon):    20984 kB
Active(file):    1411464 kB
Inactive(file):   601196 kB
Unevictable:           0 kB
Mlocked:               0 kB
SwapTotal:       4883452 kB
SwapFree:        4883452 kB
Dirty:               144 kB
Writeback:             0 kB
AnonPages:       1126832 kB
Mapped:           253612 kB
Shmem:             21948 kB
Slab:             327884 kB
SReclaimable:     297412 kB
SUnreclaim:        30472 kB
KernelStack:        6480 kB
PageTables:        26000 kB
NFS_Unstable:          0 kB
Bounce:                0 kB
WritebackTmp:          0 kB
CommitLimit:     8952848 kB
Committed_AS:    2161992 kB
VmallocTotal:   34359738367 kB
VmallocUsed:           0 kB
VmallocChunk:          0 kB
HardwareCorrupted:     0 kB
AnonHugePages:    520192 kB
CmaTotal:              0 kB
CmaFree:               0 kB
HugePages_Total:       0
HugePages_Free:        0
HugePages_Rsvd:        0
HugePages_Surp:        0
Hugepagesize:       2048 kB
DirectMap4k:       92724 kB
DirectMap2M:     1968128 kB
DirectMap1G:     6291456 kB


CPU:total 4 (2 cores per cpu, 2 threads per core) family 6 model 94 stepping 3, cmov, cx8, fxsr, mmx, sse, sse2, sse3, ssse3, sse4.1, sse4.2, popcnt, avx, avx2, aes, clmul, erms, 3dnowpref, lzcnt, ht, tsc, tscinvbit, bmi1, bmi2, adx

CPU Model and flags from /proc/cpuinfo:
model name	: Intel(R) Core(TM) i3-6100 CPU @ 3.70GHz
flags		: fpu vme de pse tsc msr pae mce cx8 apic sep mtrr pge mca cmov pat pse36 clflush dts acpi mmx fxsr sse sse2 ss ht tm pbe syscall nx pdpe1gb rdtscp lm constant_tsc art arch_perfmon pebs bts rep_good nopl xtopology nonstop_tsc aperfmperf eagerfpu pni pclmulqdq dtes64 monitor ds_cpl vmx est tm2 ssse3 sdbg fma cx16 xtpr pdcm pcid sse4_1 sse4_2 x2apic movbe popcnt tsc_deadline_timer aes xsave avx f16c rdrand lahf_lm abm 3dnowprefetch intel_pt tpr_shadow vnmi flexpriority ept vpid fsgsbase tsc_adjust bmi1 avx2 smep bmi2 erms invpcid mpx rdseed adx smap clflushopt xsaveopt xsavec xgetbv1 dtherm arat pln pts hwp hwp_notify hwp_act_window hwp_epp

Memory: 4k page, physical 8138796k(4577888k free), swap 4883452k(4883452k free)

vm_info: OpenJDK 64-Bit Server VM (9-internal+0-2016-04-14-195246.buildd.src) for linux-amd64 JRE (9-internal+0-2016-04-14-195246.buildd.src), built on Apr 14 2016 20:05:37 by "buildd" with gcc 5.3.1 20160413

END.
