#
# A fatal error has been detected by the Java Runtime Environment:
#
#  SIGSEGV (0xb) at pc=0x00007f7407df0009, pid=7841, tid=7869
#
# JRE version: OpenJDK Runtime Environment (9.0) (build 9-internal+0-2016-04-14-195246.buildd.src)
# Java VM: OpenJDK 64-Bit Server VM (9-internal+0-2016-04-14-195246.buildd.src, mixed mode, tiered, compressed oops, g1 gc, linux-amd64)
# Problematic frame:
# C  [libjava.so+0x1d009]  JNU_GetEnv+0x19
#
# No core dump will be written. Core dumps have been disabled. To enable core dumping, try "ulimit -c unlimited" before starting Java again
#
# If you would like to submit a bug report, please visit:
#   http://bugreport.java.com/bugreport/crash.jsp
# The crash happened outside the Java Virtual Machine in native code.
# See problematic frame for where to report the bug.
#

---------------  S U M M A R Y ------------

Command Line: panda.jar

Host: Intel(R) Core(TM) i3-6100 CPU @ 3.70GHz, 4 cores, 7G, Linux Mint 18.1 Serena
Time: Fri Mar  3 15:53:13 2017 CET elapsed time: 6 seconds (0d 0h 0m 6s)

---------------  T H R E A D  ---------------

Current thread (0x00007f7408447800):  JavaThread "AWT-EventQueue-0" [_thread_in_native, id=7869, stack(0x00007f73bc37b000,0x00007f73bc47c000)]

Stack: [0x00007f73bc37b000,0x00007f73bc47c000],  sp=0x00007f73bc476f20,  free space=1007k
Native frames: (J=compiled Java code, j=interpreted, Vv=VM code, C=native code)
C  [libjava.so+0x1d009]  JNU_GetEnv+0x19
C  [libfontmanager.so+0x33f8e]
C  [libfreetype.so.6+0x14d1b]  FT_Stream_Seek+0x1b

Java frames: (J=compiled Java code, j=interpreted, Vv=VM code)
j  sun.font.FreetypeFontScaler.initNativeScaler(Lsun/font/Font2D;IIZI)J+0 java.desktop@9-internal
j  sun.font.FreetypeFontScaler.<init>(Lsun/font/Font2D;IZI)V+26 java.desktop@9-internal
v  ~StubRoutines::call_stub
j  sun.reflect.NativeConstructorAccessorImpl.newInstance0(Ljava/lang/reflect/Constructor;[Ljava/lang/Object;)Ljava/lang/Object;+0 java.base@9-internal
j  sun.reflect.NativeConstructorAccessorImpl.newInstance([Ljava/lang/Object;)Ljava/lang/Object;+85 java.base@9-internal
J 1284 C1  java.base@9-internal9-internal (9 bytes) @ 0x00007f73f1601a84 [0x00007f73f1601a20+0x0000000000000064]
J 1268 C1  java.base@9-internal9-internal (73 bytes) @ 0x00007f73f15fc6d4 [0x00007f73f15fc5e0+0x00000000000000f4]
j  sun.font.FontScaler.getScaler(Lsun/font/Font2D;IZI)Lsun/font/FontScaler;+39 java.desktop@9-internal
j  sun.font.TrueTypeFont.getScaler()Lsun/font/FontScaler;+21 java.desktop@9-internal
j  sun.font.FileFontStrike.<init>(Lsun/font/FileFont;Lsun/font/FontStrikeDesc;)V+204 java.desktop@9-internal
j  sun.font.FileFont.createStrike(Lsun/font/FontStrikeDesc;)Lsun/font/FontStrike;+18 java.desktop@9-internal
j  sun.font.Font2D.getStrike(Lsun/font/FontStrikeDesc;Z)Lsun/font/FontStrike;+92 java.desktop@9-internal
j  sun.font.Font2D.getStrike(Lsun/font/FontStrikeDesc;)Lsun/font/FontStrike;+3 java.desktop@9-internal
j  sun.font.CompositeStrike.getStrikeForSlot(I)Lsun/font/PhysicalStrike;+23 java.desktop@9-internal
j  sun.font.CompositeStrike.getFontMetrics()Lsun/font/StrikeMetrics;+31 java.desktop@9-internal
j  sun.font.FontDesignMetrics.initMatrixAndMetrics()V+28 java.desktop@9-internal
j  sun.font.FontDesignMetrics.<init>(Ljava/awt/Font;Ljava/awt/font/FontRenderContext;)V+62 java.desktop@9-internal
j  sun.font.FontDesignMetrics.getMetrics(Ljava/awt/Font;Ljava/awt/font/FontRenderContext;)Lsun/font/FontDesignMetrics;+128 java.desktop@9-internal
j  sun.swing.SwingUtilities2.getFontMetrics(Ljavax/swing/JComponent;Ljava/awt/Font;)Ljava/awt/FontMetrics;+15 java.desktop@9-internal
j  javax.swing.JComponent.getFontMetrics(Ljava/awt/Font;)Ljava/awt/FontMetrics;+2 java.desktop@9-internal
j  javax.swing.plaf.basic.BasicGraphicsUtils.getPreferredButtonSize(Ljavax/swing/AbstractButton;I)Ljava/awt/Dimension;+28 java.desktop@9-internal
j  javax.swing.plaf.basic.BasicButtonUI.getPreferredSize(Ljavax/swing/JComponent;)Ljava/awt/Dimension;+10 java.desktop@9-internal
j  javax.swing.plaf.basic.BasicButtonUI.getMinimumSize(Ljavax/swing/JComponent;)Ljava/awt/Dimension;+2 java.desktop@9-internal
j  javax.swing.JComponent.getMinimumSize()Ljava/awt/Dimension;+26 java.desktop@9-internal
j  javax.swing.BoxLayout.checkRequests()V+105 java.desktop@9-internal
j  javax.swing.BoxLayout.minimumLayoutSize(Ljava/awt/Container;)Ljava/awt/Dimension;+10 java.desktop@9-internal
j  java.awt.Container.minimumSize()Ljava/awt/Dimension;+43 java.desktop@9-internal
j  java.awt.Container.getMinimumSize()Ljava/awt/Dimension;+1 java.desktop@9-internal
j  javax.swing.JComponent.getMinimumSize()Ljava/awt/Dimension;+39 java.desktop@9-internal
j  javax.swing.BoxLayout.checkRequests()V+105 java.desktop@9-internal
j  javax.swing.BoxLayout.preferredLayoutSize(Ljava/awt/Container;)Ljava/awt/Dimension;+10 java.desktop@9-internal
j  java.awt.Container.preferredSize()Ljava/awt/Dimension;+43 java.desktop@9-internal
j  java.awt.Container.getPreferredSize()Ljava/awt/Dimension;+1 java.desktop@9-internal
j  javax.swing.JComponent.getPreferredSize()Ljava/awt/Dimension;+39 java.desktop@9-internal
j  java.awt.BorderLayout.preferredLayoutSize(Ljava/awt/Container;)Ljava/awt/Dimension;+157 java.desktop@9-internal
j  java.awt.Container.preferredSize()Ljava/awt/Dimension;+43 java.desktop@9-internal
j  java.awt.Container.getPreferredSize()Ljava/awt/Dimension;+1 java.desktop@9-internal
j  javax.swing.JComponent.getPreferredSize()Ljava/awt/Dimension;+39 java.desktop@9-internal
j  javax.swing.JRootPane$RootLayout.preferredLayoutSize(Ljava/awt/Container;)Ljava/awt/Dimension;+26 java.desktop@9-internal
j  java.awt.Container.preferredSize()Ljava/awt/Dimension;+43 java.desktop@9-internal
j  java.awt.Container.getPreferredSize()Ljava/awt/Dimension;+1 java.desktop@9-internal
j  javax.swing.JComponent.getPreferredSize()Ljava/awt/Dimension;+39 java.desktop@9-internal
j  java.awt.BorderLayout.preferredLayoutSize(Ljava/awt/Container;)Ljava/awt/Dimension;+157 java.desktop@9-internal
j  java.awt.Container.preferredSize()Ljava/awt/Dimension;+43 java.desktop@9-internal
j  java.awt.Container.getPreferredSize()Ljava/awt/Dimension;+1 java.desktop@9-internal
j  java.awt.Window.pack()V+32 java.desktop@9-internal
j  org.jdesktop.application.SingleFrameApplication.initRootPaneContainer(Ljavax/swing/RootPaneContainer;)V+176
j  org.jdesktop.application.SingleFrameApplication.show(Lorg/jdesktop/application/View;)V+35
j  panda.MrnatureApp.startup()V+9
j  org.jdesktop.application.Application$1.run()V+24
j  java.awt.event.InvocationEvent.dispatch()V+47 java.desktop@9-internal
j  java.awt.EventQueue.dispatchEventImpl(Ljava/awt/AWTEvent;Ljava/lang/Object;)V+21 java.desktop@9-internal
j  java.awt.EventQueue.access$500(Ljava/awt/EventQueue;Ljava/awt/AWTEvent;Ljava/lang/Object;)V+3 java.desktop@9-internal
j  java.awt.EventQueue$3.run()Ljava/lang/Void;+32 java.desktop@9-internal
j  java.awt.EventQueue$3.run()Ljava/lang/Object;+1 java.desktop@9-internal
v  ~StubRoutines::call_stub
j  java.security.AccessController.doPrivileged(Ljava/security/PrivilegedAction;Ljava/security/AccessControlContext;)Ljava/lang/Object;+0 java.base@9-internal
j  java.security.ProtectionDomain$JavaSecurityAccessImpl.doIntersectionPrivilege(Ljava/security/PrivilegedAction;Ljava/security/AccessControlContext;Ljava/security/AccessControlContext;)Ljava/lang/Object;+18 java.base@9-internal
j  java.awt.EventQueue.dispatchEvent(Ljava/awt/AWTEvent;)V+46 java.desktop@9-internal
j  java.awt.EventDispatchThread.pumpOneEventForFilters(I)V+183 java.desktop@9-internal
j  java.awt.EventDispatchThread.pumpEventsForFilter(ILjava/awt/Conditional;Ljava/awt/EventFilter;)V+35 java.desktop@9-internal
j  java.awt.EventDispatchThread.pumpEventsForHierarchy(ILjava/awt/Conditional;Ljava/awt/Component;)V+11 java.desktop@9-internal
j  java.awt.EventDispatchThread.pumpEvents(ILjava/awt/Conditional;)V+4 java.desktop@9-internal
j  java.awt.EventDispatchThread.pumpEvents(Ljava/awt/Conditional;)V+3 java.desktop@9-internal
j  java.awt.EventDispatchThread.run()V+9 java.desktop@9-internal
v  ~StubRoutines::call_stub

siginfo: si_signo: 11 (SIGSEGV), si_code: 1 (SEGV_MAPERR), si_addr: 0x0000000000000000

Register to memory mapping:

RAX=0x0000000000000000 is an unknown value
RBX=0x0000000000000000 is an unknown value
RCX=0x0000000000000000 is an unknown value
RDX=0x0000000000010002 is an unknown value
RSP=0x00007f73bc476f20 is pointing into the stack for thread: 0x00007f7408447800
RBP=0x00007f73bc476f30 is pointing into the stack for thread: 0x00007f7408447800
RSI=0x0000000000010002 is an unknown value
RDI=0x0000000000000000 is an unknown value
R8 =0x0000000000000000 is an unknown value
R9 =0x0000000000000000 is an unknown value
R10=0x00000000000001db is an unknown value
R11=0x00007f7407defff0: JNU_GetEnv+0x0000000000000000 in /usr/lib/jvm/java-9-openjdk-amd64/lib/amd64/libjava.so at 0x00007f7407dd3000
R12=0x00007f73742fc980 is an unknown value
R13=0x0000000000000000 is an unknown value
R14=0x0000000000000000 is an unknown value
R15=0x00007f73743016d0 is an unknown value


Registers:
RAX=0x0000000000000000, RBX=0x0000000000000000, RCX=0x0000000000000000, RDX=0x0000000000010002
RSP=0x00007f73bc476f20, RBP=0x00007f73bc476f30, RSI=0x0000000000010002, RDI=0x0000000000000000
R8 =0x0000000000000000, R9 =0x0000000000000000, R10=0x00000000000001db, R11=0x00007f7407defff0
R12=0x00007f73742fc980, R13=0x0000000000000000, R14=0x0000000000000000, R15=0x00007f73743016d0
RIP=0x00007f7407df0009, EFLAGS=0x0000000000010246, CSGSFS=0x0000000000000033, ERR=0x0000000000000004
  TRAPNO=0x000000000000000e

Top of Stack: (sp=0x00007f73bc476f20)
0x00007f73bc476f20:   0000000000000000 d2d1b689bdddb700
0x00007f73bc476f30:   00007f73bc476f70 00007f73bd091f8e
0x00007f73bc476f40:   00007f7374300b00 00007f73742fc980
0x00007f73bc476f50:   0000000000000000 0000000000000000
0x00007f73bc476f60:   00007f73742fc980 00007f73743016d0
0x00007f73bc476f70:   0000000000000000 00007f73bcdc8d1b
0x00007f73bc476f80:   0000000000000000 00007f73bd05ad80
0x00007f73bc476f90:   0000000000000000 00007f73bcddc8d0
0x00007f73bc476fa0:   0000000000000014 0000004400000053
0x00007f73bc476fb0:   0000000000000002 0000000000000000
0x00007f73bc476fc0:   0000006e0000005d 0000000000000000
0x00007f73bc476fd0:   0000000000000000 0000007c00000077
0x00007f73bc476fe0:   0202020202020202 0202020202020202
0x00007f73bc476ff0:   0000000000000000 0000000000000000
0x00007f73bc477000:   468b45f04e8b41d0 00007f7374000020
0x00007f73bc477010:   0000000000000070 00007f73bc4770c4
0x00007f73bc477020:   00007f7374300b00 00007f73743016d0
0x00007f73bc477030:   00007f73bc4770c4 00007f740e6b05d4
0x00007f73bc477040:   00007f740d628f00 00007f73bc477074
0x00007f73bc477050:   00007f73bd0579e0 d2d1b689bdddb700
0x00007f73bc477060:   0000000000000070 00007f7374300940
0x00007f73bc477070:   00007f73bd0579e0 00007f73bc477188
0x00007f73bc477080:   00007f7374300b00 00007f73743016d0
0x00007f73bc477090:   00007f7374300700 00007f73bcdcb4b2
0x00007f73bc4770a0:   0000000100000000 00007f73bc477190
0x00007f73bc4770b0:   0000000000000000 0000000000000000
0x00007f73bc4770c0:   00000000bc477188 d2d1b689bdddb700
0x00007f73bc4770d0:   00007f7374300940 00007f73bc477190
0x00007f73bc4770e0:   0000000000000000 00007f7374300a28
0x00007f73bc4770f0:   00007f73bc477390 00007f7374300988
0x00007f73bc477100:   00007f7374300b00 00007f73bcdcd571
0x00007f73bc477110:   00007f73bc477190 00007f73bcdcd366 

Instructions: (pc=0x00007f7407df0009)
0x00007f7407deffe9:   ff eb ea 0f 1f 40 00 55 89 f2 48 89 e5 48 83 ec
0x00007f7407defff9:   10 64 48 8b 04 25 28 00 00 00 48 89 45 f8 31 c0
0x00007f7407df0009:   48 8b 07 48 8d 75 f0 ff 50 30 48 8b 4d f8 64 48
0x00007f7407df0019:   33 0c 25 28 00 00 00 48 8b 45 f0 75 02 c9 c3 e8 


---------------  P R O C E S S  ---------------

Java Threads: ( => current thread )
  0x00007f7370006800 JavaThread "TimerQueue" daemon [_thread_blocked, id=7900, stack(0x00007f737baff000,0x00007f737bc00000)]
  0x00007f7374262000 JavaThread "SwingWorker-pool-2-thread-1" daemon [_thread_blocked, id=7899, stack(0x00007f737b8ce000,0x00007f737b9cf000)]
  0x00007f7370002800 JavaThread "SeedGenerator Thread" daemon [_thread_blocked, id=7898, stack(0x00007f737aac7000,0x00007f737abc8000)]
  0x00007f737411a000 JavaThread "Image Fetcher 1" daemon [_thread_blocked, id=7895, stack(0x00007f737abc8000,0x00007f737acc9000)]
  0x00007f73741b8800 JavaThread "Image Fetcher 3" daemon [_thread_blocked, id=7894, stack(0x00007f73bc07a000,0x00007f73bc17b000)]
  0x00007f73741fa000 JavaThread "SeedGenerator Thread" daemon [_thread_in_Java, id=7870, stack(0x00007f737b9cf000,0x00007f737bad0000)]
  0x00007f7408011000 JavaThread "DestroyJavaVM" [_thread_blocked, id=7842, stack(0x00007f740ecfd000,0x00007f740edfe000)]
=>0x00007f7408447800 JavaThread "AWT-EventQueue-0" [_thread_in_native, id=7869, stack(0x00007f73bc37b000,0x00007f73bc47c000)]
  0x00007f7408446000 JavaThread "AWT-Shutdown" [_thread_blocked, id=7868, stack(0x00007f73bc47c000,0x00007f73bc57d000)]
  0x00007f7408443800 JavaThread "AWT-XAWT" daemon [_thread_in_native, id=7867, stack(0x00007f73bc57d000,0x00007f73bc67e000)]
  0x00007f7408423000 JavaThread "Java2D Disposer" daemon [_thread_blocked, id=7866, stack(0x00007f73bca8e000,0x00007f73bcb8f000)]
  0x00007f7408256800 JavaThread "Service Thread" daemon [_thread_blocked, id=7864, stack(0x00007f73beaed000,0x00007f73bebee000)]
  0x00007f74081c0800 JavaThread "Common-Cleaner" daemon [_thread_blocked, id=7863, stack(0x00007f73bebee000,0x00007f73becef000)]
  0x00007f7408191000 JavaThread "Sweeper thread" daemon [_thread_blocked, id=7862, stack(0x00007f73bf41a000,0x00007f73bf51b000)]
  0x00007f740818f000 JavaThread "C1 CompilerThread2" daemon [_thread_in_vm, id=7861, stack(0x00007f73bf51b000,0x00007f73bf61c000)]
  0x00007f740818d000 JavaThread "C2 CompilerThread1" daemon [_thread_blocked, id=7860, stack(0x00007f73bf61c000,0x00007f73bf71d000)]
  0x00007f740818b000 JavaThread "C2 CompilerThread0" daemon [_thread_blocked, id=7859, stack(0x00007f73bf71d000,0x00007f73bf81e000)]
  0x00007f7408187000 JavaThread "Signal Dispatcher" daemon [_thread_blocked, id=7858, stack(0x00007f73bf81e000,0x00007f73bf91f000)]
  0x00007f7408185000 JavaThread "Surrogate Locker Thread (Concurrent GC)" daemon [_thread_blocked, id=7857, stack(0x00007f73bf91f000,0x00007f73bfa20000)]
  0x00007f7408173000 JavaThread "Finalizer" daemon [_thread_blocked, id=7856, stack(0x00007f73bfcfd000,0x00007f73bfdfe000)]
  0x00007f740816f800 JavaThread "Reference Handler" daemon [_thread_blocked, id=7855, stack(0x00007f73bfdfe000,0x00007f73bfeff000)]

Other Threads:
  0x00007f7408165000 VMThread [stack: 0x00007f73bfeff000,0x00007f73c0000000] [id=7854]
  0x00007f7408259000 WatcherThread [stack: 0x00007f73be9ec000,0x00007f73beaed000] [id=7865]

Threads with active compile tasks:

VM state:not at safepoint (normal execution)

VM Mutex/Monitor currently owned by a thread: None

heap address: 0x0000000083c00000, size: 1988 MB, Compressed Oops mode: 32-bit
Narrow klass base: 0x0000000000000000, Narrow klass shift: 3
Compressed class space size: 1073741824 Address: 0x0000000100000000

Heap:
 garbage-first heap   total 129024K, used 11821K [0x0000000083c00000, 0x0000000083d003f0, 0x0000000100000000)
  region size 1024K, 12 young (12288K), 10 survivors (10240K)
 Metaspace       used 22104K, capacity 22682K, committed 23040K, reserved 1069056K
  class space    used 2768K, capacity 2979K, committed 3072K, reserved 1048576K

Heap Regions: E=young(eden), S=young(survivor), O=old, HS=humongous(starts), HC=humongous(continues), CS=collection set, F=free, A=archive, TS=gc time stamp, AC=allocation context, TAMS=top-at-mark-start (previous, next)
|   0|0x0000000083c00000, 0x0000000083d00000, 0x0000000083d00000|100%| O|  |TS  0|AC  0|TAMS 0x0000000083d00000, 0x0000000083d00000|
|   1|0x0000000083d00000, 0x0000000083d6ec00, 0x0000000083e00000| 43%| O|  |TS  0|AC  0|TAMS 0x0000000083d6ec00, 0x0000000083d6ec00|
|   2|0x0000000083e00000, 0x0000000083e00000, 0x0000000083f00000|  0%| F|  |TS  0|AC  0|TAMS 0x0000000083e00000, 0x0000000083e00000|
|   3|0x0000000083f00000, 0x0000000083f00000, 0x0000000084000000|  0%| F|  |TS  0|AC  0|TAMS 0x0000000083f00000, 0x0000000083f00000|
|   4|0x0000000084000000, 0x0000000084000000, 0x0000000084100000|  0%| F|  |TS  0|AC  0|TAMS 0x0000000084000000, 0x0000000084000000|
|   5|0x0000000084100000, 0x0000000084100000, 0x0000000084200000|  0%| F|  |TS  0|AC  0|TAMS 0x0000000084100000, 0x0000000084100000|
|   6|0x0000000084200000, 0x0000000084200000, 0x0000000084300000|  0%| F|  |TS  0|AC  0|TAMS 0x0000000084200000, 0x0000000084200000|
|   7|0x0000000084300000, 0x0000000084300000, 0x0000000084400000|  0%| F|  |TS  0|AC  0|TAMS 0x0000000084300000, 0x0000000084300000|
|   8|0x0000000084400000, 0x0000000084400000, 0x0000000084500000|  0%| F|  |TS  0|AC  0|TAMS 0x0000000084400000, 0x0000000084400000|
|   9|0x0000000084500000, 0x0000000084500000, 0x0000000084600000|  0%| F|  |TS  0|AC  0|TAMS 0x0000000084500000, 0x0000000084500000|
|  10|0x0000000084600000, 0x0000000084600000, 0x0000000084700000|  0%| F|  |TS  0|AC  0|TAMS 0x0000000084600000, 0x0000000084600000|
|  11|0x0000000084700000, 0x0000000084700000, 0x0000000084800000|  0%| F|  |TS  0|AC  0|TAMS 0x0000000084700000, 0x0000000084700000|
|  12|0x0000000084800000, 0x0000000084800000, 0x0000000084900000|  0%| F|  |TS  0|AC  0|TAMS 0x0000000084800000, 0x0000000084800000|
|  13|0x0000000084900000, 0x0000000084900000, 0x0000000084a00000|  0%| F|  |TS  0|AC  0|TAMS 0x0000000084900000, 0x0000000084900000|
|  14|0x0000000084a00000, 0x0000000084a00000, 0x0000000084b00000|  0%| F|  |TS  0|AC  0|TAMS 0x0000000084a00000, 0x0000000084a00000|
|  15|0x0000000084b00000, 0x0000000084b00000, 0x0000000084c00000|  0%| F|  |TS  0|AC  0|TAMS 0x0000000084b00000, 0x0000000084b00000|
|  16|0x0000000084c00000, 0x0000000084c00000, 0x0000000084d00000|  0%| F|  |TS  0|AC  0|TAMS 0x0000000084c00000, 0x0000000084c00000|
|  17|0x0000000084d00000, 0x0000000084d00000, 0x0000000084e00000|  0%| F|  |TS  0|AC  0|TAMS 0x0000000084d00000, 0x0000000084d00000|
|  18|0x0000000084e00000, 0x0000000084e00000, 0x0000000084f00000|  0%| F|  |TS  0|AC  0|TAMS 0x0000000084e00000, 0x0000000084e00000|
|  19|0x0000000084f00000, 0x0000000084f00000, 0x0000000085000000|  0%| F|  |TS  0|AC  0|TAMS 0x0000000084f00000, 0x0000000084f00000|
|  20|0x0000000085000000, 0x0000000085000000, 0x0000000085100000|  0%| F|  |TS  0|AC  0|TAMS 0x0000000085000000, 0x0000000085000000|
|  21|0x0000000085100000, 0x0000000085100000, 0x0000000085200000|  0%| F|  |TS  0|AC  0|TAMS 0x0000000085100000, 0x0000000085100000|
|  22|0x0000000085200000, 0x0000000085200000, 0x0000000085300000|  0%| F|  |TS  0|AC  0|TAMS 0x0000000085200000, 0x0000000085200000|
|  23|0x0000000085300000, 0x0000000085300000, 0x0000000085400000|  0%| F|  |TS  0|AC  0|TAMS 0x0000000085300000, 0x0000000085300000|
|  24|0x0000000085400000, 0x0000000085400000, 0x0000000085500000|  0%| F|  |TS  0|AC  0|TAMS 0x0000000085400000, 0x0000000085400000|
|  25|0x0000000085500000, 0x0000000085500000, 0x0000000085600000|  0%| F|  |TS  0|AC  0|TAMS 0x0000000085500000, 0x0000000085500000|
|  26|0x0000000085600000, 0x0000000085600000, 0x0000000085700000|  0%| F|  |TS  0|AC  0|TAMS 0x0000000085600000, 0x0000000085600000|
|  27|0x0000000085700000, 0x0000000085700000, 0x0000000085800000|  0%| F|  |TS  0|AC  0|TAMS 0x0000000085700000, 0x0000000085700000|
|  28|0x0000000085800000, 0x0000000085800000, 0x0000000085900000|  0%| F|  |TS  0|AC  0|TAMS 0x0000000085800000, 0x0000000085800000|
|  29|0x0000000085900000, 0x0000000085900000, 0x0000000085a00000|  0%| F|  |TS  0|AC  0|TAMS 0x0000000085900000, 0x0000000085900000|
|  30|0x0000000085a00000, 0x0000000085a00000, 0x0000000085b00000|  0%| F|  |TS  0|AC  0|TAMS 0x0000000085a00000, 0x0000000085a00000|
|  31|0x0000000085b00000, 0x0000000085b00000, 0x0000000085c00000|  0%| F|  |TS  0|AC  0|TAMS 0x0000000085b00000, 0x0000000085b00000|
|  32|0x0000000085c00000, 0x0000000085c00000, 0x0000000085d00000|  0%| F|  |TS  0|AC  0|TAMS 0x0000000085c00000, 0x0000000085c00000|
|  33|0x0000000085d00000, 0x0000000085d00000, 0x0000000085e00000|  0%| F|  |TS  0|AC  0|TAMS 0x0000000085d00000, 0x0000000085d00000|
|  34|0x0000000085e00000, 0x0000000085e00000, 0x0000000085f00000|  0%| F|  |TS  0|AC  0|TAMS 0x0000000085e00000, 0x0000000085e00000|
|  35|0x0000000085f00000, 0x0000000085f00000, 0x0000000086000000|  0%| F|  |TS  0|AC  0|TAMS 0x0000000085f00000, 0x0000000085f00000|
|  36|0x0000000086000000, 0x0000000086000000, 0x0000000086100000|  0%| F|  |TS  0|AC  0|TAMS 0x0000000086000000, 0x0000000086000000|
|  37|0x0000000086100000, 0x0000000086100000, 0x0000000086200000|  0%| F|  |TS  0|AC  0|TAMS 0x0000000086100000, 0x0000000086100000|
|  38|0x0000000086200000, 0x0000000086200000, 0x0000000086300000|  0%| F|  |TS  0|AC  0|TAMS 0x0000000086200000, 0x0000000086200000|
|  39|0x0000000086300000, 0x0000000086300000, 0x0000000086400000|  0%| F|  |TS  0|AC  0|TAMS 0x0000000086300000, 0x0000000086300000|
|  40|0x0000000086400000, 0x0000000086400000, 0x0000000086500000|  0%| F|  |TS  0|AC  0|TAMS 0x0000000086400000, 0x0000000086400000|
|  41|0x0000000086500000, 0x0000000086500000, 0x0000000086600000|  0%| F|  |TS  0|AC  0|TAMS 0x0000000086500000, 0x0000000086500000|
|  42|0x0000000086600000, 0x0000000086600000, 0x0000000086700000|  0%| F|  |TS  0|AC  0|TAMS 0x0000000086600000, 0x0000000086600000|
|  43|0x0000000086700000, 0x0000000086700000, 0x0000000086800000|  0%| F|  |TS  0|AC  0|TAMS 0x0000000086700000, 0x0000000086700000|
|  44|0x0000000086800000, 0x0000000086800000, 0x0000000086900000|  0%| F|  |TS  0|AC  0|TAMS 0x0000000086800000, 0x0000000086800000|
|  45|0x0000000086900000, 0x0000000086900000, 0x0000000086a00000|  0%| F|  |TS  0|AC  0|TAMS 0x0000000086900000, 0x0000000086900000|
|  46|0x0000000086a00000, 0x0000000086a00000, 0x0000000086b00000|  0%| F|  |TS  0|AC  0|TAMS 0x0000000086a00000, 0x0000000086a00000|
|  47|0x0000000086b00000, 0x0000000086b00000, 0x0000000086c00000|  0%| F|  |TS  0|AC  0|TAMS 0x0000000086b00000, 0x0000000086b00000|
|  48|0x0000000086c00000, 0x0000000086c00000, 0x0000000086d00000|  0%| F|  |TS  0|AC  0|TAMS 0x0000000086c00000, 0x0000000086c00000|
|  49|0x0000000086d00000, 0x0000000086d00000, 0x0000000086e00000|  0%| F|  |TS  0|AC  0|TAMS 0x0000000086d00000, 0x0000000086d00000|
|  50|0x0000000086e00000, 0x0000000086e00000, 0x0000000086f00000|  0%| F|  |TS  0|AC  0|TAMS 0x0000000086e00000, 0x0000000086e00000|
|  51|0x0000000086f00000, 0x0000000086f00000, 0x0000000087000000|  0%| F|  |TS  0|AC  0|TAMS 0x0000000086f00000, 0x0000000086f00000|
|  52|0x0000000087000000, 0x0000000087000000, 0x0000000087100000|  0%| F|  |TS  0|AC  0|TAMS 0x0000000087000000, 0x0000000087000000|
|  53|0x0000000087100000, 0x0000000087100000, 0x0000000087200000|  0%| F|  |TS  0|AC  0|TAMS 0x0000000087100000, 0x0000000087100000|
|  54|0x0000000087200000, 0x0000000087200000, 0x0000000087300000|  0%| F|  |TS  0|AC  0|TAMS 0x0000000087200000, 0x0000000087200000|
|  55|0x0000000087300000, 0x0000000087300000, 0x0000000087400000|  0%| F|  |TS  0|AC  0|TAMS 0x0000000087300000, 0x0000000087300000|
|  56|0x0000000087400000, 0x0000000087400000, 0x0000000087500000|  0%| F|  |TS  0|AC  0|TAMS 0x0000000087400000, 0x0000000087400000|
|  57|0x0000000087500000, 0x0000000087500000, 0x0000000087600000|  0%| F|  |TS  0|AC  0|TAMS 0x0000000087500000, 0x0000000087500000|
|  58|0x0000000087600000, 0x0000000087600000, 0x0000000087700000|  0%| F|  |TS  0|AC  0|TAMS 0x0000000087600000, 0x0000000087600000|
|  59|0x0000000087700000, 0x0000000087700000, 0x0000000087800000|  0%| F|  |TS  0|AC  0|TAMS 0x0000000087700000, 0x0000000087700000|
|  60|0x0000000087800000, 0x0000000087800000, 0x0000000087900000|  0%| F|  |TS  0|AC  0|TAMS 0x0000000087800000, 0x0000000087800000|
|  61|0x0000000087900000, 0x0000000087900000, 0x0000000087a00000|  0%| F|  |TS  0|AC  0|TAMS 0x0000000087900000, 0x0000000087900000|
|  62|0x0000000087a00000, 0x0000000087a00000, 0x0000000087b00000|  0%| F|  |TS  0|AC  0|TAMS 0x0000000087a00000, 0x0000000087a00000|
|  63|0x0000000087b00000, 0x0000000087b00000, 0x0000000087c00000|  0%| F|  |TS  0|AC  0|TAMS 0x0000000087b00000, 0x0000000087b00000|
|  64|0x0000000087c00000, 0x0000000087c00000, 0x0000000087d00000|  0%| F|  |TS  0|AC  0|TAMS 0x0000000087c00000, 0x0000000087c00000|
|  65|0x0000000087d00000, 0x0000000087d00000, 0x0000000087e00000|  0%| F|  |TS  0|AC  0|TAMS 0x0000000087d00000, 0x0000000087d00000|
|  66|0x0000000087e00000, 0x0000000087e00000, 0x0000000087f00000|  0%| F|  |TS  0|AC  0|TAMS 0x0000000087e00000, 0x0000000087e00000|
|  67|0x0000000087f00000, 0x0000000087f00000, 0x0000000088000000|  0%| F|  |TS  0|AC  0|TAMS 0x0000000087f00000, 0x0000000087f00000|
|  68|0x0000000088000000, 0x0000000088000000, 0x0000000088100000|  0%| F|  |TS  0|AC  0|TAMS 0x0000000088000000, 0x0000000088000000|
|  69|0x0000000088100000, 0x0000000088100000, 0x0000000088200000|  0%| F|  |TS  0|AC  0|TAMS 0x0000000088100000, 0x0000000088100000|
|  70|0x0000000088200000, 0x000000008821ca90, 0x0000000088300000| 11%| S|CS|TS  0|AC  0|TAMS 0x0000000088200000, 0x0000000088200000|
|  71|0x0000000088300000, 0x0000000088400000, 0x0000000088400000|100%| S|CS|TS  0|AC  0|TAMS 0x0000000088300000, 0x0000000088300000|
|  72|0x0000000088400000, 0x0000000088500000, 0x0000000088500000|100%| S|CS|TS  0|AC  0|TAMS 0x0000000088400000, 0x0000000088400000|
|  73|0x0000000088500000, 0x0000000088600000, 0x0000000088600000|100%| S|CS|TS  0|AC  0|TAMS 0x0000000088500000, 0x0000000088500000|
|  74|0x0000000088600000, 0x0000000088700000, 0x0000000088700000|100%| S|CS|TS  0|AC  0|TAMS 0x0000000088600000, 0x0000000088600000|
|  75|0x0000000088700000, 0x0000000088800000, 0x0000000088800000|100%| S|CS|TS  0|AC  0|TAMS 0x0000000088700000, 0x0000000088700000|
|  76|0x0000000088800000, 0x0000000088900000, 0x0000000088900000|100%| S|CS|TS  0|AC  0|TAMS 0x0000000088800000, 0x0000000088800000|
|  77|0x0000000088900000, 0x0000000088a00000, 0x0000000088a00000|100%| S|CS|TS  0|AC  0|TAMS 0x0000000088900000, 0x0000000088900000|
|  78|0x0000000088a00000, 0x0000000088b00000, 0x0000000088b00000|100%| S|CS|TS  0|AC  0|TAMS 0x0000000088a00000, 0x0000000088a00000|
|  79|0x0000000088b00000, 0x0000000088c00000, 0x0000000088c00000|100%| S|CS|TS  0|AC  0|TAMS 0x0000000088b00000, 0x0000000088b00000|
|  80|0x0000000088c00000, 0x0000000088c00000, 0x0000000088d00000|  0%| F|  |TS  0|AC  0|TAMS 0x0000000088c00000, 0x0000000088c00000|
|  81|0x0000000088d00000, 0x0000000088d00000, 0x0000000088e00000|  0%| F|  |TS  0|AC  0|TAMS 0x0000000088d00000, 0x0000000088d00000|
|  82|0x0000000088e00000, 0x0000000088e00000, 0x0000000088f00000|  0%| F|  |TS  0|AC  0|TAMS 0x0000000088e00000, 0x0000000088e00000|
|  83|0x0000000088f00000, 0x0000000088f00000, 0x0000000089000000|  0%| F|  |TS  0|AC  0|TAMS 0x0000000088f00000, 0x0000000088f00000|
|  84|0x0000000089000000, 0x0000000089000000, 0x0000000089100000|  0%| F|  |TS  0|AC  0|TAMS 0x0000000089000000, 0x0000000089000000|
|  85|0x0000000089100000, 0x0000000089100000, 0x0000000089200000|  0%| F|  |TS  0|AC  0|TAMS 0x0000000089100000, 0x0000000089100000|
|  86|0x0000000089200000, 0x0000000089200000, 0x0000000089300000|  0%| F|  |TS  0|AC  0|TAMS 0x0000000089200000, 0x0000000089200000|
|  87|0x0000000089300000, 0x0000000089300000, 0x0000000089400000|  0%| F|  |TS  0|AC  0|TAMS 0x0000000089300000, 0x0000000089300000|
|  88|0x0000000089400000, 0x0000000089400000, 0x0000000089500000|  0%| F|  |TS  0|AC  0|TAMS 0x0000000089400000, 0x0000000089400000|
|  89|0x0000000089500000, 0x0000000089500000, 0x0000000089600000|  0%| F|  |TS  0|AC  0|TAMS 0x0000000089500000, 0x0000000089500000|
|  90|0x0000000089600000, 0x0000000089600000, 0x0000000089700000|  0%| F|  |TS  0|AC  0|TAMS 0x0000000089600000, 0x0000000089600000|
|  91|0x0000000089700000, 0x0000000089700000, 0x0000000089800000|  0%| F|  |TS  0|AC  0|TAMS 0x0000000089700000, 0x0000000089700000|
|  92|0x0000000089800000, 0x0000000089800000, 0x0000000089900000|  0%| F|  |TS  0|AC  0|TAMS 0x0000000089800000, 0x0000000089800000|
|  93|0x0000000089900000, 0x0000000089900000, 0x0000000089a00000|  0%| F|  |TS  0|AC  0|TAMS 0x0000000089900000, 0x0000000089900000|
|  94|0x0000000089a00000, 0x0000000089a00000, 0x0000000089b00000|  0%| F|  |TS  0|AC  0|TAMS 0x0000000089a00000, 0x0000000089a00000|
|  95|0x0000000089b00000, 0x0000000089b00000, 0x0000000089c00000|  0%| F|  |TS  0|AC  0|TAMS 0x0000000089b00000, 0x0000000089b00000|
|  96|0x0000000089c00000, 0x0000000089c00000, 0x0000000089d00000|  0%| F|  |TS  0|AC  0|TAMS 0x0000000089c00000, 0x0000000089c00000|
|  97|0x0000000089d00000, 0x0000000089d00000, 0x0000000089e00000|  0%| F|  |TS  0|AC  0|TAMS 0x0000000089d00000, 0x0000000089d00000|
|  98|0x0000000089e00000, 0x0000000089e00000, 0x0000000089f00000|  0%| F|  |TS  0|AC  0|TAMS 0x0000000089e00000, 0x0000000089e00000|
|  99|0x0000000089f00000, 0x0000000089f00000, 0x000000008a000000|  0%| F|  |TS  0|AC  0|TAMS 0x0000000089f00000, 0x0000000089f00000|
| 100|0x000000008a000000, 0x000000008a000000, 0x000000008a100000|  0%| F|  |TS  0|AC  0|TAMS 0x000000008a000000, 0x000000008a000000|
| 101|0x000000008a100000, 0x000000008a100000, 0x000000008a200000|  0%| F|  |TS  0|AC  0|TAMS 0x000000008a100000, 0x000000008a100000|
| 102|0x000000008a200000, 0x000000008a200000, 0x000000008a300000|  0%| F|  |TS  0|AC  0|TAMS 0x000000008a200000, 0x000000008a200000|
| 103|0x000000008a300000, 0x000000008a300000, 0x000000008a400000|  0%| F|  |TS  0|AC  0|TAMS 0x000000008a300000, 0x000000008a300000|
| 104|0x000000008a400000, 0x000000008a400000, 0x000000008a500000|  0%| F|  |TS  0|AC  0|TAMS 0x000000008a400000, 0x000000008a400000|
| 105|0x000000008a500000, 0x000000008a500000, 0x000000008a600000|  0%| F|  |TS  0|AC  0|TAMS 0x000000008a500000, 0x000000008a500000|
| 106|0x000000008a600000, 0x000000008a600000, 0x000000008a700000|  0%| F|  |TS  0|AC  0|TAMS 0x000000008a600000, 0x000000008a600000|
| 107|0x000000008a700000, 0x000000008a700000, 0x000000008a800000|  0%| F|  |TS  0|AC  0|TAMS 0x000000008a700000, 0x000000008a700000|
| 108|0x000000008a800000, 0x000000008a800000, 0x000000008a900000|  0%| F|  |TS  0|AC  0|TAMS 0x000000008a800000, 0x000000008a800000|
| 109|0x000000008a900000, 0x000000008a900000, 0x000000008aa00000|  0%| F|  |TS  0|AC  0|TAMS 0x000000008a900000, 0x000000008a900000|
| 110|0x000000008aa00000, 0x000000008aa00000, 0x000000008ab00000|  0%| F|  |TS  0|AC  0|TAMS 0x000000008aa00000, 0x000000008aa00000|
| 111|0x000000008ab00000, 0x000000008ab00000, 0x000000008ac00000|  0%| F|  |TS  0|AC  0|TAMS 0x000000008ab00000, 0x000000008ab00000|
| 112|0x000000008ac00000, 0x000000008ac00000, 0x000000008ad00000|  0%| F|  |TS  0|AC  0|TAMS 0x000000008ac00000, 0x000000008ac00000|
| 113|0x000000008ad00000, 0x000000008ad00000, 0x000000008ae00000|  0%| F|  |TS  0|AC  0|TAMS 0x000000008ad00000, 0x000000008ad00000|
| 114|0x000000008ae00000, 0x000000008ae00000, 0x000000008af00000|  0%| F|  |TS  0|AC  0|TAMS 0x000000008ae00000, 0x000000008ae00000|
| 115|0x000000008af00000, 0x000000008af00000, 0x000000008b000000|  0%| F|  |TS  0|AC  0|TAMS 0x000000008af00000, 0x000000008af00000|
| 116|0x000000008b000000, 0x000000008b000000, 0x000000008b100000|  0%| F|  |TS  0|AC  0|TAMS 0x000000008b000000, 0x000000008b000000|
| 117|0x000000008b100000, 0x000000008b100000, 0x000000008b200000|  0%| F|  |TS  0|AC  0|TAMS 0x000000008b100000, 0x000000008b100000|
| 118|0x000000008b200000, 0x000000008b200000, 0x000000008b300000|  0%| F|  |TS  0|AC  0|TAMS 0x000000008b200000, 0x000000008b200000|
| 119|0x000000008b300000, 0x000000008b300000, 0x000000008b400000|  0%| F|  |TS  0|AC  0|TAMS 0x000000008b300000, 0x000000008b300000|
| 120|0x000000008b400000, 0x000000008b400000, 0x000000008b500000|  0%| F|  |TS  0|AC  0|TAMS 0x000000008b400000, 0x000000008b400000|
| 121|0x000000008b500000, 0x000000008b500000, 0x000000008b600000|  0%| F|  |TS  0|AC  0|TAMS 0x000000008b500000, 0x000000008b500000|
| 122|0x000000008b600000, 0x000000008b600000, 0x000000008b700000|  0%| F|  |TS  0|AC  0|TAMS 0x000000008b600000, 0x000000008b600000|
| 123|0x000000008b700000, 0x000000008b700000, 0x000000008b800000|  0%| F|  |TS  0|AC  0|TAMS 0x000000008b700000, 0x000000008b700000|
| 124|0x000000008b800000, 0x000000008b8e5db0, 0x000000008b900000| 89%| E|  |TS  0|AC  0|TAMS 0x000000008b800000, 0x000000008b800000|
| 125|0x000000008b900000, 0x000000008ba00000, 0x000000008ba00000|100%| E|CS|TS  0|AC  0|TAMS 0x000000008b900000, 0x000000008b900000|

Card table byte_map: [0x00007f73d3359000,0x00007f73d373b000] byte_map_base: 0x00007f73d2f3b000

Marking Bits (Prev, Next): (CMBitMap*) 0x00007f7408060a98, (CMBitMap*) 0x00007f7408060a40
 Prev Bits: [0x00007f73c60f0000, 0x00007f73c8000000)
 Next Bits: [0x00007f73d1067000, 0x00007f73d2f77000)

Polling page: 0x00007f740ee27000

CodeHeap 'non-nmethods': size=5696Kb used=1317Kb max_used=1327Kb free=4378Kb
 bounds [0x00007f73f0dd6000, 0x00007f73f1046000, 0x00007f73f1366000]
CodeHeap 'profiled nmethods': size=120032Kb used=5012Kb max_used=5012Kb free=115019Kb
 bounds [0x00007f73f1366000, 0x00007f73f1856000, 0x00007f73f889e000]
CodeHeap 'non-profiled nmethods': size=120032Kb used=964Kb max_used=964Kb free=119067Kb
 bounds [0x00007f73f889e000, 0x00007f73f8b0e000, 0x00007f73ffdd6000]
 total_blobs=3389 nmethods=2188 adapters=537
 compilation: enabled

Compilation events (10 events):
Event: 6,546 Thread 0x00007f740818f000 2071       3       java.lang.reflect.Method::equals (69 bytes)
Event: 6,546 Thread 0x00007f740818f000 nmethod 2071 0x00007f73f1847590 code [0x00007f73f1847740, 0x00007f73f1848088]
Event: 6,546 Thread 0x00007f740818f000 2069       3       java.lang.Class$MethodArray::matchesNameAndDescriptor (42 bytes)
Event: 6,547 Thread 0x00007f740818b000 2181       4       java.util.ArrayList::indexOf (67 bytes)
Event: 6,552 Thread 0x00007f740818b000 nmethod 2181 0x00007f73f8989690 code [0x00007f73f8989820, 0x00007f73f8989bf8]
Event: 6,552 Thread 0x00007f740818f000 nmethod 2069 0x00007f73f1848190 code [0x00007f73f1848380, 0x00007f73f1848da8]
Event: 6,552 Thread 0x00007f740818f000 2185       3       java.lang.StringCoding::encodeUTF8 (434 bytes)
Event: 6,553 Thread 0x00007f740818f000 nmethod 2185 0x00007f73f1848f90 code [0x00007f73f18491e0, 0x00007f73f184a2a8]
Event: 6,553 Thread 0x00007f740818f000 2180       1       jdk.internal.logger.SurrogateLogger::defaultPlatformLevel (4 bytes)
Event: 6,553 Thread 0x00007f740818f000 nmethod 2180 0x00007f73f8989d90 code [0x00007f73f8989f00, 0x00007f73f898a010]

GC Heap History (4 events):
Event: 0,272 GC heap before
{Heap before GC invocations=0 (full 0):
 garbage-first heap   total 129024K, used 7168K [0x0000000083c00000, 0x0000000083d003f0, 0x0000000100000000)
  region size 1024K, 7 young (7168K), 0 survivors (0K)
 Metaspace       used 9674K, capacity 9854K, committed 10112K, reserved 1058816K
  class space    used 1014K, capacity 1092K, committed 1152K, reserved 1048576K
}
Event: 0,276 GC heap after
{Heap after GC invocations=1 (full 0):
 garbage-first heap   total 129024K, used 2491K [0x0000000083c00000, 0x0000000083d003f0, 0x0000000100000000)
  region size 1024K, 1 young (1024K), 1 survivors (1024K)
 Metaspace       used 9674K, capacity 9854K, committed 10112K, reserved 1058816K
  class space    used 1014K, capacity 1092K, committed 1152K, reserved 1048576K
}
Event: 6,484 GC heap before
{Heap before GC invocations=1 (full 0):
 garbage-first heap   total 129024K, used 47547K [0x0000000083c00000, 0x0000000083d003f0, 0x0000000100000000)
  region size 1024K, 46 young (47104K), 1 survivors (1024K)
 Metaspace       used 20639K, capacity 21168K, committed 21248K, reserved 1067008K
  class space    used 2592K, capacity 2776K, committed 2816K, reserved 1048576K
}
Event: 6,495 GC heap after
{Heap after GC invocations=2 (full 0):
 garbage-first heap   total 129024K, used 10797K [0x0000000083c00000, 0x0000000083d003f0, 0x0000000100000000)
  region size 1024K, 10 young (10240K), 10 survivors (10240K)
 Metaspace       used 20639K, capacity 21168K, committed 21248K, reserved 1067008K
  class space    used 2592K, capacity 2776K, committed 2816K, reserved 1048576K
}

Deoptimization events (10 events):
Event: 6,499 Thread 0x00007f7408447800 Uncommon trap: reason=class_check action=maybe_recompile pc=0x00007f73f8962ed8 method=java.util.concurrent.ConcurrentHashMap.putVal(Ljava/lang/Object;Ljava/lang/Object;Z)Ljava/lang/Object; @ 191
Event: 6,503 Thread 0x00007f7408447800 Uncommon trap: reason=unstable_if action=reinterpret pc=0x00007f73f89619a0 method=java.lang.StringLatin1.canEncode(I)Z @ 4
Event: 6,503 Thread 0x00007f7408447800 Uncommon trap: reason=unstable_if action=reinterpret pc=0x00007f73f8975c0c method=java.lang.AbstractStringBuilder.isLatin1()Z @ 10
Event: 6,503 Thread 0x00007f7408447800 Uncommon trap: reason=unstable_if action=reinterpret pc=0x00007f73f8934534 method=java.lang.AbstractStringBuilder.isLatin1()Z @ 10
Event: 6,519 Thread 0x00007f7408447800 Uncommon trap: reason=class_check action=maybe_recompile pc=0x00007f73f8981820 method=java.io.DataInputStream.readByte()B @ 4
Event: 6,519 Thread 0x00007f7408447800 Uncommon trap: reason=class_check action=maybe_recompile pc=0x00007f73f8981820 method=java.io.DataInputStream.readByte()B @ 4
Event: 6,519 Thread 0x00007f7408447800 Uncommon trap: reason=class_check action=maybe_recompile pc=0x00007f73f8981820 method=java.io.DataInputStream.readByte()B @ 4
Event: 6,519 Thread 0x00007f7408447800 Uncommon trap: reason=class_check action=maybe_recompile pc=0x00007f73f8981820 method=java.io.DataInputStream.readByte()B @ 4
Event: 6,529 Thread 0x00007f7408447800 Uncommon trap: reason=unstable_if action=reinterpret pc=0x00007f73f894348c method=java.lang.StringCoding.encodeUTF8(B[B)[B @ 31
Event: 6,552 Thread 0x00007f7408447800 Uncommon trap: reason=unstable_if action=reinterpret pc=0x00007f73f88e029c method=java.lang.ref.SoftReference.get()Ljava/lang/Object; @ 6

Classes redefined (0 events):
No events

Internal exceptions (10 events):
Event: 5,885 Thread 0x00007f7408447800 Implicit null exception at 0x00007f73f88a940f to 0x00007f73f88a9479
Event: 5,953 Thread 0x00007f73741b8800 Exception <a 'java/lang/InterruptedException': sleep interrupted> (0x00000000899a7cb8) thrown at [/build/openjdk-9-argm_o/openjdk-9-9~b114/src/hotspot/src/share/vm/prims/jvm.cpp, line 3065]
Event: 5,966 Thread 0x00007f7408447800 Exception <a 'java/lang/NoSuchMethodError': java.lang.Object.of([Ljava/lang/Object;)Ljava/util/stream/Stream;> (0x000000008973a050) thrown at [/build/openjdk-9-argm_o/openjdk-9-9~b114/src/hotspot/src/share/vm/interpreter/linkResolver.cpp, line 728]
Event: 6,298 Thread 0x00007f7408447800 Implicit null exception at 0x00007f73f88e1cd4 to 0x00007f73f88e21f5
Event: 6,298 Thread 0x00007f7408447800 Implicit null exception at 0x00007f73f88e0e54 to 0x00007f73f88e137d
Event: 6,322 Thread 0x00007f7408447800 Exception <a 'java/lang/ClassNotFoundException': panda/resources/InsertionRuleButtonProvider> (0x000000008954e400) thrown at [/build/openjdk-9-argm_o/openjdk-9-9~b114/src/hotspot/src/share/vm/prims/jni.cpp, line 626]
Event: 6,323 Thread 0x00007f7408447800 Implicit null exception at 0x00007f73f89335dd to 0x00007f73f8933c75
Event: 6,325 Thread 0x00007f7408447800 Exception <a 'java/lang/ClassNotFoundException': panda/resources/InsertionRuleButtonProvider> (0x0000000089579668) thrown at [/build/openjdk-9-argm_o/openjdk-9-9~b114/src/hotspot/src/share/vm/prims/jni.cpp, line 626]
Event: 6,450 Thread 0x00007f7408447800 Exception <a 'java/lang/ClassNotFoundException': panda/resources/MrnatureViewProvider> (0x0000000088d2df70) thrown at [/build/openjdk-9-argm_o/openjdk-9-9~b114/src/hotspot/src/share/vm/prims/jni.cpp, line 626]
Event: 6,522 Thread 0x00007f7408447800 Exception <a 'java/lang/ClassNotFoundException': panda/resources/MrnatureViewProvider> (0x000000008b95b060) thrown at [/build/openjdk-9-argm_o/openjdk-9-9~b114/src/hotspot/src/share/vm/prims/jni.cpp, line 626]

Events (10 events):
Event: 6,552 loading class sun/font/StrikeCache$SoftDisposerRef
Event: 6,552 loading class sun/font/StrikeCache$DisposableStrike
Event: 6,552 loading class sun/font/StrikeCache$DisposableStrike done
Event: 6,552 loading class sun/font/StrikeCache$SoftDisposerRef done
Event: 6,552 loading class sun/font/FileFontStrike
Event: 6,553 loading class sun/font/FileFontStrike done
Event: 6,553 loading class sun/font/FontScaler
Event: 6,553 loading class sun/font/FontScaler done
Event: 6,553 loading class sun/font/FreetypeFontScaler
Event: 6,553 loading class sun/font/FreetypeFontScaler done


Dynamic libraries:
00400000-00401000 r-xp 00000000 08:01 669289                             /usr/lib/jvm/java-9-openjdk-amd64/bin/java
00600000-00601000 r--p 00000000 08:01 669289                             /usr/lib/jvm/java-9-openjdk-amd64/bin/java
00601000-00602000 rw-p 00001000 08:01 669289                             /usr/lib/jvm/java-9-openjdk-amd64/bin/java
01ce5000-01d76000 rw-p 00000000 00:00 0                                  [heap]
83c00000-8ba00000 rw-p 00000000 00:00 0 
8ba00000-100000000 ---p 00000000 00:00 0 
100000000-100300000 rw-p 00000000 00:00 0 
100300000-140000000 ---p 00000000 00:00 0 
7f7368000000-7f7368021000 rw-p 00000000 00:00 0 
7f7368021000-7f736c000000 ---p 00000000 00:00 0 
7f736c000000-7f736c06b000 rw-p 00000000 00:00 0 
7f736c06b000-7f7370000000 ---p 00000000 00:00 0 
7f7370000000-7f7370021000 rw-p 00000000 00:00 0 
7f7370021000-7f7374000000 ---p 00000000 00:00 0 
7f7374000000-7f7374311000 rw-p 00000000 00:00 0 
7f7374311000-7f7378000000 ---p 00000000 00:00 0 
7f737a6c7000-7f737a847000 rw-p 00000000 00:00 0 
7f737a847000-7f737a8c7000 ---p 00000000 00:00 0 
7f737a8c7000-7f737aac7000 rw-p 00000000 00:00 0 
7f737aac7000-7f737aacb000 ---p 00000000 00:00 0 
7f737aacb000-7f737abc8000 rw-p 00000000 00:00 0 
7f737abc8000-7f737abcc000 ---p 00000000 00:00 0 
7f737abcc000-7f737acc9000 rw-p 00000000 00:00 0 
7f737b6ce000-7f737b8ce000 rw-p 00000000 00:00 0 
7f737b8ce000-7f737b8d2000 ---p 00000000 00:00 0 
7f737b8d2000-7f737b9cf000 rw-p 00000000 00:00 0 
7f737b9cf000-7f737b9d3000 ---p 00000000 00:00 0 
7f737b9d3000-7f737bad0000 rw-p 00000000 00:00 0 
7f737baff000-7f737bb03000 ---p 00000000 00:00 0 
7f737bb03000-7f737be00000 rw-p 00000000 00:00 0 
7f737be00000-7f737c000000 rw-p 00000000 00:00 0 
7f737c000000-7f737c021000 rw-p 00000000 00:00 0 
7f737c021000-7f7380000000 ---p 00000000 00:00 0 
7f7380000000-7f7380021000 rw-p 00000000 00:00 0 
7f7380021000-7f7384000000 ---p 00000000 00:00 0 
7f7384000000-7f7384021000 rw-p 00000000 00:00 0 
7f7384021000-7f7388000000 ---p 00000000 00:00 0 
7f7388000000-7f7388021000 rw-p 00000000 00:00 0 
7f7388021000-7f738c000000 ---p 00000000 00:00 0 
7f738c000000-7f738c021000 rw-p 00000000 00:00 0 
7f738c021000-7f7390000000 ---p 00000000 00:00 0 
7f7390000000-7f7390021000 rw-p 00000000 00:00 0 
7f7390021000-7f7394000000 ---p 00000000 00:00 0 
7f7394000000-7f7394cb4000 rw-p 00000000 00:00 0 
7f7394cb4000-7f7398000000 ---p 00000000 00:00 0 
7f7398000000-7f7398021000 rw-p 00000000 00:00 0 
7f7398021000-7f739c000000 ---p 00000000 00:00 0 
7f739c000000-7f739cabf000 rw-p 00000000 00:00 0 
7f739cabf000-7f73a0000000 ---p 00000000 00:00 0 
7f73a0000000-7f73a1003000 rw-p 00000000 00:00 0 
7f73a1003000-7f73a4000000 ---p 00000000 00:00 0 
7f73a4000000-7f73a4021000 rw-p 00000000 00:00 0 
7f73a4021000-7f73a8000000 ---p 00000000 00:00 0 
7f73a8000000-7f73a8021000 rw-p 00000000 00:00 0 
7f73a8021000-7f73ac000000 ---p 00000000 00:00 0 
7f73ac000000-7f73ac021000 rw-p 00000000 00:00 0 
7f73ac021000-7f73b0000000 ---p 00000000 00:00 0 
7f73b0000000-7f73b0021000 rw-p 00000000 00:00 0 
7f73b0021000-7f73b4000000 ---p 00000000 00:00 0 
7f73b4000000-7f73b4021000 rw-p 00000000 00:00 0 
7f73b4021000-7f73b8000000 ---p 00000000 00:00 0 
7f73b8000000-7f73b8021000 rw-p 00000000 00:00 0 
7f73b8021000-7f73bc000000 ---p 00000000 00:00 0 
7f73bc07a000-7f73bc07e000 ---p 00000000 00:00 0 
7f73bc07e000-7f73bc37b000 rw-p 00000000 00:00 0 
7f73bc37b000-7f73bc37f000 ---p 00000000 00:00 0 
7f73bc37f000-7f73bc47c000 rw-p 00000000 00:00 0 
7f73bc47c000-7f73bc480000 ---p 00000000 00:00 0 
7f73bc480000-7f73bc57d000 rw-p 00000000 00:00 0 
7f73bc57d000-7f73bc581000 ---p 00000000 00:00 0 
7f73bc581000-7f73bc67e000 rw-p 00000000 00:00 0 
7f73bc67e000-7f73bc683000 r-xp 00000000 08:01 142274                     /usr/lib/x86_64-linux-gnu/libXfixes.so.3.1.0
7f73bc683000-7f73bc882000 ---p 00005000 08:01 142274                     /usr/lib/x86_64-linux-gnu/libXfixes.so.3.1.0
7f73bc882000-7f73bc883000 r--p 00004000 08:01 142274                     /usr/lib/x86_64-linux-gnu/libXfixes.so.3.1.0
7f73bc883000-7f73bc884000 rw-p 00005000 08:01 142274                     /usr/lib/x86_64-linux-gnu/libXfixes.so.3.1.0
7f73bc884000-7f73bc88d000 r-xp 00000000 08:01 142266                     /usr/lib/x86_64-linux-gnu/libXcursor.so.1.0.2
7f73bc88d000-7f73bca8c000 ---p 00009000 08:01 142266                     /usr/lib/x86_64-linux-gnu/libXcursor.so.1.0.2
7f73bca8c000-7f73bca8d000 r--p 00008000 08:01 142266                     /usr/lib/x86_64-linux-gnu/libXcursor.so.1.0.2
7f73bca8d000-7f73bca8e000 rw-p 00009000 08:01 142266                     /usr/lib/x86_64-linux-gnu/libXcursor.so.1.0.2
7f73bca8e000-7f73bca92000 ---p 00000000 00:00 0 
7f73bca92000-7f73bcb8f000 rw-p 00000000 00:00 0 
7f73bcb8f000-7f73bcbb3000 r-xp 00000000 08:01 528792                     /lib/x86_64-linux-gnu/libpng12.so.0.54.0
7f73bcbb3000-7f73bcdb2000 ---p 00024000 08:01 528792                     /lib/x86_64-linux-gnu/libpng12.so.0.54.0
7f73bcdb2000-7f73bcdb3000 r--p 00023000 08:01 528792                     /lib/x86_64-linux-gnu/libpng12.so.0.54.0
7f73bcdb3000-7f73bcdb4000 rw-p 00024000 08:01 528792                     /lib/x86_64-linux-gnu/libpng12.so.0.54.0
7f73bcdb4000-7f73bce58000 r-xp 00000000 08:01 142703                     /usr/lib/x86_64-linux-gnu/libfreetype.so.6.12.1
7f73bce58000-7f73bd057000 ---p 000a4000 08:01 142703                     /usr/lib/x86_64-linux-gnu/libfreetype.so.6.12.1
7f73bd057000-7f73bd05d000 r--p 000a3000 08:01 142703                     /usr/lib/x86_64-linux-gnu/libfreetype.so.6.12.1
7f73bd05d000-7f73bd05e000 rw-p 000a9000 08:01 142703                     /usr/lib/x86_64-linux-gnu/libfreetype.so.6.12.1
7f73bd05e000-7f73bd124000 r-xp 00000000 08:01 669309                     /usr/lib/jvm/java-9-openjdk-amd64/lib/amd64/libfontmanager.so
7f73bd124000-7f73bd323000 ---p 000c6000 08:01 669309                     /usr/lib/jvm/java-9-openjdk-amd64/lib/amd64/libfontmanager.so
7f73bd323000-7f73bd326000 r--p 000c5000 08:01 669309                     /usr/lib/jvm/java-9-openjdk-amd64/lib/amd64/libfontmanager.so
7f73bd326000-7f73bd327000 rw-p 000c8000 08:01 669309                     /usr/lib/jvm/java-9-openjdk-amd64/lib/amd64/libfontmanager.so
7f73bd327000-7f73bd328000 rw-p 00000000 00:00 0 
7f73bd328000-7f73bd32d000 r-xp 00000000 08:01 142270                     /usr/lib/x86_64-linux-gnu/libXdmcp.so.6.0.0
7f73bd32d000-7f73bd52c000 ---p 00005000 08:01 142270                     /usr/lib/x86_64-linux-gnu/libXdmcp.so.6.0.0
7f73bd52c000-7f73bd52d000 r--p 00004000 08:01 142270                     /usr/lib/x86_64-linux-gnu/libXdmcp.so.6.0.0
7f73bd52d000-7f73bd52e000 rw-p 00005000 08:01 142270                     /usr/lib/x86_64-linux-gnu/libXdmcp.so.6.0.0
7f73bd52e000-7f73bd530000 r-xp 00000000 08:01 142259                     /usr/lib/x86_64-linux-gnu/libXau.so.6.0.0
7f73bd530000-7f73bd730000 ---p 00002000 08:01 142259                     /usr/lib/x86_64-linux-gnu/libXau.so.6.0.0
7f73bd730000-7f73bd731000 r--p 00002000 08:01 142259                     /usr/lib/x86_64-linux-gnu/libXau.so.6.0.0
7f73bd731000-7f73bd732000 rw-p 00003000 08:01 142259                     /usr/lib/x86_64-linux-gnu/libXau.so.6.0.0
7f73bd732000-7f73bd753000 r-xp 00000000 08:01 143706                     /usr/lib/x86_64-linux-gnu/libxcb.so.1.1.0
7f73bd753000-7f73bd952000 ---p 00021000 08:01 143706                     /usr/lib/x86_64-linux-gnu/libxcb.so.1.1.0
7f73bd952000-7f73bd953000 r--p 00020000 08:01 143706                     /usr/lib/x86_64-linux-gnu/libxcb.so.1.1.0
7f73bd953000-7f73bd954000 rw-p 00021000 08:01 143706                     /usr/lib/x86_64-linux-gnu/libxcb.so.1.1.0
7f73bd954000-7f73bd963000 r-xp 00000000 08:01 142280                     /usr/lib/x86_64-linux-gnu/libXi.so.6.1.0
7f73bd963000-7f73bdb62000 ---p 0000f000 08:01 142280                     /usr/lib/x86_64-linux-gnu/libXi.so.6.1.0
7f73bdb62000-7f73bdb63000 r--p 0000e000 08:01 142280                     /usr/lib/x86_64-linux-gnu/libXi.so.6.1.0
7f73bdb63000-7f73bdb64000 rw-p 0000f000 08:01 142280                     /usr/lib/x86_64-linux-gnu/libXi.so.6.1.0
7f73bdb64000-7f73bdb69000 r-xp 00000000 08:01 142298                     /usr/lib/x86_64-linux-gnu/libXtst.so.6.1.0
7f73bdb69000-7f73bdd68000 ---p 00005000 08:01 142298                     /usr/lib/x86_64-linux-gnu/libXtst.so.6.1.0
7f73bdd68000-7f73bdd69000 r--p 00004000 08:01 142298                     /usr/lib/x86_64-linux-gnu/libXtst.so.6.1.0
7f73bdd69000-7f73bdd6a000 rw-p 00005000 08:01 142298                     /usr/lib/x86_64-linux-gnu/libXtst.so.6.1.0
7f73bdd6a000-7f73bdd73000 r-xp 00000000 08:01 142292                     /usr/lib/x86_64-linux-gnu/libXrender.so.1.3.0
7f73bdd73000-7f73bdf72000 ---p 00009000 08:01 142292                     /usr/lib/x86_64-linux-gnu/libXrender.so.1.3.0
7f73bdf72000-7f73bdf73000 r--p 00008000 08:01 142292                     /usr/lib/x86_64-linux-gnu/libXrender.so.1.3.0
7f73bdf73000-7f73bdf74000 rw-p 00009000 08:01 142292                     /usr/lib/x86_64-linux-gnu/libXrender.so.1.3.0
7f73bdf74000-7f73be0a9000 r-xp 00000000 08:01 142255                     /usr/lib/x86_64-linux-gnu/libX11.so.6.3.0
7f73be0a9000-7f73be2a9000 ---p 00135000 08:01 142255                     /usr/lib/x86_64-linux-gnu/libX11.so.6.3.0
7f73be2a9000-7f73be2aa000 r--p 00135000 08:01 142255                     /usr/lib/x86_64-linux-gnu/libX11.so.6.3.0
7f73be2aa000-7f73be2ae000 rw-p 00136000 08:01 142255                     /usr/lib/x86_64-linux-gnu/libX11.so.6.3.0
7f73be2ae000-7f73be2bf000 r-xp 00000000 08:01 142272                     /usr/lib/x86_64-linux-gnu/libXext.so.6.4.0
7f73be2bf000-7f73be4be000 ---p 00011000 08:01 142272                     /usr/lib/x86_64-linux-gnu/libXext.so.6.4.0
7f73be4be000-7f73be4bf000 r--p 00010000 08:01 142272                     /usr/lib/x86_64-linux-gnu/libXext.so.6.4.0
7f73be4bf000-7f73be4c0000 rw-p 00011000 08:01 142272                     /usr/lib/x86_64-linux-gnu/libXext.so.6.4.0
7f73be4c0000-7f73be517000 r-xp 00000000 08:01 669336                     /usr/lib/jvm/java-9-openjdk-amd64/lib/amd64/libawt_xawt.so
7f73be517000-7f73be717000 ---p 00057000 08:01 669336                     /usr/lib/jvm/java-9-openjdk-amd64/lib/amd64/libawt_xawt.so
7f73be717000-7f73be718000 r--p 00057000 08:01 669336                     /usr/lib/jvm/java-9-openjdk-amd64/lib/amd64/libawt_xawt.so
7f73be718000-7f73be71b000 rw-p 00058000 08:01 669336                     /usr/lib/jvm/java-9-openjdk-amd64/lib/amd64/libawt_xawt.so
7f73be71b000-7f73be71c000 rw-p 00000000 00:00 0 
7f73be71c000-7f73be7bc000 r-xp 00000000 08:01 669308                     /usr/lib/jvm/java-9-openjdk-amd64/lib/amd64/libawt.so
7f73be7bc000-7f73be9bb000 ---p 000a0000 08:01 669308                     /usr/lib/jvm/java-9-openjdk-amd64/lib/amd64/libawt.so
7f73be9bb000-7f73be9bc000 r--p 0009f000 08:01 669308                     /usr/lib/jvm/java-9-openjdk-amd64/lib/amd64/libawt.so
7f73be9bc000-7f73be9c7000 rw-p 000a0000 08:01 669308                     /usr/lib/jvm/java-9-openjdk-amd64/lib/amd64/libawt.so
7f73be9c7000-7f73be9ec000 rw-p 00000000 00:00 0 
7f73be9ec000-7f73be9ed000 ---p 00000000 00:00 0 
7f73be9ed000-7f73beaed000 rw-p 00000000 00:00 0 
7f73beaed000-7f73beaf1000 ---p 00000000 00:00 0 
7f73beaf1000-7f73bebee000 rw-p 00000000 00:00 0 
7f73bebee000-7f73bebf2000 ---p 00000000 00:00 0 
7f73bebf2000-7f73beff0000 rw-p 00000000 00:00 0 
7f73beff0000-7f73bf006000 r-xp 00000000 08:01 669310                     /usr/lib/jvm/java-9-openjdk-amd64/lib/amd64/libnet.so
7f73bf006000-7f73bf205000 ---p 00016000 08:01 669310                     /usr/lib/jvm/java-9-openjdk-amd64/lib/amd64/libnet.so
7f73bf205000-7f73bf206000 r--p 00015000 08:01 669310                     /usr/lib/jvm/java-9-openjdk-amd64/lib/amd64/libnet.so
7f73bf206000-7f73bf207000 rw-p 00016000 08:01 669310                     /usr/lib/jvm/java-9-openjdk-amd64/lib/amd64/libnet.so
7f73bf207000-7f73bf218000 r-xp 00000000 08:01 669337                     /usr/lib/jvm/java-9-openjdk-amd64/lib/amd64/libnio.so
7f73bf218000-7f73bf418000 ---p 00011000 08:01 669337                     /usr/lib/jvm/java-9-openjdk-amd64/lib/amd64/libnio.so
7f73bf418000-7f73bf419000 r--p 00011000 08:01 669337                     /usr/lib/jvm/java-9-openjdk-amd64/lib/amd64/libnio.so
7f73bf419000-7f73bf41a000 rw-p 00012000 08:01 669337                     /usr/lib/jvm/java-9-openjdk-amd64/lib/amd64/libnio.so
7f73bf41a000-7f73bf41e000 ---p 00000000 00:00 0 
7f73bf41e000-7f73bf51b000 rw-p 00000000 00:00 0 
7f73bf51b000-7f73bf51f000 ---p 00000000 00:00 0 
7f73bf51f000-7f73bf61c000 rw-p 00000000 00:00 0 
7f73bf61c000-7f73bf620000 ---p 00000000 00:00 0 
7f73bf620000-7f73bf71d000 rw-p 00000000 00:00 0 
7f73bf71d000-7f73bf721000 ---p 00000000 00:00 0 
7f73bf721000-7f73bf81e000 rw-p 00000000 00:00 0 
7f73bf81e000-7f73bf822000 ---p 00000000 00:00 0 
7f73bf822000-7f73bf91f000 rw-p 00000000 00:00 0 
7f73bf91f000-7f73bf923000 ---p 00000000 00:00 0 
7f73bf923000-7f73bfa20000 rw-p 00000000 00:00 0 
7f73bfa20000-7f73bfcfd000 r--p 00000000 08:01 140185                     /usr/lib/locale/locale-archive
7f73bfcfd000-7f73bfd01000 ---p 00000000 00:00 0 
7f73bfd01000-7f73bfdfe000 rw-p 00000000 00:00 0 
7f73bfdfe000-7f73bfe02000 ---p 00000000 00:00 0 
7f73bfe02000-7f73bfeff000 rw-p 00000000 00:00 0 
7f73bfeff000-7f73bff00000 ---p 00000000 00:00 0 
7f73bff00000-7f73c0000000 rw-p 00000000 00:00 0 
7f73c0000000-7f73c0021000 rw-p 00000000 00:00 0 
7f73c0021000-7f73c4000000 ---p 00000000 00:00 0 
7f73c40b9000-7f73c40c0000 r--s 00000000 08:06 784244                     /var/cache/fontconfig/4be9850f182b35c1350b6bbf2e42601c-le64.cache-6
7f73c40c0000-7f73c40c2000 r--s 00000000 08:06 784243                     /var/cache/fontconfig/30a99c4256905863f7aa12b5e873c27c-le64.cache-6
7f73c40c2000-7f73c40c3000 r--s 00000000 08:06 784242                     /var/cache/fontconfig/087e1975ba9a574b140bb1df193bf770-le64.cache-6
7f73c40c3000-7f73c40c7000 r--s 00000000 08:06 784241                     /var/cache/fontconfig/6aa41aa22e18b8fa06a12da28ea9c28b-le64.cache-6
7f73c40c7000-7f73c40d2000 r--s 00000000 08:06 783456                     /var/cache/fontconfig/945677eb7aeaf62f1d50efc3fb3ec7d8-le64.cache-6
7f73c40d2000-7f73c40d4000 r--s 00000000 08:06 783458                     /var/cache/fontconfig/99e8ed0e538f840c565b6ed5dad60d56-le64.cache-6
7f73c40d4000-7f73c40da000 r--s 00000000 08:06 783427                     /var/cache/fontconfig/2cd17615ca594fa2959ae173292e504c-le64.cache-6
7f73c40da000-7f73c40db000 r--s 00000000 08:06 783420                     /var/cache/fontconfig/0d8c3b2ac0904cb8a57a757ad11a4a08-le64.cache-6
7f73c40db000-7f73c40f0000 r--s 00000000 08:06 783417                     /var/cache/fontconfig/04aabc0a78ac019cf9454389977116d2-le64.cache-6
7f73c40f0000-7f73c62e8000 rw-p 00000000 00:00 0 
7f73c62e8000-7f73c8000000 ---p 00000000 00:00 0 
7f73c8000000-7f73c8021000 rw-p 00000000 00:00 0 
7f73c8021000-7f73cc000000 ---p 00000000 00:00 0 
7f73cc000000-7f73cc021000 rw-p 00000000 00:00 0 
7f73cc021000-7f73d0000000 ---p 00000000 00:00 0 
7f73d0000000-7f73d0001000 r--s 00000000 08:06 783424                     /var/cache/fontconfig/1ac9eb803944fde146138c791f5cc56a-le64.cache-6
7f73d0001000-7f73d0005000 r--s 00000000 08:06 783432                     /var/cache/fontconfig/385c0604a188198f04d133e54aba7fe7-le64.cache-6
7f73d0005000-7f73d0006000 r--s 00000000 08:06 784240                     /var/cache/fontconfig/9c956a7723ca69a44b382d9179c9802f-le64.cache-6
7f73d0006000-7f73d0007000 r--s 00000000 08:06 783477                     /var/cache/fontconfig/dc05db6664285cc2f12bf69c139ae4c3-le64.cache-6
7f73d0007000-7f73d0009000 r--s 00000000 08:06 783421                     /var/cache/fontconfig/14a5e22175779b556eaa434240950366-le64.cache-6
7f73d0009000-7f73d000a000 r--s 00000000 08:06 783448                     /var/cache/fontconfig/660208299946a285a940457d1287da33-le64.cache-6
7f73d000a000-7f73d000b000 r--s 00000000 08:06 784238                     /var/cache/fontconfig/5d1cca7074f29429a8d18692746c2426-le64.cache-6
7f73d000b000-7f73d000d000 r--s 00000000 08:06 783439                     /var/cache/fontconfig/4f3e3037c9980c83b53a9351efadef62-le64.cache-6
7f73d000d000-7f73d0010000 r--s 00000000 08:06 783452                     /var/cache/fontconfig/767a8244fc0220cfb567a839d0392e0b-le64.cache-6
7f73d0010000-7f73d0011000 r--s 00000000 08:06 784032                     /var/cache/fontconfig/4794a0821666d79190d59a36cb4f44b5-le64.cache-6
7f73d0011000-7f73d0012000 r--s 00000000 08:06 784237                     /var/cache/fontconfig/9eae20f1ff8cc0a7d125749e875856bd-le64.cache-6
7f73d0012000-7f73d0052000 r--s 00000000 08:06 783418                     /var/cache/fontconfig/0bd3dc0958fa2205aaaa8ebb13e2872b-le64.cache-6
7f73d0052000-7f73d0055000 r--s 00000000 08:06 784236                     /var/cache/fontconfig/bf2c1853a9e9b00bb02fe2e9bcf1e201-le64.cache-6
7f73d0055000-7f73d005a000 r--s 00000000 08:06 783455                     /var/cache/fontconfig/8801497958630a81b71ace7c5f9b32a8-le64.cache-6
7f73d005a000-7f73d005d000 r--s 00000000 08:06 783461                     /var/cache/fontconfig/a015930274ffcd967d2ca1b57da47cc7-le64.cache-6
7f73d005d000-7f73d005e000 r--s 00000000 08:06 783465                     /var/cache/fontconfig/b872e6e592da6075ffa4ab0a1fcc0c75-le64.cache-6
7f73d005e000-7f73d005f000 r--s 00000000 08:06 783482                     /var/cache/fontconfig/f6d4eedfaab2589bde49f7a3ff831d22-le64.cache-6
7f73d005f000-7f73d0060000 r--s 00000000 08:06 783446                     /var/cache/fontconfig/589f83ef4c36d296ce6e1c846f468f08-le64.cache-6
7f73d0060000-7f73d0061000 r--s 00000000 08:06 783467                     /var/cache/fontconfig/bab58bb527bb656aaa9f116d68a48d89-le64.cache-6
7f73d0061000-7f73d0062000 r--s 00000000 08:06 783425                     /var/cache/fontconfig/2171a34dccabdb6bcbbc728186263178-le64.cache-6
7f73d0062000-7f73d0063000 r--s 00000000 08:06 783468                     /var/cache/fontconfig/c5c45a61289222e0d30b1a26ef4effbe-le64.cache-6
7f73d0063000-7f73d0064000 r--s 00000000 08:06 783463                     /var/cache/fontconfig/aec30016f93e1b46d1a973dce0d74068-le64.cache-6
7f73d0064000-7f73d0065000 r--s 00000000 08:06 783433                     /var/cache/fontconfig/3f589640d34b7dc9042c8d453f7c8b9c-le64.cache-6
7f73d0065000-7f73d0066000 r--s 00000000 08:06 783422                     /var/cache/fontconfig/16c2fda60d1b4b719f4b3d06fd951d25-le64.cache-6
7f73d0066000-7f73d0067000 r--s 00000000 08:06 783462                     /var/cache/fontconfig/a48eab177a16e4f3713381162db2f3e9-le64.cache-6
7f73d0067000-7f73d0068000 r--s 00000000 08:06 783442                     /var/cache/fontconfig/564b2e68ac9bc4e36a6f7f6d6125ec1c-le64.cache-6
7f73d0068000-7f73d006f000 r--s 00000000 08:06 783428                     /var/cache/fontconfig/3047814df9a2f067bd2d96a2b9c36e5a-le64.cache-6
7f73d006f000-7f73d0077000 r--s 00000000 08:06 784235                     /var/cache/fontconfig/bf3b770c553c462765856025a94f1ce6-le64.cache-6
7f73d0077000-7f73d0078000 r--s 00000000 08:06 783443                     /var/cache/fontconfig/56cf4f4769d0f4abc89a4895d7bd3ae1-le64.cache-6
7f73d0078000-7f73d0079000 r--s 00000000 08:06 783466                     /var/cache/fontconfig/b9d506c9ac06c20b433354fa67a72993-le64.cache-6
7f73d0079000-7f73d007f000 r--s 00000000 08:06 783464                     /var/cache/fontconfig/b47c4e1ecd0709278f4910c18777a504-le64.cache-6
7f73d007f000-7f73d0082000 r--s 00000000 08:06 784234                     /var/cache/fontconfig/14d493b97896515cad3840ba4896e372-le64.cache-6
7f73d0082000-7f73d0085000 r--s 00000000 08:06 784233                     /var/cache/fontconfig/e49e89034d371f0f9de17aab02136486-le64.cache-6
7f73d0085000-7f73d0087000 r--s 00000000 08:06 784232                     /var/cache/fontconfig/4b14b093aebc79c320de5e86ae1d3314-le64.cache-6
7f73d0087000-7f73d009a000 r--s 00000000 08:06 783474                     /var/cache/fontconfig/d52a8644073d54c13679302ca1180695-le64.cache-6
7f73d009a000-7f73d009b000 r--s 00000000 08:06 783430                     /var/cache/fontconfig/370e5b74bf5dafc30834de68e24a87a4-le64.cache-6
7f73d009b000-7f73d009c000 r--s 00000000 08:06 783450                     /var/cache/fontconfig/6b2c5944714ca7831b25bed9e85cb5c8-le64.cache-6
7f73d009c000-7f73d009d000 r--s 00000000 08:06 783473                     /var/cache/fontconfig/d5178ab6d91b49bf20a416737dcea9e8-le64.cache-6
7f73d009d000-7f73d009e000 r--s 00000000 08:06 783441                     /var/cache/fontconfig/551ecf3b0e8b0bca0f25c0944f561853-le64.cache-6
7f73d009e000-7f73d00a1000 r--s 00000000 08:06 783481                     /var/cache/fontconfig/f259c2cffa685e28062317905db73c4a-le64.cache-6
7f73d00a1000-7f73d00a3000 r--s 00000000 08:06 783440                     /var/cache/fontconfig/550f3886151c940c12a5ed35f6a00586-le64.cache-6
7f73d00a3000-7f73d00a6000 r--s 00000000 08:06 783449                     /var/cache/fontconfig/674d1711f2d1d2a09646eb0bdcadee49-le64.cache-6
7f73d00a6000-7f73d00a7000 r--s 00000000 08:06 784231                     /var/cache/fontconfig/8a687c406b77f27d99abfeeba937fcce-le64.cache-6
7f73d00a7000-7f73d00ac000 r--s 00000000 08:06 784230                     /var/cache/fontconfig/75ad6aa2358a85f0de2c8ee4837e8227-le64.cache-6
7f73d00ac000-7f73d00ae000 r--s 00000000 08:06 784229                     /var/cache/fontconfig/65f976e5259cbe6dc7697b8648396239-le64.cache-6
7f73d00ae000-7f73d00b9000 r--s 00000000 08:06 783475                     /var/cache/fontconfig/d589a48862398ed80a3d6066f4f56f4c-le64.cache-6
7f73d00b9000-7f73d00bd000 r--s 00000000 08:06 784228                     /var/cache/fontconfig/246184dc75a16901ca37d96895904249-le64.cache-6
7f73d00bd000-7f73d00be000 r--s 00000000 08:06 784227                     /var/cache/fontconfig/94f7fe9bd33aadfac165873bd010d595-le64.cache-6
7f73d00be000-7f73d00c0000 r--s 00000000 08:06 784226                     /var/cache/fontconfig/423767150eb258c59035de29db6fca84-le64.cache-6
7f73d00c0000-7f73d00c1000 r--s 00000000 08:06 784225                     /var/cache/fontconfig/e7de81b01590fb7e12b38e274e17d0db-le64.cache-6
7f73d00c1000-7f73d00c2000 r--s 00000000 08:06 784224                     /var/cache/fontconfig/406a1d2d2bf3ed7664fbadefac0b2f66-le64.cache-6
7f73d00c2000-7f73d00c4000 r--s 00000000 08:06 784223                     /var/cache/fontconfig/67709b7835c0f764c1135060c9575660-le64.cache-6
7f73d00c4000-7f73d00c5000 r--s 00000000 08:06 783429                     /var/cache/fontconfig/30829fa25452a46451e813d634d7f916-le64.cache-6
7f73d00c5000-7f73d00d3000 r--s 00000000 08:06 784222                     /var/cache/fontconfig/198d8fcf01c96d0cf813f74fd759bdb7-le64.cache-6
7f73d00d3000-7f73d00d4000 r--s 00000000 08:06 783419                     /var/cache/fontconfig/0c9eb80ebd1c36541ebe2852d3bb0c49-le64.cache-6
7f73d00d4000-7f73d00df000 r--s 00000000 08:06 784219                     /var/cache/fontconfig/83bf95040141907cd45bb53cf7c1c148-le64.cache-6
7f73d00df000-7f73d00f1000 r--s 00000000 08:06 783459                     /var/cache/fontconfig/9b89f8e3dae116d678bbf48e5f21f69b-le64.cache-6
7f73d00f1000-7f73d0967000 rw-p 00000000 00:00 0 
7f73d0967000-7f73d0e65000 rw-p 00000000 00:00 0 
7f73d0e65000-7f73d0e66000 ---p 00000000 00:00 0 
7f73d0e66000-7f73d0f66000 rw-p 00000000 00:00 0 
7f73d0f66000-7f73d0f67000 ---p 00000000 00:00 0 
7f73d0f67000-7f73d125f000 rw-p 00000000 00:00 0 
7f73d125f000-7f73d2f77000 ---p 00000000 00:00 0 
7f73d2f77000-7f73d2fb6000 rw-p 00000000 00:00 0 
7f73d2fb6000-7f73d3359000 ---p 00000000 00:00 0 
7f73d3359000-7f73d3398000 rw-p 00000000 00:00 0 
7f73d3398000-7f73d3b1d000 ---p 00000000 00:00 0 
7f73d3b1d000-7f73d3b5c000 rw-p 00000000 00:00 0 
7f73d3b5c000-7f73d3eff000 ---p 00000000 00:00 0 
7f73d3eff000-7f73d3f00000 ---p 00000000 00:00 0 
7f73d3f00000-7f73d4000000 rw-p 00000000 00:00 0 
7f73d4000000-7f73d4021000 rw-p 00000000 00:00 0 
7f73d4021000-7f73d8000000 ---p 00000000 00:00 0 
7f73d8000000-7f73d8021000 rw-p 00000000 00:00 0 
7f73d8021000-7f73dc000000 ---p 00000000 00:00 0 
7f73dc000000-7f73dc021000 rw-p 00000000 00:00 0 
7f73dc021000-7f73e0000000 ---p 00000000 00:00 0 
7f73e0000000-7f73e0021000 rw-p 00000000 00:00 0 
7f73e0021000-7f73e4000000 ---p 00000000 00:00 0 
7f73e4000000-7f73e4021000 rw-p 00000000 00:00 0 
7f73e4021000-7f73e8000000 ---p 00000000 00:00 0 
7f73e8000000-7f73e8021000 rw-p 00000000 00:00 0 
7f73e8021000-7f73ec000000 ---p 00000000 00:00 0 
7f73ec000000-7f73ec021000 rw-p 00000000 00:00 0 
7f73ec021000-7f73f0000000 ---p 00000000 00:00 0 
7f73f0000000-7f73f0001000 r--s 00000000 08:06 783426                     /var/cache/fontconfig/22368d551a680bfe5a62c02760edf4ea-le64.cache-6
7f73f0001000-7f73f0002000 r--s 00000000 08:06 783438                     /var/cache/fontconfig/4d9c95eba1cb85bbcf2878543262124a-le64.cache-6
7f73f0002000-7f73f0003000 r--s 00000000 08:06 783454                     /var/cache/fontconfig/85e0a52ce643a7ba2ae53e5d6949cead-le64.cache-6
7f73f0003000-7f73f0004000 r--s 00000000 08:06 783435                     /var/cache/fontconfig/49f0de54bdd920fe4f0dfd4cbac43e6b-le64.cache-6
7f73f0004000-7f73f0007000 r--s 00000000 08:06 784220                     /var/cache/fontconfig/75114ca45c98e8a441da0ff356701271-le64.cache-6
7f73f0007000-7f73f00df000 rw-p 00000000 00:00 0 
7f73f00df000-7f73f00e0000 ---p 00000000 00:00 0 
7f73f00e0000-7f73f01e0000 rw-p 00000000 00:00 0 
7f73f01e0000-7f73f01e1000 ---p 00000000 00:00 0 
7f73f01e1000-7f73f02e1000 rw-p 00000000 00:00 0 
7f73f02e1000-7f73f02e2000 ---p 00000000 00:00 0 
7f73f02e2000-7f73f03e2000 rw-p 00000000 00:00 0 
7f73f03e2000-7f73f03e3000 ---p 00000000 00:00 0 
7f73f03e3000-7f73f08e7000 rw-p 00000000 00:00 0 
7f73f08e7000-7f73f08e8000 ---p 00000000 00:00 0 
7f73f08e8000-7f73f09e8000 rw-p 00000000 00:00 0 
7f73f09e8000-7f73f09e9000 ---p 00000000 00:00 0 
7f73f09e9000-7f73f0ae9000 rw-p 00000000 00:00 0 
7f73f0ae9000-7f73f0aea000 ---p 00000000 00:00 0 
7f73f0aea000-7f73f0bea000 rw-p 00000000 00:00 0 
7f73f0bea000-7f73f0beb000 ---p 00000000 00:00 0 
7f73f0beb000-7f73f0cf0000 rw-p 00000000 00:00 0 
7f73f0cf0000-7f73f0dd6000 ---p 00000000 00:00 0 
7f73f0dd6000-7f73f1046000 rwxp 00000000 00:00 0 
7f73f1046000-7f73f1366000 ---p 00000000 00:00 0 
7f73f1366000-7f73f1856000 rwxp 00000000 00:00 0 
7f73f1856000-7f73f889e000 ---p 00000000 00:00 0 
7f73f889e000-7f73f8b0e000 rwxp 00000000 00:00 0 
7f73f8b0e000-7f73ffdd6000 ---p 00000000 00:00 0 
7f73ffdd6000-7f7407185000 r--s 00000000 08:01 669294                     /usr/lib/jvm/java-9-openjdk-amd64/lib/modules
7f7407185000-7f740718a000 r-xp 00000000 08:01 669324                     /usr/lib/jvm/java-9-openjdk-amd64/lib/amd64/libjimage.so
7f740718a000-7f7407389000 ---p 00005000 08:01 669324                     /usr/lib/jvm/java-9-openjdk-amd64/lib/amd64/libjimage.so
7f7407389000-7f740738a000 r--p 00004000 08:01 669324                     /usr/lib/jvm/java-9-openjdk-amd64/lib/amd64/libjimage.so
7f740738a000-7f740738b000 rw-p 00005000 08:01 669324                     /usr/lib/jvm/java-9-openjdk-amd64/lib/amd64/libjimage.so
7f740738b000-7f7407392000 r-xp 00000000 08:01 669320                     /usr/lib/jvm/java-9-openjdk-amd64/lib/amd64/libzip.so
7f7407392000-7f7407591000 ---p 00007000 08:01 669320                     /usr/lib/jvm/java-9-openjdk-amd64/lib/amd64/libzip.so
7f7407591000-7f7407592000 r--p 00006000 08:01 669320                     /usr/lib/jvm/java-9-openjdk-amd64/lib/amd64/libzip.so
7f7407592000-7f7407593000 rw-p 00007000 08:01 669320                     /usr/lib/jvm/java-9-openjdk-amd64/lib/amd64/libzip.so
7f7407593000-7f740759e000 r-xp 00000000 08:01 528750                     /lib/x86_64-linux-gnu/libnss_files-2.23.so
7f740759e000-7f740779d000 ---p 0000b000 08:01 528750                     /lib/x86_64-linux-gnu/libnss_files-2.23.so
7f740779d000-7f740779e000 r--p 0000a000 08:01 528750                     /lib/x86_64-linux-gnu/libnss_files-2.23.so
7f740779e000-7f740779f000 rw-p 0000b000 08:01 528750                     /lib/x86_64-linux-gnu/libnss_files-2.23.so
7f740779f000-7f74077a5000 rw-p 00000000 00:00 0 
7f74077a5000-7f74077b0000 r-xp 00000000 08:01 528760                     /lib/x86_64-linux-gnu/libnss_nis-2.23.so
7f74077b0000-7f74079af000 ---p 0000b000 08:01 528760                     /lib/x86_64-linux-gnu/libnss_nis-2.23.so
7f74079af000-7f74079b0000 r--p 0000a000 08:01 528760                     /lib/x86_64-linux-gnu/libnss_nis-2.23.so
7f74079b0000-7f74079b1000 rw-p 0000b000 08:01 528760                     /lib/x86_64-linux-gnu/libnss_nis-2.23.so
7f74079b1000-7f74079c7000 r-xp 00000000 08:01 528744                     /lib/x86_64-linux-gnu/libnsl-2.23.so
7f74079c7000-7f7407bc6000 ---p 00016000 08:01 528744                     /lib/x86_64-linux-gnu/libnsl-2.23.so
7f7407bc6000-7f7407bc7000 r--p 00015000 08:01 528744                     /lib/x86_64-linux-gnu/libnsl-2.23.so
7f7407bc7000-7f7407bc8000 rw-p 00016000 08:01 528744                     /lib/x86_64-linux-gnu/libnsl-2.23.so
7f7407bc8000-7f7407bca000 rw-p 00000000 00:00 0 
7f7407bca000-7f7407bd2000 r-xp 00000000 08:01 528746                     /lib/x86_64-linux-gnu/libnss_compat-2.23.so
7f7407bd2000-7f7407dd1000 ---p 00008000 08:01 528746                     /lib/x86_64-linux-gnu/libnss_compat-2.23.so
7f7407dd1000-7f7407dd2000 r--p 00007000 08:01 528746                     /lib/x86_64-linux-gnu/libnss_compat-2.23.so
7f7407dd2000-7f7407dd3000 rw-p 00008000 08:01 528746                     /lib/x86_64-linux-gnu/libnss_compat-2.23.so
7f7407dd3000-7f7407dfe000 r-xp 00000000 08:01 669303                     /usr/lib/jvm/java-9-openjdk-amd64/lib/amd64/libjava.so
7f7407dfe000-7f7407ffd000 ---p 0002b000 08:01 669303                     /usr/lib/jvm/java-9-openjdk-amd64/lib/amd64/libjava.so
7f7407ffd000-7f7407ffe000 r--p 0002a000 08:01 669303                     /usr/lib/jvm/java-9-openjdk-amd64/lib/amd64/libjava.so
7f7407ffe000-7f7408000000 rw-p 0002b000 08:01 669303                     /usr/lib/jvm/java-9-openjdk-amd64/lib/amd64/libjava.so
7f7408000000-7f7408449000 rw-p 00000000 00:00 0 
7f7408449000-7f740c000000 ---p 00000000 00:00 0 
7f740c000000-7f740c001000 r--s 00000000 08:06 783483                     /var/cache/fontconfig/f6e6e0a5c3d2f6ae0c0c2e0ecd42a997-le64.cache-6
7f740c001000-7f740c002000 r--s 00000000 08:06 783436                     /var/cache/fontconfig/4b2eda6bb976bda485cb2176619421d5-le64.cache-6
7f740c002000-7f740c00b000 r--s 00000000 08:06 783471                     /var/cache/fontconfig/d0972c3d32f097851eb916381fc38920-le64.cache-6
7f740c00b000-7f740c012000 r--s 00000000 08:06 784216                     /var/cache/fontconfig/53d14c92082a93e67d5078324eb314ca-le64.cache-6
7f740c012000-7f740c016000 r--s 00000000 08:06 784215                     /var/cache/fontconfig/6c08beecf0dac481ec92e759e0c2e6d7-le64.cache-6
7f740c016000-7f740c01a000 r--s 00000000 08:06 784214                     /var/cache/fontconfig/4d6aee6d44eccb37054d3216e945f618-le64.cache-6
7f740c01a000-7f740c01e000 r--s 00000000 08:06 784213                     /var/cache/fontconfig/d6c6df98c3df5faf9bd0f8ef4d91efe5-le64.cache-6
7f740c01e000-7f740c022000 r--s 00000000 08:06 784212                     /var/cache/fontconfig/9fb319ef52839f11ee26ab8b4cffa12b-le64.cache-6
7f740c022000-7f740c035000 r--s 00000000 08:06 784210                     /var/cache/fontconfig/4ac51e5cfbc76fc3f983e470323a16d3-le64.cache-6
7f740c035000-7f740c04b000 r--s 00000000 08:06 784205                     /var/cache/fontconfig/e13b20fdb08344e0e664864cc2ede53d-le64.cache-6
7f740c04b000-7f740c0d2000 rw-p 00000000 00:00 0 
7f740c0d2000-7f740c1b3000 ---p 00000000 00:00 0 
7f740c1b3000-7f740c1c0000 r-xp 00000000 08:01 669304                     /usr/lib/jvm/java-9-openjdk-amd64/lib/amd64/libverify.so
7f740c1c0000-7f740c3bf000 ---p 0000d000 08:01 669304                     /usr/lib/jvm/java-9-openjdk-amd64/lib/amd64/libverify.so
7f740c3bf000-7f740c3c1000 r--p 0000c000 08:01 669304                     /usr/lib/jvm/java-9-openjdk-amd64/lib/amd64/libverify.so
7f740c3c1000-7f740c3c2000 rw-p 0000e000 08:01 669304                     /usr/lib/jvm/java-9-openjdk-amd64/lib/amd64/libverify.so
7f740c3c2000-7f740c3c9000 r-xp 00000000 08:01 528805                     /lib/x86_64-linux-gnu/librt-2.23.so
7f740c3c9000-7f740c5c8000 ---p 00007000 08:01 528805                     /lib/x86_64-linux-gnu/librt-2.23.so
7f740c5c8000-7f740c5c9000 r--p 00006000 08:01 528805                     /lib/x86_64-linux-gnu/librt-2.23.so
7f740c5c9000-7f740c5ca000 rw-p 00007000 08:01 528805                     /lib/x86_64-linux-gnu/librt-2.23.so
7f740c5ca000-7f740c5e0000 r-xp 00000000 08:01 528689                     /lib/x86_64-linux-gnu/libgcc_s.so.1
7f740c5e0000-7f740c7df000 ---p 00016000 08:01 528689                     /lib/x86_64-linux-gnu/libgcc_s.so.1
7f740c7df000-7f740c7e0000 rw-p 00015000 08:01 528689                     /lib/x86_64-linux-gnu/libgcc_s.so.1
7f740c7e0000-7f740c8e8000 r-xp 00000000 08:01 528721                     /lib/x86_64-linux-gnu/libm-2.23.so
7f740c8e8000-7f740cae7000 ---p 00108000 08:01 528721                     /lib/x86_64-linux-gnu/libm-2.23.so
7f740cae7000-7f740cae8000 r--p 00107000 08:01 528721                     /lib/x86_64-linux-gnu/libm-2.23.so
7f740cae8000-7f740cae9000 rw-p 00108000 08:01 528721                     /lib/x86_64-linux-gnu/libm-2.23.so
7f740cae9000-7f740cc5b000 r-xp 00000000 08:01 143477                     /usr/lib/x86_64-linux-gnu/libstdc++.so.6.0.21
7f740cc5b000-7f740ce5b000 ---p 00172000 08:01 143477                     /usr/lib/x86_64-linux-gnu/libstdc++.so.6.0.21
7f740ce5b000-7f740ce65000 r--p 00172000 08:01 143477                     /usr/lib/x86_64-linux-gnu/libstdc++.so.6.0.21
7f740ce65000-7f740ce67000 rw-p 0017c000 08:01 143477                     /usr/lib/x86_64-linux-gnu/libstdc++.so.6.0.21
7f740ce67000-7f740ce6b000 rw-p 00000000 00:00 0 
7f740ce6b000-7f740dcc9000 r-xp 00000000 08:01 669317                     /usr/lib/jvm/java-9-openjdk-amd64/lib/amd64/server/libjvm.so
7f740dcc9000-7f740dec9000 ---p 00e5e000 08:01 669317                     /usr/lib/jvm/java-9-openjdk-amd64/lib/amd64/server/libjvm.so
7f740dec9000-7f740df7b000 r--p 00e5e000 08:01 669317                     /usr/lib/jvm/java-9-openjdk-amd64/lib/amd64/server/libjvm.so
7f740df7b000-7f740dfad000 rw-p 00f10000 08:01 669317                     /usr/lib/jvm/java-9-openjdk-amd64/lib/amd64/server/libjvm.so
7f740dfad000-7f740dff2000 rw-p 00000000 00:00 0 
7f740dff2000-7f740e00a000 r-xp 00000000 08:01 528797                     /lib/x86_64-linux-gnu/libpthread-2.23.so
7f740e00a000-7f740e209000 ---p 00018000 08:01 528797                     /lib/x86_64-linux-gnu/libpthread-2.23.so
7f740e209000-7f740e20a000 r--p 00017000 08:01 528797                     /lib/x86_64-linux-gnu/libpthread-2.23.so
7f740e20a000-7f740e20b000 rw-p 00018000 08:01 528797                     /lib/x86_64-linux-gnu/libpthread-2.23.so
7f740e20b000-7f740e20f000 rw-p 00000000 00:00 0 
7f740e20f000-7f740e212000 r-xp 00000000 08:01 528675                     /lib/x86_64-linux-gnu/libdl-2.23.so
7f740e212000-7f740e411000 ---p 00003000 08:01 528675                     /lib/x86_64-linux-gnu/libdl-2.23.so
7f740e411000-7f740e412000 r--p 00002000 08:01 528675                     /lib/x86_64-linux-gnu/libdl-2.23.so
7f740e412000-7f740e413000 rw-p 00003000 08:01 528675                     /lib/x86_64-linux-gnu/libdl-2.23.so
7f740e413000-7f740e42c000 r-xp 00000000 08:01 528842                     /lib/x86_64-linux-gnu/libz.so.1.2.8
7f740e42c000-7f740e62b000 ---p 00019000 08:01 528842                     /lib/x86_64-linux-gnu/libz.so.1.2.8
7f740e62b000-7f740e62c000 r--p 00018000 08:01 528842                     /lib/x86_64-linux-gnu/libz.so.1.2.8
7f740e62c000-7f740e62d000 rw-p 00019000 08:01 528842                     /lib/x86_64-linux-gnu/libz.so.1.2.8
7f740e62d000-7f740e7ec000 r-xp 00000000 08:01 528651                     /lib/x86_64-linux-gnu/libc-2.23.so
7f740e7ec000-7f740e9ec000 ---p 001bf000 08:01 528651                     /lib/x86_64-linux-gnu/libc-2.23.so
7f740e9ec000-7f740e9f0000 r--p 001bf000 08:01 528651                     /lib/x86_64-linux-gnu/libc-2.23.so
7f740e9f0000-7f740e9f2000 rw-p 001c3000 08:01 528651                     /lib/x86_64-linux-gnu/libc-2.23.so
7f740e9f2000-7f740e9f6000 rw-p 00000000 00:00 0 
7f740e9f6000-7f740ea04000 r-xp 00000000 08:01 669334                     /usr/lib/jvm/java-9-openjdk-amd64/lib/amd64/jli/libjli.so
7f740ea04000-7f740ec03000 ---p 0000e000 08:01 669334                     /usr/lib/jvm/java-9-openjdk-amd64/lib/amd64/jli/libjli.so
7f740ec03000-7f740ec04000 r--p 0000d000 08:01 669334                     /usr/lib/jvm/java-9-openjdk-amd64/lib/amd64/jli/libjli.so
7f740ec04000-7f740ec05000 rw-p 0000e000 08:01 669334                     /usr/lib/jvm/java-9-openjdk-amd64/lib/amd64/jli/libjli.so
7f740ec05000-7f740ec2b000 r-xp 00000000 08:01 528623                     /lib/x86_64-linux-gnu/ld-2.23.so
7f740ec2b000-7f740ec2d000 r--s 00000000 08:06 784218                     /var/cache/fontconfig/6e6b34ae150a7ad95e82fb4a522f0bda-le64.cache-6
7f740ec2d000-7f740ec2f000 r--s 00000000 08:06 784211                     /var/cache/fontconfig/43bfe21a9e1edebcf703d79ee2950b06-le64.cache-6
7f740ec2f000-7f740ec32000 r--s 00000000 08:06 784209                     /var/cache/fontconfig/c19b55eb3b4c5b40ea175e31682068a5-le64.cache-6
7f740ec32000-7f740ec36000 r--s 00000000 08:06 784207                     /var/cache/fontconfig/3629f2adf904f9a612908891fae71ceb-le64.cache-6
7f740ec36000-7f740ec39000 r--s 00000000 08:06 784206                     /var/cache/fontconfig/de83a0a961185c8bd1f159015d56c039-le64.cache-6
7f740ec39000-7f740ec5a000 r--s 00000000 08:06 783823                     /var/cache/fontconfig/467c019e582ee353435ea5c21d137ef6-le64.cache-6
7f740ec5a000-7f740ec80000 r--p 00000000 08:01 932798                     /usr/share/locale-langpack/fr/LC_MESSAGES/libc.mo
7f740ec80000-7f740ecfd000 rw-p 00000000 00:00 0 
7f740ecfd000-7f740ed01000 ---p 00000000 00:00 0 
7f740ed01000-7f740ee03000 rw-p 00000000 00:00 0 
7f740ee03000-7f740ee04000 r--s 00000000 08:06 784217                     /var/cache/fontconfig/3334a778d104e76d188e9df399bc24d2-le64.cache-6
7f740ee04000-7f740ee05000 r--s 00000000 08:06 784208                     /var/cache/fontconfig/c277e94e32b20404286a1ddafa5a80f0-le64.cache-6
7f740ee05000-7f740ee0a000 r--s 00000000 08:06 784247                     /var/cache/fontconfig/7ef2298fde41cc6eeb7af42e48b7d293-le64.cache-6
7f740ee0a000-7f740ee0b000 r--s 00000000 08:06 784246                     /var/cache/fontconfig/e0aa53bcfa504e64f87823c16bc01eb6-le64.cache-6
7f740ee0b000-7f740ee12000 r--s 00000000 08:01 787082                     /usr/lib/x86_64-linux-gnu/gconv/gconv-modules.cache
7f740ee12000-7f740ee17000 rw-p 00000000 00:00 0 
7f740ee17000-7f740ee1e000 ---p 00000000 00:00 0 
7f740ee1e000-7f740ee26000 rw-s 00000000 08:01 1973735                    /tmp/hsperfdata_joseph/7841
7f740ee26000-7f740ee27000 rw-p 00000000 00:00 0 
7f740ee27000-7f740ee28000 r--p 00000000 00:00 0 
7f740ee28000-7f740ee2a000 rw-p 00000000 00:00 0 
7f740ee2a000-7f740ee2b000 r--p 00025000 08:01 528623                     /lib/x86_64-linux-gnu/ld-2.23.so
7f740ee2b000-7f740ee2c000 rw-p 00026000 08:01 528623                     /lib/x86_64-linux-gnu/ld-2.23.so
7f740ee2c000-7f740ee2d000 rw-p 00000000 00:00 0 
7ffcbc81f000-7ffcbc840000 rw-p 00000000 00:00 0                          [stack]
7ffcbc95d000-7ffcbc95f000 r--p 00000000 00:00 0                          [vvar]
7ffcbc95f000-7ffcbc961000 r-xp 00000000 00:00 0                          [vdso]
ffffffffff600000-ffffffffff601000 r-xp 00000000 00:00 0                  [vsyscall]

VM Arguments:
java_command: panda.jar
java_class_path (initial): panda.jar
Launcher Type: SUN_STANDARD

Environment Variables:
PATH=/home/joseph/bin:/home/joseph/.local/bin:/usr/local/sbin:/usr/local/bin:/usr/sbin:/usr/bin:/sbin:/bin:/usr/games:/usr/local/games
USERNAME=joseph
SHELL=/bin/bash
DISPLAY=:0.0

Signal Handlers:
SIGSEGV: [libjvm.so+0xc12c20], sa_mask[0]=11111111011111111101111111111110, sa_flags=SA_RESTART|SA_SIGINFO
SIGBUS: [libjvm.so+0xc12c20], sa_mask[0]=11111111011111111101111111111110, sa_flags=SA_RESTART|SA_SIGINFO
SIGFPE: [libjvm.so+0xc12c20], sa_mask[0]=11111111011111111101111111111110, sa_flags=SA_RESTART|SA_SIGINFO
SIGPIPE: [libjvm.so+0xa3b600], sa_mask[0]=11111111011111111101111111111110, sa_flags=SA_RESTART|SA_SIGINFO
SIGXFSZ: [libjvm.so+0xa3b600], sa_mask[0]=11111111011111111101111111111110, sa_flags=SA_RESTART|SA_SIGINFO
SIGILL: [libjvm.so+0xc12c20], sa_mask[0]=11111111011111111101111111111110, sa_flags=SA_RESTART|SA_SIGINFO
SIGUSR2: [libjvm.so+0xa3b4a0], sa_mask[0]=00000000000000000000000000000000, sa_flags=SA_RESTART|SA_SIGINFO
SIGHUP: [libjvm.so+0xa3b870], sa_mask[0]=11111111011111111101111111111110, sa_flags=SA_RESTART|SA_SIGINFO
SIGINT: [libjvm.so+0xa3b870], sa_mask[0]=11111111011111111101111111111110, sa_flags=SA_RESTART|SA_SIGINFO
SIGTERM: [libjvm.so+0xa3b870], sa_mask[0]=11111111011111111101111111111110, sa_flags=SA_RESTART|SA_SIGINFO
SIGQUIT: [libjvm.so+0xa3b870], sa_mask[0]=11111111011111111101111111111110, sa_flags=SA_RESTART|SA_SIGINFO


---------------  S Y S T E M  ---------------

OS:DISTRIB_ID=LinuxMint
DISTRIB_RELEASE=18.1
DISTRIB_CODENAME=serena
DISTRIB_DESCRIPTION="Linux Mint 18.1 Serena"
uname:Linux 4.4.0-65-generic #86-Ubuntu SMP Thu Feb 23 17:49:58 UTC 2017 x86_64
libc:glibc 2.23 NPTL 2.23 
rlimit: STACK 8192k, CORE 0k, NPROC 31624, NOFILE 65536, AS infinity
load average:0,49 0,31 0,44

/proc/meminfo:
MemTotal:        8138796 kB
MemFree:         4583452 kB
MemAvailable:    6585072 kB
Buffers:          149976 kB
Cached:          1885540 kB
SwapCached:            0 kB
Active:          2553368 kB
Inactive:         601716 kB
Active(anon):    1120512 kB
Inactive(anon):    21460 kB
Active(file):    1432856 kB
Inactive(file):   580256 kB
Unevictable:           0 kB
Mlocked:               0 kB
SwapTotal:       4883452 kB
SwapFree:        4883452 kB
Dirty:                60 kB
Writeback:             0 kB
AnonPages:       1119572 kB
Mapped:           254936 kB
Shmem:             22424 kB
Slab:             327976 kB
SReclaimable:     297488 kB
SUnreclaim:        30488 kB
KernelStack:        6592 kB
PageTables:        26520 kB
NFS_Unstable:          0 kB
Bounce:                0 kB
WritebackTmp:          0 kB
CommitLimit:     8952848 kB
Committed_AS:    2208160 kB
VmallocTotal:   34359738367 kB
VmallocUsed:           0 kB
VmallocChunk:          0 kB
HardwareCorrupted:     0 kB
AnonHugePages:    569344 kB
CmaTotal:              0 kB
CmaFree:               0 kB
HugePages_Total:       0
HugePages_Free:        0
HugePages_Rsvd:        0
HugePages_Surp:        0
Hugepagesize:       2048 kB
DirectMap4k:       92724 kB
DirectMap2M:     1968128 kB
DirectMap1G:     6291456 kB


CPU:total 4 (2 cores per cpu, 2 threads per core) family 6 model 94 stepping 3, cmov, cx8, fxsr, mmx, sse, sse2, sse3, ssse3, sse4.1, sse4.2, popcnt, avx, avx2, aes, clmul, erms, 3dnowpref, lzcnt, ht, tsc, tscinvbit, bmi1, bmi2, adx

CPU Model and flags from /proc/cpuinfo:
model name	: Intel(R) Core(TM) i3-6100 CPU @ 3.70GHz
flags		: fpu vme de pse tsc msr pae mce cx8 apic sep mtrr pge mca cmov pat pse36 clflush dts acpi mmx fxsr sse sse2 ss ht tm pbe syscall nx pdpe1gb rdtscp lm constant_tsc art arch_perfmon pebs bts rep_good nopl xtopology nonstop_tsc aperfmperf eagerfpu pni pclmulqdq dtes64 monitor ds_cpl vmx est tm2 ssse3 sdbg fma cx16 xtpr pdcm pcid sse4_1 sse4_2 x2apic movbe popcnt tsc_deadline_timer aes xsave avx f16c rdrand lahf_lm abm 3dnowprefetch intel_pt tpr_shadow vnmi flexpriority ept vpid fsgsbase tsc_adjust bmi1 avx2 smep bmi2 erms invpcid mpx rdseed adx smap clflushopt xsaveopt xsavec xgetbv1 dtherm arat pln pts hwp hwp_notify hwp_act_window hwp_epp

Memory: 4k page, physical 8138796k(4583452k free), swap 4883452k(4883452k free)

vm_info: OpenJDK 64-Bit Server VM (9-internal+0-2016-04-14-195246.buildd.src) for linux-amd64 JRE (9-internal+0-2016-04-14-195246.buildd.src), built on Apr 14 2016 20:05:37 by "buildd" with gcc 5.3.1 20160413

END.
